<?xml version="1.0" encoding="UTF-8"?>
<testsuite xmlns:xsi="http://www.w3.org/2001/XMLSchema-instance" xsi:noNamespaceSchemaLocation="https://maven.apache.org/surefire/maven-surefire-plugin/xsd/surefire-test-report-3.0.xsd" version="3.0" name="com.aril.arilbatchsdk.service.BatchAsyncJobLauncherServiceTest" time="5.181" tests="15" errors="0" skipped="0" failures="0">
  <properties>
[...]
</properties>
  <testcase name="asyncBatchControllerToExcelCall" classname="com.aril.arilbatchsdk.service.BatchAsyncJobLauncherServiceTest" time="1.359">
    <system-out><![CDATA[
  .   ____          _            __ _ _
 /\\ / ___'_ __ _ _(_)_ __  __ _ \ \ \ \
( ( )\___ | '_ | '_| | '_ \/ _` | \ \ \ \
 \\/  ___)| |_)| | | | | || (_| |  ) ) ) )
  '  |____| .__|_| |_|_| |_\__, | / / / /
 =========|_|==============|___/=/_/_/_/
 :: Spring Boot ::                (v3.2.3)

2025-01-31T23:09:38.023+03:00  INFO 45121 --- [           main] c.a.a.s.BatchAsyncJobLauncherServiceTest : Starting BatchAsyncJobLauncherServiceTest using Java 21 with PID 45121 (started by senolatac in /Users/senolatac/Documents/projects/aril-batch-sdk)
2025-01-31T23:09:38.023+03:00  INFO 45121 --- [           main] c.a.a.s.BatchAsyncJobLauncherServiceTest : No active profile set, falling back to 1 default profile: "default"
2025-01-31T23:09:38.131+03:00  INFO 45121 --- [           main] .s.d.r.c.RepositoryConfigurationDelegate : Multiple Spring Data modules found, entering strict repository configuration mode
2025-01-31T23:09:38.131+03:00  INFO 45121 --- [           main] .s.d.r.c.RepositoryConfigurationDelegate : Bootstrapping Spring Data Redis repositories in DEFAULT mode.
2025-01-31T23:09:38.133+03:00  INFO 45121 --- [           main] .s.d.r.c.RepositoryConfigurationDelegate : Finished Spring Data repository scanning in 1 ms. Found 0 Redis repository interfaces.
2025-01-31T23:09:38.209+03:00  INFO 45121 --- [           main] .s.d.r.c.RepositoryConfigurationDelegate : Multiple Spring Data modules found, entering strict repository configuration mode
2025-01-31T23:09:38.209+03:00  INFO 45121 --- [           main] .s.d.r.c.RepositoryConfigurationDelegate : Bootstrapping Spring Data JPA repositories in DEFAULT mode.
2025-01-31T23:09:38.230+03:00  INFO 45121 --- [           main] .s.d.r.c.RepositoryConfigurationDelegate : Finished Spring Data repository scanning in 21 ms. Found 5 JPA repository interfaces.
2025-01-31T23:09:38.235+03:00  INFO 45121 --- [           main] .s.d.r.c.RepositoryConfigurationDelegate : Multiple Spring Data modules found, entering strict repository configuration mode
2025-01-31T23:09:38.235+03:00  INFO 45121 --- [           main] .s.d.r.c.RepositoryConfigurationDelegate : Bootstrapping Spring Data Redis repositories in DEFAULT mode.
2025-01-31T23:09:38.241+03:00  INFO 45121 --- [           main] .RepositoryConfigurationExtensionSupport : Spring Data Redis - Could not safely identify store assignment for repository candidate interface com.aril.arilbatchsdk.testadapter.repository.BookRepository; If you want this repository to be a Redis repository, consider annotating your entities with one of these annotations: org.springframework.data.redis.core.RedisHash (preferred), or consider extending one of the following types with your repository: org.springframework.data.keyvalue.repository.KeyValueRepository
2025-01-31T23:09:38.241+03:00  INFO 45121 --- [           main] .RepositoryConfigurationExtensionSupport : Spring Data Redis - Could not safely identify store assignment for repository candidate interface com.aril.arilbatchsdk.repository.BatchJobConsumerTrackerRepository; If you want this repository to be a Redis repository, consider annotating your entities with one of these annotations: org.springframework.data.redis.core.RedisHash (preferred), or consider extending one of the following types with your repository: org.springframework.data.keyvalue.repository.KeyValueRepository
2025-01-31T23:09:38.242+03:00  INFO 45121 --- [           main] .RepositoryConfigurationExtensionSupport : Spring Data Redis - Could not safely identify store assignment for repository candidate interface com.aril.arilbatchsdk.repository.BatchJobItemResultRepository; If you want this repository to be a Redis repository, consider annotating your entities with one of these annotations: org.springframework.data.redis.core.RedisHash (preferred), or consider extending one of the following types with your repository: org.springframework.data.keyvalue.repository.KeyValueRepository
2025-01-31T23:09:38.242+03:00  INFO 45121 --- [           main] .RepositoryConfigurationExtensionSupport : Spring Data Redis - Could not safely identify store assignment for repository candidate interface com.aril.arilbatchsdk.repository.BatchJobResultSummaryRepository; If you want this repository to be a Redis repository, consider annotating your entities with one of these annotations: org.springframework.data.redis.core.RedisHash (preferred), or consider extending one of the following types with your repository: org.springframework.data.keyvalue.repository.KeyValueRepository
2025-01-31T23:09:38.242+03:00  INFO 45121 --- [           main] .RepositoryConfigurationExtensionSupport : Spring Data Redis - Could not safely identify store assignment for repository candidate interface com.aril.arilbatchsdk.repository.BatchJobSummaryRepository; If you want this repository to be a Redis repository, consider annotating your entities with one of these annotations: org.springframework.data.redis.core.RedisHash (preferred), or consider extending one of the following types with your repository: org.springframework.data.keyvalue.repository.KeyValueRepository
2025-01-31T23:09:38.242+03:00  INFO 45121 --- [           main] .s.d.r.c.RepositoryConfigurationDelegate : Finished Spring Data repository scanning in 6 ms. Found 0 Redis repository interfaces.
2025-01-31T23:09:38.279+03:00  INFO 45121 --- [           main] o.s.cloud.context.scope.GenericScope     : BeanFactory id=5b6709dd-cc25-3c40-8f47-7aca0c39cb14
2025-01-31T23:09:38.541+03:00  WARN 45121 --- [           main] trationDelegate$BeanPostProcessorChecker : Bean 'org.springframework.cloud.commons.config.CommonsConfigAutoConfiguration' of type [org.springframework.cloud.commons.config.CommonsConfigAutoConfiguration] is not eligible for getting processed by all BeanPostProcessors (for example: not eligible for auto-proxying). Is this bean getting eagerly injected into a currently created BeanPostProcessor [jobRegistryBeanPostProcessor]? Check the corresponding BeanPostProcessor declaration and its dependencies.
2025-01-31T23:09:38.542+03:00  WARN 45121 --- [           main] trationDelegate$BeanPostProcessorChecker : Bean 'org.springframework.cloud.client.loadbalancer.LoadBalancerDefaultMappingsProviderAutoConfiguration' of type [org.springframework.cloud.client.loadbalancer.LoadBalancerDefaultMappingsProviderAutoConfiguration] is not eligible for getting processed by all BeanPostProcessors (for example: not eligible for auto-proxying). Is this bean getting eagerly injected into a currently created BeanPostProcessor [jobRegistryBeanPostProcessor]? Check the corresponding BeanPostProcessor declaration and its dependencies.
2025-01-31T23:09:38.542+03:00  WARN 45121 --- [           main] trationDelegate$BeanPostProcessorChecker : Bean 'loadBalancerClientsDefaultsMappingsProvider' of type [org.springframework.cloud.client.loadbalancer.LoadBalancerDefaultMappingsProviderAutoConfiguration$$Lambda/0x000000c001dc0910] is not eligible for getting processed by all BeanPostProcessors (for example: not eligible for auto-proxying). Is this bean getting eagerly injected into a currently created BeanPostProcessor [jobRegistryBeanPostProcessor]? Check the corresponding BeanPostProcessor declaration and its dependencies.
2025-01-31T23:09:38.542+03:00  WARN 45121 --- [           main] trationDelegate$BeanPostProcessorChecker : Bean 'defaultsBindHandlerAdvisor' of type [org.springframework.cloud.commons.config.DefaultsBindHandlerAdvisor] is not eligible for getting processed by all BeanPostProcessors (for example: not eligible for auto-proxying). Is this bean getting eagerly injected into a currently created BeanPostProcessor [jobRegistryBeanPostProcessor]? Check the corresponding BeanPostProcessor declaration and its dependencies.
2025-01-31T23:09:38.544+03:00  WARN 45121 --- [           main] trationDelegate$BeanPostProcessorChecker : Bean 'aril.batch-com.aril.arilbatchsdk.config.ArilBatchProperties' of type [com.aril.arilbatchsdk.config.ArilBatchProperties] is not eligible for getting processed by all BeanPostProcessors (for example: not eligible for auto-proxying). Is this bean getting eagerly injected into a currently created BeanPostProcessor [jobRegistryBeanPostProcessor]? Check the corresponding BeanPostProcessor declaration and its dependencies.
2025-01-31T23:09:38.545+03:00  WARN 45121 --- [           main] trationDelegate$BeanPostProcessorChecker : Bean 'arilJobConfiguration' of type [com.aril.arilbatchsdk.config.ArilJobConfiguration$$SpringCGLIB$$0] is not eligible for getting processed by all BeanPostProcessors (for example: not eligible for auto-proxying). The currently created BeanPostProcessor [jobRegistryBeanPostProcessor] is declared through a non-static factory method on that class; consider declaring it as static instead.
2025-01-31T23:09:38.545+03:00  WARN 45121 --- [           main] trationDelegate$BeanPostProcessorChecker : Bean 'jobRegistry' of type [org.springframework.batch.core.configuration.support.MapJobRegistry] is not eligible for getting processed by all BeanPostProcessors (for example: not eligible for auto-proxying). Is this bean getting eagerly injected into a currently created BeanPostProcessor [jobRegistryBeanPostProcessor]? Check the corresponding BeanPostProcessor declaration and its dependencies.
2025-01-31T23:09:38.547+03:00  INFO 45121 --- [           main] o.s.j.d.e.EmbeddedDatabaseFactory        : Starting embedded database: url='jdbc:h2:mem:testdb;DB_CLOSE_DELAY=-1;DB_CLOSE_ON_EXIT=false', username='sa'
2025-01-31T23:09:38.575+03:00  INFO 45121 --- [           main] o.hibernate.jpa.internal.util.LogHelper  : HHH000204: Processing PersistenceUnitInfo [name: default]
2025-01-31T23:09:38.576+03:00  INFO 45121 --- [           main] o.h.c.internal.RegionFactoryInitiator    : HHH000026: Second-level cache disabled
2025-01-31T23:09:38.579+03:00  INFO 45121 --- [           main] o.s.o.j.p.SpringPersistenceUnitInfo      : No LoadTimeWeaver setup: ignoring JPA class transformer
2025-01-31T23:09:38.650+03:00  INFO 45121 --- [           main] o.h.e.t.j.p.i.JtaPlatformInitiator       : HHH000489: No JTA platform available (set 'hibernate.transaction.jta.platform' to enable JTA platform integration)
2025-01-31T23:09:38.659+03:00  INFO 45121 --- [           main] j.LocalContainerEntityManagerFactoryBean : Initialized JPA EntityManagerFactory for persistence unit 'default'
2025-01-31T23:09:38.778+03:00  INFO 45121 --- [           main] org.redisson.Version                     : Redisson 3.27.2
2025-01-31T23:09:38.819+03:00  WARN 45121 --- [           main] JpaBaseConfiguration$JpaWebConfiguration : spring.jpa.open-in-view is enabled by default. Therefore, database queries may be performed during view rendering. Explicitly configure spring.jpa.open-in-view to disable this warning
2025-01-31T23:09:38.938+03:00  INFO 45121 --- [           main] c.a.a.s.BatchAsyncJobLauncherServiceTest : Started BatchAsyncJobLauncherServiceTest in 0.93 seconds (process running for 10.789)
2025-01-31T23:09:39.141+03:00  INFO 45121 --- [           main] c.a.a.service.BaseJobLauncherTest        : Job started with id: 1 and paramId: test-controller-to-excel-async
2025-01-31T23:09:39.141+03:00  INFO 45121 --- [cTaskExecutor-1] o.s.b.c.l.support.SimpleJobLauncher      : Job: [SimpleJob: [name=jobForControllerToExcelJob]] launched with the following parameters: [{'inputParamId':'{value=test-controller-to-excel-async, type=class java.lang.String, identifying=true}','inputParam':'{value=com.aril.arilbatchsdk.core.parameter.support.BatchJobParameterWrapper@40667af5, type=class com.aril.arilbatchsdk.core.parameter.support.BatchJobParameterWrapper, identifying=false}','jobExportFolder':'{value=2025/01/31, type=class java.lang.String, identifying=false}'}]
2025-01-31T23:09:39.164+03:00  WARN 45121 --- [cTaskExecutor-1] o.s.b.c.l.AbstractListenerFactoryBean    : org.springframework.batch.item.ItemProcessor is an interface. The implementing class will not be queried for annotation based listener configurations. If using @StepScope on a @Bean method, be sure to return the implementing class so listener annotations can be used.
2025-01-31T23:09:39.174+03:00  INFO 45121 --- [cTaskExecutor-1] o.s.batch.core.job.SimpleStepHandler     : Executing step: [chunkStepForControllerToExcelJob]
2025-01-31T23:09:39.931+03:00  INFO 45121 --- [cTaskExecutor-1] c.a.a.t.controller.BookController        : Request came with page-request: com.aril.valhala.application.Pager@249b955f
2025-01-31T23:09:39.954+03:00  INFO 45121 --- [cTaskExecutor-1] c.a.a.t.controller.BookController        : Request came with page-request: com.aril.valhala.application.Pager@2eec7f94
2025-01-31T23:09:39.958+03:00  INFO 45121 --- [cTaskExecutor-1] c.a.a.t.controller.BookController        : Request came with page-request: com.aril.valhala.application.Pager@1aa934bd
2025-01-31T23:09:39.962+03:00  INFO 45121 --- [cTaskExecutor-1] c.a.a.t.controller.BookController        : Request came with page-request: com.aril.valhala.application.Pager@73a427a3
2025-01-31T23:09:39.970+03:00  INFO 45121 --- [cTaskExecutor-1] c.a.a.t.controller.BookController        : Request came with page-request: com.aril.valhala.application.Pager@1e5c15ee
2025-01-31T23:09:39.973+03:00  INFO 45121 --- [cTaskExecutor-1] c.a.a.t.controller.BookController        : Request came with page-request: com.aril.valhala.application.Pager@7a28dc0e
2025-01-31T23:09:39.977+03:00  INFO 45121 --- [cTaskExecutor-1] c.a.a.t.controller.BookController        : Request came with page-request: com.aril.valhala.application.Pager@2e926a95
2025-01-31T23:09:39.980+03:00  INFO 45121 --- [cTaskExecutor-1] c.a.a.t.controller.BookController        : Request came with page-request: com.aril.valhala.application.Pager@209526fd
2025-01-31T23:09:39.983+03:00  INFO 45121 --- [cTaskExecutor-1] c.a.a.t.controller.BookController        : Request came with page-request: com.aril.valhala.application.Pager@14041810
2025-01-31T23:09:39.986+03:00  INFO 45121 --- [cTaskExecutor-1] c.a.a.t.controller.BookController        : Request came with page-request: com.aril.valhala.application.Pager@1353b225
2025-01-31T23:09:39.989+03:00  INFO 45121 --- [cTaskExecutor-1] c.a.a.t.controller.BookController        : Request came with page-request: com.aril.valhala.application.Pager@60617a88
2025-01-31T23:09:39.992+03:00  INFO 45121 --- [cTaskExecutor-1] c.a.a.t.controller.BookController        : Request came with page-request: com.aril.valhala.application.Pager@5bf2b924
2025-01-31T23:09:39.995+03:00  INFO 45121 --- [cTaskExecutor-1] c.a.a.t.controller.BookController        : Request came with page-request: com.aril.valhala.application.Pager@5e9f1bce
2025-01-31T23:09:39.998+03:00  INFO 45121 --- [cTaskExecutor-1] c.a.a.t.controller.BookController        : Request came with page-request: com.aril.valhala.application.Pager@7532f616
2025-01-31T23:09:40.002+03:00  INFO 45121 --- [cTaskExecutor-1] c.a.a.t.controller.BookController        : Request came with page-request: com.aril.valhala.application.Pager@17c9f3b2
2025-01-31T23:09:40.005+03:00  INFO 45121 --- [cTaskExecutor-1] c.a.a.t.controller.BookController        : Request came with page-request: com.aril.valhala.application.Pager@5ed7cb9f
2025-01-31T23:09:40.008+03:00  INFO 45121 --- [cTaskExecutor-1] c.a.a.t.controller.BookController        : Request came with page-request: com.aril.valhala.application.Pager@6ca0ff8f
2025-01-31T23:09:40.011+03:00  INFO 45121 --- [cTaskExecutor-1] c.a.a.t.controller.BookController        : Request came with page-request: com.aril.valhala.application.Pager@417fbe12
2025-01-31T23:09:40.014+03:00  INFO 45121 --- [cTaskExecutor-1] c.a.a.t.controller.BookController        : Request came with page-request: com.aril.valhala.application.Pager@3636b863
2025-01-31T23:09:40.018+03:00  INFO 45121 --- [cTaskExecutor-1] c.a.a.t.controller.BookController        : Request came with page-request: com.aril.valhala.application.Pager@7ff55222
2025-01-31T23:09:40.021+03:00  INFO 45121 --- [cTaskExecutor-1] c.a.a.t.controller.BookController        : Request came with page-request: com.aril.valhala.application.Pager@72271e4b
2025-01-31T23:09:40.024+03:00  INFO 45121 --- [cTaskExecutor-1] c.a.a.t.controller.BookController        : Request came with page-request: com.aril.valhala.application.Pager@6d328f2d
2025-01-31T23:09:40.027+03:00  INFO 45121 --- [cTaskExecutor-1] c.a.a.t.controller.BookController        : Request came with page-request: com.aril.valhala.application.Pager@40b20466
2025-01-31T23:09:40.030+03:00  INFO 45121 --- [cTaskExecutor-1] c.a.a.t.controller.BookController        : Request came with page-request: com.aril.valhala.application.Pager@4ee01767
2025-01-31T23:09:40.033+03:00  INFO 45121 --- [cTaskExecutor-1] c.a.a.t.controller.BookController        : Request came with page-request: com.aril.valhala.application.Pager@54c91f98
2025-01-31T23:09:40.036+03:00  INFO 45121 --- [cTaskExecutor-1] c.a.a.t.controller.BookController        : Request came with page-request: com.aril.valhala.application.Pager@1d85272
2025-01-31T23:09:40.039+03:00  INFO 45121 --- [cTaskExecutor-1] c.a.a.t.controller.BookController        : Request came with page-request: com.aril.valhala.application.Pager@744f3217
2025-01-31T23:09:40.041+03:00  INFO 45121 --- [cTaskExecutor-1] c.a.a.t.controller.BookController        : Request came with page-request: com.aril.valhala.application.Pager@68b55533
2025-01-31T23:09:40.044+03:00  INFO 45121 --- [cTaskExecutor-1] c.a.a.t.controller.BookController        : Request came with page-request: com.aril.valhala.application.Pager@7d41fdfa
2025-01-31T23:09:40.047+03:00  INFO 45121 --- [cTaskExecutor-1] c.a.a.t.controller.BookController        : Request came with page-request: com.aril.valhala.application.Pager@31046049
2025-01-31T23:09:40.050+03:00  INFO 45121 --- [cTaskExecutor-1] c.a.a.t.controller.BookController        : Request came with page-request: com.aril.valhala.application.Pager@1994f170
2025-01-31T23:09:40.053+03:00  INFO 45121 --- [cTaskExecutor-1] c.a.a.t.controller.BookController        : Request came with page-request: com.aril.valhala.application.Pager@100e9f16
2025-01-31T23:09:40.056+03:00  INFO 45121 --- [cTaskExecutor-1] c.a.a.t.controller.BookController        : Request came with page-request: com.aril.valhala.application.Pager@337b3ad9
2025-01-31T23:09:40.068+03:00  INFO 45121 --- [cTaskExecutor-1] o.s.batch.core.step.AbstractStep         : Step: [chunkStepForControllerToExcelJob] executed in 893ms
2025-01-31T23:09:40.208+03:00  INFO 45121 --- [cTaskExecutor-1] o.s.batch.core.job.SimpleStepHandler     : Executing step: [fileUploaderForControllerToExcelJob]
2025-01-31T23:09:40.212+03:00  INFO 45121 --- [cTaskExecutor-1] o.s.batch.core.step.AbstractStep         : Step: [fileUploaderForControllerToExcelJob] executed in 3ms
2025-01-31T23:09:40.216+03:00  INFO 45121 --- [cTaskExecutor-1] o.s.batch.core.job.SimpleStepHandler     : Executing step: [tmpFileDeleteForControllerToExcelJob]
2025-01-31T23:09:40.219+03:00  INFO 45121 --- [cTaskExecutor-1] o.s.batch.core.step.AbstractStep         : Step: [tmpFileDeleteForControllerToExcelJob] executed in 2ms
2025-01-31T23:09:40.222+03:00  INFO 45121 --- [cTaskExecutor-1] o.s.batch.core.job.SimpleStepHandler     : Executing step: [logStepForControllerToExcelJob]
2025-01-31T23:09:40.227+03:00  INFO 45121 --- [cTaskExecutor-1] o.s.batch.core.step.AbstractStep         : Step: [logStepForControllerToExcelJob] executed in 4ms
2025-01-31T23:09:40.229+03:00  INFO 45121 --- [cTaskExecutor-1] c.a.a.t.s.JobExecutionListenerService    : JobExecutionListener notified with new status: COMPLETED
2025-01-31T23:09:40.231+03:00  INFO 45121 --- [cTaskExecutor-1] o.s.b.c.l.support.SimpleJobLauncher      : Job: [SimpleJob: [name=jobForControllerToExcelJob]] completed with the following parameters: [{'inputParamId':'{value=test-controller-to-excel-async, type=class java.lang.String, identifying=true}','inputParam':'{value=com.aril.arilbatchsdk.core.parameter.support.BatchJobParameterWrapper@40667af5, type=class com.aril.arilbatchsdk.core.parameter.support.BatchJobParameterWrapper, identifying=false}','jobExportFolder':'{value=2025/01/31, type=class java.lang.String, identifying=false}'}] and the following status: [COMPLETED] in 1s81ms
2025-01-31T23:09:40.300+03:00  INFO 45121 --- [           main] c.a.a.service.BaseJobLauncherTest        : StepExecution details with name: chunkStepForControllerToExcelJob read: 97 write: 97 skip: 0
2025-01-31T23:09:40.300+03:00  INFO 45121 --- [           main] c.a.a.service.BaseJobLauncherTest        : StepExecution details with name: fileUploaderForControllerToExcelJob read: 0 write: 0 skip: 0
2025-01-31T23:09:40.300+03:00  INFO 45121 --- [           main] c.a.a.service.BaseJobLauncherTest        : StepExecution details with name: tmpFileDeleteForControllerToExcelJob read: 0 write: 0 skip: 0
2025-01-31T23:09:40.300+03:00  INFO 45121 --- [           main] c.a.a.service.BaseJobLauncherTest        : StepExecution details with name: logStepForControllerToExcelJob read: 0 write: 0 skip: 0
2025-01-31T23:09:40.300+03:00  INFO 45121 --- [           main] c.a.a.service.BaseJobLauncherTest        : Job export-url is test-controller-to-excel-async
]]></system-out>
  </testcase>
  <testcase name="asyncBatchServiceToKafkaCall" classname="com.aril.arilbatchsdk.service.BatchAsyncJobLauncherServiceTest" time="0.325">
    <system-out><![CDATA[2025-01-31T23:09:40.432+03:00  INFO 45121 --- [           main] c.a.a.service.BaseJobLauncherTest        : Job started with id: 2 and paramId: test-service-to-kafka-async
2025-01-31T23:09:40.432+03:00  INFO 45121 --- [cTaskExecutor-2] o.s.b.c.l.support.SimpleJobLauncher      : Job: [SimpleJob: [name=jobForServiceToKafkaJob]] launched with the following parameters: [{'inputParamId':'{value=test-service-to-kafka-async, type=class java.lang.String, identifying=true}','inputParam':'{value=com.aril.arilbatchsdk.core.parameter.support.BatchJobParameterWrapper@446b692a, type=class com.aril.arilbatchsdk.core.parameter.support.BatchJobParameterWrapper, identifying=false}'}]
2025-01-31T23:09:40.440+03:00  WARN 45121 --- [cTaskExecutor-2] o.s.b.c.l.AbstractListenerFactoryBean    : org.springframework.batch.item.ItemProcessor is an interface. The implementing class will not be queried for annotation based listener configurations. If using @StepScope on a @Bean method, be sure to return the implementing class so listener annotations can be used.
2025-01-31T23:09:40.443+03:00  WARN 45121 --- [cTaskExecutor-2] o.s.b.c.l.AbstractListenerFactoryBean    : org.springframework.batch.item.ItemProcessor is an interface. The implementing class will not be queried for annotation based listener configurations. If using @StepScope on a @Bean method, be sure to return the implementing class so listener annotations can be used.
2025-01-31T23:09:40.451+03:00  INFO 45121 --- [cTaskExecutor-2] o.s.batch.core.job.SimpleStepHandler     : Executing step: [chunkStepForServiceToKafkaJob]
2025-01-31T23:09:40.459+03:00  INFO 45121 --- [cTaskExecutor-2] c.a.a.t.service.BookReaderService        : Request came with page-request: Page request [number: 0, size 3, sort: UNSORTED]
2025-01-31T23:09:40.470+03:00  INFO 45121 --- [cTaskExecutor-2] c.a.a.t.service.BookReaderService        : Request came with page-request: Page request [number: 1, size 3, sort: UNSORTED]
2025-01-31T23:09:40.473+03:00  INFO 45121 --- [cTaskExecutor-2] c.a.a.t.service.BookReaderService        : Request came with page-request: Page request [number: 2, size 3, sort: UNSORTED]
2025-01-31T23:09:40.476+03:00  INFO 45121 --- [cTaskExecutor-2] c.a.a.t.service.BookReaderService        : Request came with page-request: Page request [number: 3, size 3, sort: UNSORTED]
2025-01-31T23:09:40.479+03:00  INFO 45121 --- [cTaskExecutor-2] c.a.a.t.service.BookReaderService        : Request came with page-request: Page request [number: 4, size 3, sort: UNSORTED]
2025-01-31T23:09:40.482+03:00  INFO 45121 --- [cTaskExecutor-2] c.a.a.t.service.BookReaderService        : Request came with page-request: Page request [number: 5, size 3, sort: UNSORTED]
2025-01-31T23:09:40.485+03:00  INFO 45121 --- [cTaskExecutor-2] c.a.a.t.service.BookReaderService        : Request came with page-request: Page request [number: 6, size 3, sort: UNSORTED]
2025-01-31T23:09:40.488+03:00  INFO 45121 --- [cTaskExecutor-2] c.a.a.t.service.BookReaderService        : Request came with page-request: Page request [number: 7, size 3, sort: UNSORTED]
2025-01-31T23:09:40.490+03:00  INFO 45121 --- [cTaskExecutor-2] c.a.a.t.service.BookReaderService        : Request came with page-request: Page request [number: 8, size 3, sort: UNSORTED]
2025-01-31T23:09:40.493+03:00  INFO 45121 --- [cTaskExecutor-2] c.a.a.t.service.BookReaderService        : Request came with page-request: Page request [number: 9, size 3, sort: UNSORTED]
2025-01-31T23:09:40.495+03:00  INFO 45121 --- [cTaskExecutor-2] c.a.a.t.service.BookReaderService        : Request came with page-request: Page request [number: 10, size 3, sort: UNSORTED]
2025-01-31T23:09:40.499+03:00  INFO 45121 --- [cTaskExecutor-2] c.a.a.t.service.BookReaderService        : Request came with page-request: Page request [number: 11, size 3, sort: UNSORTED]
2025-01-31T23:09:40.502+03:00  INFO 45121 --- [cTaskExecutor-2] c.a.a.t.service.BookReaderService        : Request came with page-request: Page request [number: 12, size 3, sort: UNSORTED]
2025-01-31T23:09:40.504+03:00  INFO 45121 --- [cTaskExecutor-2] c.a.a.t.service.BookReaderService        : Request came with page-request: Page request [number: 13, size 3, sort: UNSORTED]
2025-01-31T23:09:40.507+03:00  INFO 45121 --- [cTaskExecutor-2] c.a.a.t.service.BookReaderService        : Request came with page-request: Page request [number: 14, size 3, sort: UNSORTED]
2025-01-31T23:09:40.509+03:00  INFO 45121 --- [cTaskExecutor-2] c.a.a.t.service.BookReaderService        : Request came with page-request: Page request [number: 15, size 3, sort: UNSORTED]
2025-01-31T23:09:40.512+03:00  INFO 45121 --- [cTaskExecutor-2] c.a.a.t.service.BookReaderService        : Request came with page-request: Page request [number: 16, size 3, sort: UNSORTED]
2025-01-31T23:09:40.515+03:00  INFO 45121 --- [cTaskExecutor-2] c.a.a.t.service.BookReaderService        : Request came with page-request: Page request [number: 17, size 3, sort: UNSORTED]
2025-01-31T23:09:40.518+03:00  INFO 45121 --- [cTaskExecutor-2] c.a.a.t.service.BookReaderService        : Request came with page-request: Page request [number: 18, size 3, sort: UNSORTED]
2025-01-31T23:09:40.520+03:00  INFO 45121 --- [cTaskExecutor-2] c.a.a.t.service.BookReaderService        : Request came with page-request: Page request [number: 19, size 3, sort: UNSORTED]
2025-01-31T23:09:40.523+03:00  INFO 45121 --- [cTaskExecutor-2] c.a.a.t.service.BookReaderService        : Request came with page-request: Page request [number: 20, size 3, sort: UNSORTED]
2025-01-31T23:09:40.525+03:00  INFO 45121 --- [cTaskExecutor-2] c.a.a.t.service.BookReaderService        : Request came with page-request: Page request [number: 21, size 3, sort: UNSORTED]
2025-01-31T23:09:40.528+03:00  INFO 45121 --- [cTaskExecutor-2] c.a.a.t.service.BookReaderService        : Request came with page-request: Page request [number: 22, size 3, sort: UNSORTED]
2025-01-31T23:09:40.531+03:00  INFO 45121 --- [cTaskExecutor-2] c.a.a.t.service.BookReaderService        : Request came with page-request: Page request [number: 23, size 3, sort: UNSORTED]
2025-01-31T23:09:40.534+03:00  INFO 45121 --- [cTaskExecutor-2] c.a.a.t.service.BookReaderService        : Request came with page-request: Page request [number: 24, size 3, sort: UNSORTED]
2025-01-31T23:09:40.536+03:00  INFO 45121 --- [cTaskExecutor-2] c.a.a.t.service.BookReaderService        : Request came with page-request: Page request [number: 25, size 3, sort: UNSORTED]
2025-01-31T23:09:40.538+03:00  INFO 45121 --- [cTaskExecutor-2] c.a.a.t.service.BookReaderService        : Request came with page-request: Page request [number: 26, size 3, sort: UNSORTED]
2025-01-31T23:09:40.541+03:00  INFO 45121 --- [cTaskExecutor-2] c.a.a.t.service.BookReaderService        : Request came with page-request: Page request [number: 27, size 3, sort: UNSORTED]
2025-01-31T23:09:40.543+03:00  INFO 45121 --- [cTaskExecutor-2] c.a.a.t.service.BookReaderService        : Request came with page-request: Page request [number: 28, size 3, sort: UNSORTED]
2025-01-31T23:09:40.545+03:00  INFO 45121 --- [cTaskExecutor-2] c.a.a.t.service.BookReaderService        : Request came with page-request: Page request [number: 29, size 3, sort: UNSORTED]
2025-01-31T23:09:40.548+03:00  INFO 45121 --- [cTaskExecutor-2] c.a.a.t.service.BookReaderService        : Request came with page-request: Page request [number: 30, size 3, sort: UNSORTED]
2025-01-31T23:09:40.551+03:00  INFO 45121 --- [cTaskExecutor-2] c.a.a.t.service.BookReaderService        : Request came with page-request: Page request [number: 31, size 3, sort: UNSORTED]
2025-01-31T23:09:40.553+03:00  INFO 45121 --- [cTaskExecutor-2] c.a.a.t.service.BookReaderService        : Request came with page-request: Page request [number: 32, size 3, sort: UNSORTED]
2025-01-31T23:09:40.555+03:00  INFO 45121 --- [cTaskExecutor-2] c.a.a.t.service.BookReaderService        : Request came with page-request: Page request [number: 33, size 3, sort: UNSORTED]
2025-01-31T23:09:40.560+03:00  INFO 45121 --- [cTaskExecutor-2] o.s.batch.core.step.AbstractStep         : Step: [chunkStepForServiceToKafkaJob] executed in 109ms
2025-01-31T23:09:40.564+03:00  INFO 45121 --- [cTaskExecutor-2] o.s.batch.core.job.SimpleStepHandler     : Executing step: [logStepForServiceToKafkaJob]
2025-01-31T23:09:40.574+03:00  INFO 45121 --- [cTaskExecutor-2] o.s.batch.core.step.AbstractStep         : Step: [logStepForServiceToKafkaJob] executed in 9ms
2025-01-31T23:09:40.575+03:00  INFO 45121 --- [cTaskExecutor-2] c.a.a.t.s.JobExecutionListenerService    : JobExecutionListener notified with new status: COMPLETED
2025-01-31T23:09:40.575+03:00  INFO 45121 --- [cTaskExecutor-2] o.s.b.c.l.support.SimpleJobLauncher      : Job: [SimpleJob: [name=jobForServiceToKafkaJob]] completed with the following parameters: [{'inputParamId':'{value=test-service-to-kafka-async, type=class java.lang.String, identifying=true}','inputParam':'{value=com.aril.arilbatchsdk.core.parameter.support.BatchJobParameterWrapper@446b692a, type=class com.aril.arilbatchsdk.core.parameter.support.BatchJobParameterWrapper, identifying=false}'}] and the following status: [COMPLETED] in 142ms
2025-01-31T23:09:40.645+03:00  INFO 45121 --- [           main] c.a.a.service.BaseJobLauncherTest        : StepExecution details with name: chunkStepForServiceToKafkaJob read: 100 write: 100 skip: 0
2025-01-31T23:09:40.645+03:00  INFO 45121 --- [           main] c.a.a.service.BaseJobLauncherTest        : StepExecution details with name: logStepForServiceToKafkaJob read: 0 write: 0 skip: 0
2025-01-31T23:09:40.651+03:00  INFO 45121 --- [           main] c.a.a.service.BaseJobLauncherTest        : consumer details read: 100 skip: 0 produce: 100 percentage: 30
]]></system-out>
  </testcase>
  <testcase name="asyncBatchServiceToExcelCall" classname="com.aril.arilbatchsdk.service.BatchAsyncJobLauncherServiceTest" time="0.296">
    <system-out><![CDATA[2025-01-31T23:09:40.741+03:00  INFO 45121 --- [           main] c.a.a.service.BaseJobLauncherTest        : Job started with id: 3 and paramId: test-service-to-excel-async
2025-01-31T23:09:40.741+03:00  INFO 45121 --- [cTaskExecutor-3] o.s.b.c.l.support.SimpleJobLauncher      : Job: [SimpleJob: [name=jobForServiceToExcelJob]] launched with the following parameters: [{'inputParamId':'{value=test-service-to-excel-async, type=class java.lang.String, identifying=true}','inputParam':'{value=com.aril.arilbatchsdk.core.parameter.support.BatchJobParameterWrapper@39874302, type=class com.aril.arilbatchsdk.core.parameter.support.BatchJobParameterWrapper, identifying=false}','jobExportFolder':'{value=2025/01/31, type=class java.lang.String, identifying=false}'}]
2025-01-31T23:09:40.744+03:00  WARN 45121 --- [cTaskExecutor-3] o.s.b.c.l.AbstractListenerFactoryBean    : org.springframework.batch.item.ItemProcessor is an interface. The implementing class will not be queried for annotation based listener configurations. If using @StepScope on a @Bean method, be sure to return the implementing class so listener annotations can be used.
2025-01-31T23:09:40.746+03:00  INFO 45121 --- [cTaskExecutor-3] o.s.batch.core.job.SimpleStepHandler     : Executing step: [chunkStepForServiceToExcelJob]
2025-01-31T23:09:40.755+03:00  INFO 45121 --- [cTaskExecutor-3] c.a.a.t.service.BookReaderService        : Request came with page-request: Page request [number: 0, size 3, sort: UNSORTED]
2025-01-31T23:09:40.760+03:00  INFO 45121 --- [cTaskExecutor-3] c.a.a.t.service.BookReaderService        : Request came with page-request: Page request [number: 1, size 3, sort: UNSORTED]
2025-01-31T23:09:40.762+03:00  INFO 45121 --- [cTaskExecutor-3] c.a.a.t.service.BookReaderService        : Request came with page-request: Page request [number: 2, size 3, sort: UNSORTED]
2025-01-31T23:09:40.766+03:00  INFO 45121 --- [cTaskExecutor-3] c.a.a.t.service.BookReaderService        : Request came with page-request: Page request [number: 3, size 3, sort: UNSORTED]
2025-01-31T23:09:40.768+03:00  INFO 45121 --- [cTaskExecutor-3] c.a.a.t.service.BookReaderService        : Request came with page-request: Page request [number: 4, size 3, sort: UNSORTED]
2025-01-31T23:09:40.770+03:00  INFO 45121 --- [cTaskExecutor-3] c.a.a.t.service.BookReaderService        : Request came with page-request: Page request [number: 5, size 3, sort: UNSORTED]
2025-01-31T23:09:40.774+03:00  INFO 45121 --- [cTaskExecutor-3] c.a.a.t.service.BookReaderService        : Request came with page-request: Page request [number: 6, size 3, sort: UNSORTED]
2025-01-31T23:09:40.777+03:00  INFO 45121 --- [cTaskExecutor-3] c.a.a.t.service.BookReaderService        : Request came with page-request: Page request [number: 7, size 3, sort: UNSORTED]
2025-01-31T23:09:40.783+03:00  INFO 45121 --- [cTaskExecutor-3] c.a.a.t.service.BookReaderService        : Request came with page-request: Page request [number: 8, size 3, sort: UNSORTED]
2025-01-31T23:09:40.786+03:00  INFO 45121 --- [cTaskExecutor-3] c.a.a.t.service.BookReaderService        : Request came with page-request: Page request [number: 9, size 3, sort: UNSORTED]
2025-01-31T23:09:40.789+03:00  INFO 45121 --- [cTaskExecutor-3] c.a.a.t.service.BookReaderService        : Request came with page-request: Page request [number: 10, size 3, sort: UNSORTED]
2025-01-31T23:09:40.791+03:00  INFO 45121 --- [cTaskExecutor-3] c.a.a.t.service.BookReaderService        : Request came with page-request: Page request [number: 11, size 3, sort: UNSORTED]
2025-01-31T23:09:40.792+03:00  INFO 45121 --- [cTaskExecutor-3] c.a.a.t.service.BookReaderService        : Request came with page-request: Page request [number: 12, size 3, sort: UNSORTED]
2025-01-31T23:09:40.794+03:00  INFO 45121 --- [cTaskExecutor-3] c.a.a.t.service.BookReaderService        : Request came with page-request: Page request [number: 13, size 3, sort: UNSORTED]
2025-01-31T23:09:40.797+03:00  INFO 45121 --- [cTaskExecutor-3] c.a.a.t.service.BookReaderService        : Request came with page-request: Page request [number: 14, size 3, sort: UNSORTED]
2025-01-31T23:09:40.800+03:00  INFO 45121 --- [cTaskExecutor-3] c.a.a.t.service.BookReaderService        : Request came with page-request: Page request [number: 15, size 3, sort: UNSORTED]
2025-01-31T23:09:40.802+03:00  INFO 45121 --- [cTaskExecutor-3] c.a.a.t.service.BookReaderService        : Request came with page-request: Page request [number: 16, size 3, sort: UNSORTED]
2025-01-31T23:09:40.804+03:00  INFO 45121 --- [cTaskExecutor-3] c.a.a.t.service.BookReaderService        : Request came with page-request: Page request [number: 17, size 3, sort: UNSORTED]
2025-01-31T23:09:40.806+03:00  INFO 45121 --- [cTaskExecutor-3] c.a.a.t.service.BookReaderService        : Request came with page-request: Page request [number: 18, size 3, sort: UNSORTED]
2025-01-31T23:09:40.808+03:00  INFO 45121 --- [cTaskExecutor-3] c.a.a.t.service.BookReaderService        : Request came with page-request: Page request [number: 19, size 3, sort: UNSORTED]
2025-01-31T23:09:40.810+03:00  INFO 45121 --- [cTaskExecutor-3] c.a.a.t.service.BookReaderService        : Request came with page-request: Page request [number: 20, size 3, sort: UNSORTED]
2025-01-31T23:09:40.812+03:00  INFO 45121 --- [cTaskExecutor-3] c.a.a.t.service.BookReaderService        : Request came with page-request: Page request [number: 21, size 3, sort: UNSORTED]
2025-01-31T23:09:40.816+03:00  INFO 45121 --- [cTaskExecutor-3] c.a.a.t.service.BookReaderService        : Request came with page-request: Page request [number: 22, size 3, sort: UNSORTED]
2025-01-31T23:09:40.818+03:00  INFO 45121 --- [cTaskExecutor-3] c.a.a.t.service.BookReaderService        : Request came with page-request: Page request [number: 23, size 3, sort: UNSORTED]
2025-01-31T23:09:40.820+03:00  INFO 45121 --- [cTaskExecutor-3] c.a.a.t.service.BookReaderService        : Request came with page-request: Page request [number: 24, size 3, sort: UNSORTED]
2025-01-31T23:09:40.821+03:00  INFO 45121 --- [cTaskExecutor-3] c.a.a.t.service.BookReaderService        : Request came with page-request: Page request [number: 25, size 3, sort: UNSORTED]
2025-01-31T23:09:40.823+03:00  INFO 45121 --- [cTaskExecutor-3] c.a.a.t.service.BookReaderService        : Request came with page-request: Page request [number: 26, size 3, sort: UNSORTED]
2025-01-31T23:09:40.825+03:00  INFO 45121 --- [cTaskExecutor-3] c.a.a.t.service.BookReaderService        : Request came with page-request: Page request [number: 27, size 3, sort: UNSORTED]
2025-01-31T23:09:40.827+03:00  INFO 45121 --- [cTaskExecutor-3] c.a.a.t.service.BookReaderService        : Request came with page-request: Page request [number: 28, size 3, sort: UNSORTED]
2025-01-31T23:09:40.828+03:00  INFO 45121 --- [cTaskExecutor-3] c.a.a.t.service.BookReaderService        : Request came with page-request: Page request [number: 29, size 3, sort: UNSORTED]
2025-01-31T23:09:40.831+03:00  INFO 45121 --- [cTaskExecutor-3] c.a.a.t.service.BookReaderService        : Request came with page-request: Page request [number: 30, size 3, sort: UNSORTED]
2025-01-31T23:09:40.833+03:00  INFO 45121 --- [cTaskExecutor-3] c.a.a.t.service.BookReaderService        : Request came with page-request: Page request [number: 31, size 3, sort: UNSORTED]
2025-01-31T23:09:40.835+03:00  INFO 45121 --- [cTaskExecutor-3] c.a.a.t.service.BookReaderService        : Request came with page-request: Page request [number: 32, size 3, sort: UNSORTED]
2025-01-31T23:09:40.837+03:00  INFO 45121 --- [cTaskExecutor-3] c.a.a.t.service.BookReaderService        : Request came with page-request: Page request [number: 33, size 3, sort: UNSORTED]
2025-01-31T23:09:40.841+03:00  INFO 45121 --- [cTaskExecutor-3] o.s.batch.core.step.AbstractStep         : Step: [chunkStepForServiceToExcelJob] executed in 94ms
2025-01-31T23:09:40.859+03:00  INFO 45121 --- [cTaskExecutor-3] o.s.batch.core.job.SimpleStepHandler     : Executing step: [fileUploaderForServiceToExcelJob]
2025-01-31T23:09:40.861+03:00  INFO 45121 --- [cTaskExecutor-3] o.s.batch.core.step.AbstractStep         : Step: [fileUploaderForServiceToExcelJob] executed in 1ms
2025-01-31T23:09:40.864+03:00  INFO 45121 --- [cTaskExecutor-3] o.s.batch.core.job.SimpleStepHandler     : Executing step: [tmpFileDeleteForServiceToExcelJob]
2025-01-31T23:09:40.865+03:00  INFO 45121 --- [cTaskExecutor-3] o.s.batch.core.step.AbstractStep         : Step: [tmpFileDeleteForServiceToExcelJob] executed in 1ms
2025-01-31T23:09:40.867+03:00  INFO 45121 --- [cTaskExecutor-3] o.s.batch.core.job.SimpleStepHandler     : Executing step: [logStepForServiceToExcelJob]
2025-01-31T23:09:40.871+03:00  INFO 45121 --- [cTaskExecutor-3] o.s.batch.core.step.AbstractStep         : Step: [logStepForServiceToExcelJob] executed in 3ms
2025-01-31T23:09:40.872+03:00  INFO 45121 --- [cTaskExecutor-3] c.a.a.t.s.JobExecutionListenerService    : JobExecutionListener notified with new status: COMPLETED
2025-01-31T23:09:40.872+03:00  INFO 45121 --- [cTaskExecutor-3] o.s.b.c.l.support.SimpleJobLauncher      : Job: [SimpleJob: [name=jobForServiceToExcelJob]] completed with the following parameters: [{'inputParamId':'{value=test-service-to-excel-async, type=class java.lang.String, identifying=true}','inputParam':'{value=com.aril.arilbatchsdk.core.parameter.support.BatchJobParameterWrapper@39874302, type=class com.aril.arilbatchsdk.core.parameter.support.BatchJobParameterWrapper, identifying=false}','jobExportFolder':'{value=2025/01/31, type=class java.lang.String, identifying=false}'}] and the following status: [COMPLETED] in 130ms
2025-01-31T23:09:40.955+03:00  INFO 45121 --- [           main] c.a.a.service.BaseJobLauncherTest        : StepExecution details with name: chunkStepForServiceToExcelJob read: 100 write: 100 skip: 0
2025-01-31T23:09:40.955+03:00  INFO 45121 --- [           main] c.a.a.service.BaseJobLauncherTest        : StepExecution details with name: fileUploaderForServiceToExcelJob read: 0 write: 0 skip: 0
2025-01-31T23:09:40.955+03:00  INFO 45121 --- [           main] c.a.a.service.BaseJobLauncherTest        : StepExecution details with name: tmpFileDeleteForServiceToExcelJob read: 0 write: 0 skip: 0
2025-01-31T23:09:40.955+03:00  INFO 45121 --- [           main] c.a.a.service.BaseJobLauncherTest        : StepExecution details with name: logStepForServiceToExcelJob read: 0 write: 0 skip: 0
2025-01-31T23:09:40.955+03:00  INFO 45121 --- [           main] c.a.a.service.BaseJobLauncherTest        : Job export-url is test-service-to-excel-async
]]></system-out>
  </testcase>
  <testcase name="asyncBatchDbToCsvCall" classname="com.aril.arilbatchsdk.service.BatchAsyncJobLauncherServiceTest" time="0.278">
    <system-out><![CDATA[2025-01-31T23:09:41.029+03:00  INFO 45121 --- [           main] c.a.a.service.BaseJobLauncherTest        : Job started with id: 4 and paramId: test-db-to-csv-async
2025-01-31T23:09:41.029+03:00  INFO 45121 --- [cTaskExecutor-4] o.s.b.c.l.support.SimpleJobLauncher      : Job: [SimpleJob: [name=jobForDbToCsvJob]] launched with the following parameters: [{'inputParamId':'{value=test-db-to-csv-async, type=class java.lang.String, identifying=true}','inputParam':'{value=com.aril.arilbatchsdk.core.parameter.support.BatchJobParameterWrapper@21f4585c, type=class com.aril.arilbatchsdk.core.parameter.support.BatchJobParameterWrapper, identifying=false}','jobExportFolder':'{value=2025/01/31, type=class java.lang.String, identifying=false}'}]
2025-01-31T23:09:41.032+03:00  WARN 45121 --- [cTaskExecutor-4] o.s.b.c.l.AbstractListenerFactoryBean    : org.springframework.batch.item.ItemProcessor is an interface. The implementing class will not be queried for annotation based listener configurations. If using @StepScope on a @Bean method, be sure to return the implementing class so listener annotations can be used.
2025-01-31T23:09:41.034+03:00  INFO 45121 --- [cTaskExecutor-4] o.s.batch.core.job.SimpleStepHandler     : Executing step: [chunkStepForDbToCsvJob]
2025-01-31T23:09:41.128+03:00  INFO 45121 --- [cTaskExecutor-4] o.s.batch.core.step.AbstractStep         : Step: [chunkStepForDbToCsvJob] executed in 94ms
2025-01-31T23:09:41.132+03:00  INFO 45121 --- [cTaskExecutor-4] o.s.batch.core.job.SimpleStepHandler     : Executing step: [logStepForDbToCsvJob]
2025-01-31T23:09:41.136+03:00  INFO 45121 --- [cTaskExecutor-4] o.s.batch.core.step.AbstractStep         : Step: [logStepForDbToCsvJob] executed in 3ms
2025-01-31T23:09:41.138+03:00  INFO 45121 --- [cTaskExecutor-4] o.s.batch.core.job.SimpleStepHandler     : Executing step: [fileUploaderStepForDbToCsvJob]
2025-01-31T23:09:41.140+03:00  INFO 45121 --- [cTaskExecutor-4] o.s.batch.core.step.AbstractStep         : Step: [fileUploaderStepForDbToCsvJob] executed in 1ms
2025-01-31T23:09:41.142+03:00  INFO 45121 --- [cTaskExecutor-4] o.s.batch.core.job.SimpleStepHandler     : Executing step: [tmpFileDeleteStepForDbToCsvJob]
2025-01-31T23:09:41.143+03:00  INFO 45121 --- [cTaskExecutor-4] o.s.batch.core.step.AbstractStep         : Step: [tmpFileDeleteStepForDbToCsvJob] executed in 1ms
2025-01-31T23:09:41.144+03:00  INFO 45121 --- [cTaskExecutor-4] c.a.a.t.s.JobExecutionListenerService    : JobExecutionListener notified with new status: COMPLETED
2025-01-31T23:09:41.144+03:00  INFO 45121 --- [cTaskExecutor-4] o.s.b.c.l.support.SimpleJobLauncher      : Job: [SimpleJob: [name=jobForDbToCsvJob]] completed with the following parameters: [{'inputParamId':'{value=test-db-to-csv-async, type=class java.lang.String, identifying=true}','inputParam':'{value=com.aril.arilbatchsdk.core.parameter.support.BatchJobParameterWrapper@21f4585c, type=class com.aril.arilbatchsdk.core.parameter.support.BatchJobParameterWrapper, identifying=false}','jobExportFolder':'{value=2025/01/31, type=class java.lang.String, identifying=false}'}] and the following status: [COMPLETED] in 113ms
2025-01-31T23:09:41.240+03:00  INFO 45121 --- [           main] c.a.a.service.BaseJobLauncherTest        : StepExecution details with name: chunkStepForDbToCsvJob read: 100 write: 100 skip: 0
2025-01-31T23:09:41.240+03:00  INFO 45121 --- [           main] c.a.a.service.BaseJobLauncherTest        : StepExecution details with name: logStepForDbToCsvJob read: 0 write: 0 skip: 0
2025-01-31T23:09:41.240+03:00  INFO 45121 --- [           main] c.a.a.service.BaseJobLauncherTest        : StepExecution details with name: fileUploaderStepForDbToCsvJob read: 0 write: 0 skip: 0
2025-01-31T23:09:41.240+03:00  INFO 45121 --- [           main] c.a.a.service.BaseJobLauncherTest        : StepExecution details with name: tmpFileDeleteStepForDbToCsvJob read: 0 write: 0 skip: 0
2025-01-31T23:09:41.240+03:00  INFO 45121 --- [           main] c.a.a.service.BaseJobLauncherTest        : Job export-url is test-db-to-csv-async
]]></system-out>
  </testcase>
  <testcase name="syncBatchServiceToDbCall" classname="com.aril.arilbatchsdk.service.BatchAsyncJobLauncherServiceTest" time="0.169">
    <system-out><![CDATA[2025-01-31T23:09:41.307+03:00  INFO 45121 --- [           main] c.a.a.service.BaseJobLauncherTest        : Job started with id: 5 and paramId: test-service-to-db-async
2025-01-31T23:09:41.307+03:00  INFO 45121 --- [cTaskExecutor-5] o.s.b.c.l.support.SimpleJobLauncher      : Job: [SimpleJob: [name=jobForServiceToDbJob]] launched with the following parameters: [{'inputParamId':'{value=test-service-to-db-async, type=class java.lang.String, identifying=true}','inputParam':'{value=com.aril.arilbatchsdk.core.parameter.support.BatchJobParameterWrapper@7ffaeb4d, type=class com.aril.arilbatchsdk.core.parameter.support.BatchJobParameterWrapper, identifying=false}'}]
2025-01-31T23:09:41.311+03:00  WARN 45121 --- [cTaskExecutor-5] o.s.b.c.l.AbstractListenerFactoryBean    : org.springframework.batch.item.ItemProcessor is an interface. The implementing class will not be queried for annotation based listener configurations. If using @StepScope on a @Bean method, be sure to return the implementing class so listener annotations can be used.
2025-01-31T23:09:41.312+03:00  WARN 45121 --- [cTaskExecutor-5] o.s.b.c.l.AbstractListenerFactoryBean    : org.springframework.batch.item.ItemProcessor is an interface. The implementing class will not be queried for annotation based listener configurations. If using @StepScope on a @Bean method, be sure to return the implementing class so listener annotations can be used.
2025-01-31T23:09:41.315+03:00  INFO 45121 --- [cTaskExecutor-5] o.s.batch.core.job.SimpleStepHandler     : Executing step: [chunkStepForServiceToDbJob]
2025-01-31T23:09:41.320+03:00  INFO 45121 --- [cTaskExecutor-5] c.a.a.t.service.BookReaderService        : Request came with page-request: Page request [number: 0, size 3, sort: UNSORTED]
2025-01-31T23:09:41.325+03:00  INFO 45121 --- [cTaskExecutor-5] c.a.a.t.service.BookReaderService        : Request came with page-request: Page request [number: 1, size 3, sort: UNSORTED]
2025-01-31T23:09:41.327+03:00  INFO 45121 --- [cTaskExecutor-5] c.a.a.t.service.BookReaderService        : Request came with page-request: Page request [number: 2, size 3, sort: UNSORTED]
2025-01-31T23:09:41.330+03:00  INFO 45121 --- [cTaskExecutor-5] c.a.a.t.service.BookReaderService        : Request came with page-request: Page request [number: 3, size 3, sort: UNSORTED]
2025-01-31T23:09:41.333+03:00  INFO 45121 --- [cTaskExecutor-5] c.a.a.t.service.BookReaderService        : Request came with page-request: Page request [number: 4, size 3, sort: UNSORTED]
2025-01-31T23:09:41.335+03:00  INFO 45121 --- [cTaskExecutor-5] c.a.a.t.service.BookReaderService        : Request came with page-request: Page request [number: 5, size 3, sort: UNSORTED]
2025-01-31T23:09:41.337+03:00  INFO 45121 --- [cTaskExecutor-5] c.a.a.t.service.BookReaderService        : Request came with page-request: Page request [number: 6, size 3, sort: UNSORTED]
2025-01-31T23:09:41.339+03:00  INFO 45121 --- [cTaskExecutor-5] c.a.a.t.service.BookReaderService        : Request came with page-request: Page request [number: 7, size 3, sort: UNSORTED]
2025-01-31T23:09:41.340+03:00  INFO 45121 --- [cTaskExecutor-5] c.a.a.t.service.BookReaderService        : Request came with page-request: Page request [number: 8, size 3, sort: UNSORTED]
2025-01-31T23:09:41.342+03:00  INFO 45121 --- [cTaskExecutor-5] c.a.a.t.service.BookReaderService        : Request came with page-request: Page request [number: 9, size 3, sort: UNSORTED]
2025-01-31T23:09:41.348+03:00  INFO 45121 --- [cTaskExecutor-5] c.a.a.t.service.BookReaderService        : Request came with page-request: Page request [number: 10, size 3, sort: UNSORTED]
2025-01-31T23:09:41.351+03:00  INFO 45121 --- [cTaskExecutor-5] c.a.a.t.service.BookReaderService        : Request came with page-request: Page request [number: 11, size 3, sort: UNSORTED]
2025-01-31T23:09:41.354+03:00  INFO 45121 --- [cTaskExecutor-5] c.a.a.t.service.BookReaderService        : Request came with page-request: Page request [number: 12, size 3, sort: UNSORTED]
2025-01-31T23:09:41.356+03:00  INFO 45121 --- [cTaskExecutor-5] c.a.a.t.service.BookReaderService        : Request came with page-request: Page request [number: 13, size 3, sort: UNSORTED]
2025-01-31T23:09:41.359+03:00  INFO 45121 --- [cTaskExecutor-5] c.a.a.t.service.BookReaderService        : Request came with page-request: Page request [number: 14, size 3, sort: UNSORTED]
2025-01-31T23:09:41.360+03:00  INFO 45121 --- [cTaskExecutor-5] c.a.a.t.service.BookReaderService        : Request came with page-request: Page request [number: 15, size 3, sort: UNSORTED]
2025-01-31T23:09:41.362+03:00  INFO 45121 --- [cTaskExecutor-5] c.a.a.t.service.BookReaderService        : Request came with page-request: Page request [number: 16, size 3, sort: UNSORTED]
2025-01-31T23:09:41.366+03:00  INFO 45121 --- [cTaskExecutor-5] c.a.a.t.service.BookReaderService        : Request came with page-request: Page request [number: 17, size 3, sort: UNSORTED]
2025-01-31T23:09:41.367+03:00  INFO 45121 --- [cTaskExecutor-5] c.a.a.t.service.BookReaderService        : Request came with page-request: Page request [number: 18, size 3, sort: UNSORTED]
2025-01-31T23:09:41.370+03:00  INFO 45121 --- [cTaskExecutor-5] c.a.a.t.service.BookReaderService        : Request came with page-request: Page request [number: 19, size 3, sort: UNSORTED]
2025-01-31T23:09:41.371+03:00  INFO 45121 --- [cTaskExecutor-5] c.a.a.t.service.BookReaderService        : Request came with page-request: Page request [number: 20, size 3, sort: UNSORTED]
2025-01-31T23:09:41.373+03:00  INFO 45121 --- [cTaskExecutor-5] c.a.a.t.service.BookReaderService        : Request came with page-request: Page request [number: 21, size 3, sort: UNSORTED]
2025-01-31T23:09:41.375+03:00  INFO 45121 --- [cTaskExecutor-5] c.a.a.t.service.BookReaderService        : Request came with page-request: Page request [number: 22, size 3, sort: UNSORTED]
2025-01-31T23:09:41.376+03:00  INFO 45121 --- [cTaskExecutor-5] c.a.a.t.service.BookReaderService        : Request came with page-request: Page request [number: 23, size 3, sort: UNSORTED]
2025-01-31T23:09:41.378+03:00  INFO 45121 --- [cTaskExecutor-5] c.a.a.t.service.BookReaderService        : Request came with page-request: Page request [number: 24, size 3, sort: UNSORTED]
2025-01-31T23:09:41.381+03:00  INFO 45121 --- [cTaskExecutor-5] c.a.a.t.service.BookReaderService        : Request came with page-request: Page request [number: 25, size 3, sort: UNSORTED]
2025-01-31T23:09:41.383+03:00  INFO 45121 --- [cTaskExecutor-5] c.a.a.t.service.BookReaderService        : Request came with page-request: Page request [number: 26, size 3, sort: UNSORTED]
2025-01-31T23:09:41.385+03:00  INFO 45121 --- [cTaskExecutor-5] c.a.a.t.service.BookReaderService        : Request came with page-request: Page request [number: 27, size 3, sort: UNSORTED]
2025-01-31T23:09:41.387+03:00  INFO 45121 --- [cTaskExecutor-5] c.a.a.t.service.BookReaderService        : Request came with page-request: Page request [number: 28, size 3, sort: UNSORTED]
2025-01-31T23:09:41.389+03:00  INFO 45121 --- [cTaskExecutor-5] c.a.a.t.service.BookReaderService        : Request came with page-request: Page request [number: 29, size 3, sort: UNSORTED]
2025-01-31T23:09:41.390+03:00  INFO 45121 --- [cTaskExecutor-5] c.a.a.t.service.BookReaderService        : Request came with page-request: Page request [number: 30, size 3, sort: UNSORTED]
2025-01-31T23:09:41.392+03:00  INFO 45121 --- [cTaskExecutor-5] c.a.a.t.service.BookReaderService        : Request came with page-request: Page request [number: 31, size 3, sort: UNSORTED]
2025-01-31T23:09:41.393+03:00  INFO 45121 --- [cTaskExecutor-5] c.a.a.t.service.BookReaderService        : Request came with page-request: Page request [number: 32, size 3, sort: UNSORTED]
2025-01-31T23:09:41.395+03:00  INFO 45121 --- [cTaskExecutor-5] c.a.a.t.service.BookReaderService        : Request came with page-request: Page request [number: 33, size 3, sort: UNSORTED]
2025-01-31T23:09:41.400+03:00  INFO 45121 --- [cTaskExecutor-5] o.s.batch.core.step.AbstractStep         : Step: [chunkStepForServiceToDbJob] executed in 85ms
2025-01-31T23:09:41.401+03:00  INFO 45121 --- [cTaskExecutor-5] c.a.a.t.s.JobExecutionListenerService    : JobExecutionListener notified with new status: COMPLETED
2025-01-31T23:09:41.401+03:00  INFO 45121 --- [cTaskExecutor-5] o.s.b.c.l.support.SimpleJobLauncher      : Job: [SimpleJob: [name=jobForServiceToDbJob]] completed with the following parameters: [{'inputParamId':'{value=test-service-to-db-async, type=class java.lang.String, identifying=true}','inputParam':'{value=com.aril.arilbatchsdk.core.parameter.support.BatchJobParameterWrapper@7ffaeb4d, type=class com.aril.arilbatchsdk.core.parameter.support.BatchJobParameterWrapper, identifying=false}'}] and the following status: [COMPLETED] in 92ms
2025-01-31T23:09:41.411+03:00  INFO 45121 --- [           main] c.a.a.service.BaseJobLauncherTest        : StepExecution details with name: chunkStepForServiceToDbJob read: 100 write: 100 skip: 0
]]></system-out>
  </testcase>
  <testcase name="asyncBatchExcelToKafkaCall" classname="com.aril.arilbatchsdk.service.BatchAsyncJobLauncherServiceTest" time="0.275">
    <system-out><![CDATA[2025-01-31T23:09:41.474+03:00  INFO 45121 --- [           main] c.a.a.service.BaseJobLauncherTest        : Job started with id: 6 and paramId: test-excel-to-kafka-async
2025-01-31T23:09:41.474+03:00  INFO 45121 --- [cTaskExecutor-6] o.s.b.c.l.support.SimpleJobLauncher      : Job: [SimpleJob: [name=jobForExcelToKafkaJob]] launched with the following parameters: [{'inputParamId':'{value=test-excel-to-kafka-async, type=class java.lang.String, identifying=true}','inputParam':'{value=com.aril.arilbatchsdk.core.parameter.support.BatchJobParameterWrapper@52ea1add, type=class com.aril.arilbatchsdk.core.parameter.support.BatchJobParameterWrapper, identifying=false}'}]
2025-01-31T23:09:41.477+03:00  WARN 45121 --- [cTaskExecutor-6] o.s.b.c.l.AbstractListenerFactoryBean    : org.springframework.batch.item.ItemProcessor is an interface. The implementing class will not be queried for annotation based listener configurations. If using @StepScope on a @Bean method, be sure to return the implementing class so listener annotations can be used.
2025-01-31T23:09:41.478+03:00  WARN 45121 --- [cTaskExecutor-6] o.s.b.c.l.AbstractListenerFactoryBean    : org.springframework.batch.item.ItemProcessor is an interface. The implementing class will not be queried for annotation based listener configurations. If using @StepScope on a @Bean method, be sure to return the implementing class so listener annotations can be used.
2025-01-31T23:09:41.480+03:00  INFO 45121 --- [cTaskExecutor-6] o.s.batch.core.job.SimpleStepHandler     : Executing step: [chunkStepForExcelToKafkaJob]
2025-01-31T23:09:41.630+03:00  INFO 45121 --- [cTaskExecutor-6] o.s.batch.core.step.AbstractStep         : Step: [chunkStepForExcelToKafkaJob] executed in 149ms
2025-01-31T23:09:41.632+03:00  INFO 45121 --- [cTaskExecutor-6] o.s.batch.core.job.SimpleStepHandler     : Executing step: [logStepForExcelToKafkaJob]
2025-01-31T23:09:41.636+03:00  INFO 45121 --- [cTaskExecutor-6] o.s.batch.core.step.AbstractStep         : Step: [logStepForExcelToKafkaJob] executed in 3ms
2025-01-31T23:09:41.637+03:00  INFO 45121 --- [cTaskExecutor-6] c.a.a.t.s.JobExecutionListenerService    : JobExecutionListener notified with new status: COMPLETED
2025-01-31T23:09:41.638+03:00  INFO 45121 --- [cTaskExecutor-6] o.s.b.c.l.support.SimpleJobLauncher      : Job: [SimpleJob: [name=jobForExcelToKafkaJob]] completed with the following parameters: [{'inputParamId':'{value=test-excel-to-kafka-async, type=class java.lang.String, identifying=true}','inputParam':'{value=com.aril.arilbatchsdk.core.parameter.support.BatchJobParameterWrapper@52ea1add, type=class com.aril.arilbatchsdk.core.parameter.support.BatchJobParameterWrapper, identifying=false}'}] and the following status: [COMPLETED] in 162ms
2025-01-31T23:09:41.683+03:00  INFO 45121 --- [           main] c.a.a.service.BaseJobLauncherTest        : StepExecution details with name: chunkStepForExcelToKafkaJob read: 100 write: 100 skip: 0
2025-01-31T23:09:41.684+03:00  INFO 45121 --- [           main] c.a.a.service.BaseJobLauncherTest        : StepExecution details with name: logStepForExcelToKafkaJob read: 0 write: 0 skip: 0
2025-01-31T23:09:41.688+03:00  INFO 45121 --- [           main] c.a.a.service.BaseJobLauncherTest        : consumer details read: 100 skip: 0 produce: 100 percentage: 30
]]></system-out>
  </testcase>
  <testcase name="asyncBatchCsvToServiceCall" classname="com.aril.arilbatchsdk.service.BatchAsyncJobLauncherServiceTest" time="0.158">
    <system-out><![CDATA[2025-01-31T23:09:41.743+03:00  INFO 45121 --- [           main] c.a.a.service.BaseJobLauncherTest        : Job started with id: 7 and paramId: test-csv-to-service-async
2025-01-31T23:09:41.743+03:00  INFO 45121 --- [cTaskExecutor-7] o.s.b.c.l.support.SimpleJobLauncher      : Job: [SimpleJob: [name=jobForCsvToServiceJob]] launched with the following parameters: [{'inputParamId':'{value=test-csv-to-service-async, type=class java.lang.String, identifying=true}','inputParam':'{value=com.aril.arilbatchsdk.core.parameter.support.BatchJobParameterWrapper@e586699, type=class com.aril.arilbatchsdk.core.parameter.support.BatchJobParameterWrapper, identifying=false}','jobExportFolder':'{value=2025/01/31, type=class java.lang.String, identifying=false}'}]
2025-01-31T23:09:41.748+03:00  WARN 45121 --- [cTaskExecutor-7] o.s.b.c.l.AbstractListenerFactoryBean    : org.springframework.batch.item.ItemProcessor is an interface. The implementing class will not be queried for annotation based listener configurations. If using @StepScope on a @Bean method, be sure to return the implementing class so listener annotations can be used.
2025-01-31T23:09:41.749+03:00  WARN 45121 --- [cTaskExecutor-7] o.s.b.c.l.AbstractListenerFactoryBean    : org.springframework.batch.item.ItemProcessor is an interface. The implementing class will not be queried for annotation based listener configurations. If using @StepScope on a @Bean method, be sure to return the implementing class so listener annotations can be used.
2025-01-31T23:09:41.750+03:00  INFO 45121 --- [cTaskExecutor-7] o.s.batch.core.job.SimpleStepHandler     : Executing step: [chunkStepForCsvToServiceJob]
2025-01-31T23:09:41.797+03:00  INFO 45121 --- [cTaskExecutor-7] o.s.batch.core.step.AbstractStep         : Step: [chunkStepForCsvToServiceJob] executed in 46ms
2025-01-31T23:09:41.798+03:00  INFO 45121 --- [cTaskExecutor-7] c.a.a.t.s.JobExecutionListenerService    : JobExecutionListener notified with new status: COMPLETED
2025-01-31T23:09:41.798+03:00  INFO 45121 --- [cTaskExecutor-7] o.s.b.c.l.support.SimpleJobLauncher      : Job: [SimpleJob: [name=jobForCsvToServiceJob]] completed with the following parameters: [{'inputParamId':'{value=test-csv-to-service-async, type=class java.lang.String, identifying=true}','inputParam':'{value=com.aril.arilbatchsdk.core.parameter.support.BatchJobParameterWrapper@e586699, type=class com.aril.arilbatchsdk.core.parameter.support.BatchJobParameterWrapper, identifying=false}','jobExportFolder':'{value=2025/01/31, type=class java.lang.String, identifying=false}'}] and the following status: [COMPLETED] in 54ms
2025-01-31T23:09:41.850+03:00  INFO 45121 --- [           main] c.a.a.service.BaseJobLauncherTest        : StepExecution details with name: chunkStepForCsvToServiceJob read: 100 write: 100 skip: 0
]]></system-out>
  </testcase>
  <testcase name="asyncBatchCsvToDbCall" classname="com.aril.arilbatchsdk.service.BatchAsyncJobLauncherServiceTest" time="0.154">
    <system-out><![CDATA[2025-01-31T23:09:41.897+03:00  INFO 45121 --- [           main] c.a.a.service.BaseJobLauncherTest        : Job started with id: 8 and paramId: test-csv-to-db-async
2025-01-31T23:09:41.897+03:00  INFO 45121 --- [cTaskExecutor-8] o.s.b.c.l.support.SimpleJobLauncher      : Job: [SimpleJob: [name=jobForCsvToDbJob]] launched with the following parameters: [{'inputParamId':'{value=test-csv-to-db-async, type=class java.lang.String, identifying=true}','inputParam':'{value=com.aril.arilbatchsdk.core.parameter.support.BatchJobParameterWrapper@4ab4731b, type=class com.aril.arilbatchsdk.core.parameter.support.BatchJobParameterWrapper, identifying=false}'}]
2025-01-31T23:09:41.900+03:00  WARN 45121 --- [cTaskExecutor-8] o.s.b.c.l.AbstractListenerFactoryBean    : org.springframework.batch.item.ItemProcessor is an interface. The implementing class will not be queried for annotation based listener configurations. If using @StepScope on a @Bean method, be sure to return the implementing class so listener annotations can be used.
2025-01-31T23:09:41.901+03:00  WARN 45121 --- [cTaskExecutor-8] o.s.b.c.l.AbstractListenerFactoryBean    : org.springframework.batch.item.ItemProcessor is an interface. The implementing class will not be queried for annotation based listener configurations. If using @StepScope on a @Bean method, be sure to return the implementing class so listener annotations can be used.
2025-01-31T23:09:41.902+03:00  INFO 45121 --- [cTaskExecutor-8] o.s.batch.core.job.SimpleStepHandler     : Executing step: [chunkStepForCsvToDbJob]
2025-01-31T23:09:41.951+03:00  INFO 45121 --- [cTaskExecutor-8] o.s.batch.core.step.AbstractStep         : Step: [chunkStepForCsvToDbJob] executed in 49ms
2025-01-31T23:09:41.952+03:00  INFO 45121 --- [cTaskExecutor-8] c.a.a.t.s.JobExecutionListenerService    : JobExecutionListener notified with new status: COMPLETED
2025-01-31T23:09:41.952+03:00  INFO 45121 --- [cTaskExecutor-8] o.s.b.c.l.support.SimpleJobLauncher      : Job: [SimpleJob: [name=jobForCsvToDbJob]] completed with the following parameters: [{'inputParamId':'{value=test-csv-to-db-async, type=class java.lang.String, identifying=true}','inputParam':'{value=com.aril.arilbatchsdk.core.parameter.support.BatchJobParameterWrapper@4ab4731b, type=class com.aril.arilbatchsdk.core.parameter.support.BatchJobParameterWrapper, identifying=false}'}] and the following status: [COMPLETED] in 54ms
2025-01-31T23:09:42.003+03:00  INFO 45121 --- [           main] c.a.a.service.BaseJobLauncherTest        : StepExecution details with name: chunkStepForCsvToDbJob read: 100 write: 100 skip: 0
]]></system-out>
  </testcase>
  <testcase name="asyncBatchDbToKafkaCall" classname="com.aril.arilbatchsdk.service.BatchAsyncJobLauncherServiceTest" time="0.26">
    <system-out><![CDATA[2025-01-31T23:09:42.049+03:00  INFO 45121 --- [           main] c.a.a.service.BaseJobLauncherTest        : Job started with id: 9 and paramId: test-db-to-kafka-async
2025-01-31T23:09:42.049+03:00  INFO 45121 --- [cTaskExecutor-9] o.s.b.c.l.support.SimpleJobLauncher      : Job: [SimpleJob: [name=jobForDbToKafkaJob]] launched with the following parameters: [{'inputParamId':'{value=test-db-to-kafka-async, type=class java.lang.String, identifying=true}','inputParam':'{value=com.aril.arilbatchsdk.core.parameter.support.BatchJobParameterWrapper@79574d6e, type=class com.aril.arilbatchsdk.core.parameter.support.BatchJobParameterWrapper, identifying=false}'}]
2025-01-31T23:09:42.052+03:00  WARN 45121 --- [cTaskExecutor-9] o.s.b.c.l.AbstractListenerFactoryBean    : org.springframework.batch.item.ItemProcessor is an interface. The implementing class will not be queried for annotation based listener configurations. If using @StepScope on a @Bean method, be sure to return the implementing class so listener annotations can be used.
2025-01-31T23:09:42.053+03:00  WARN 45121 --- [cTaskExecutor-9] o.s.b.c.l.AbstractListenerFactoryBean    : org.springframework.batch.item.ItemProcessor is an interface. The implementing class will not be queried for annotation based listener configurations. If using @StepScope on a @Bean method, be sure to return the implementing class so listener annotations can be used.
2025-01-31T23:09:42.054+03:00  INFO 45121 --- [cTaskExecutor-9] o.s.batch.core.job.SimpleStepHandler     : Executing step: [chunkStepForDbToKafkaJob]
2025-01-31T23:09:42.143+03:00  INFO 45121 --- [cTaskExecutor-9] o.s.batch.core.step.AbstractStep         : Step: [chunkStepForDbToKafkaJob] executed in 88ms
2025-01-31T23:09:42.147+03:00  INFO 45121 --- [cTaskExecutor-9] o.s.batch.core.job.SimpleStepHandler     : Executing step: [logStepForDbToKafkaJob]
2025-01-31T23:09:42.152+03:00  INFO 45121 --- [cTaskExecutor-9] o.s.batch.core.step.AbstractStep         : Step: [logStepForDbToKafkaJob] executed in 4ms
2025-01-31T23:09:42.154+03:00  INFO 45121 --- [cTaskExecutor-9] c.a.a.t.s.JobExecutionListenerService    : JobExecutionListener notified with new status: COMPLETED
2025-01-31T23:09:42.154+03:00  INFO 45121 --- [cTaskExecutor-9] o.s.b.c.l.support.SimpleJobLauncher      : Job: [SimpleJob: [name=jobForDbToKafkaJob]] completed with the following parameters: [{'inputParamId':'{value=test-db-to-kafka-async, type=class java.lang.String, identifying=true}','inputParam':'{value=com.aril.arilbatchsdk.core.parameter.support.BatchJobParameterWrapper@79574d6e, type=class com.aril.arilbatchsdk.core.parameter.support.BatchJobParameterWrapper, identifying=false}'}] and the following status: [COMPLETED] in 103ms
2025-01-31T23:09:42.259+03:00  INFO 45121 --- [           main] c.a.a.service.BaseJobLauncherTest        : StepExecution details with name: chunkStepForDbToKafkaJob read: 100 write: 100 skip: 0
2025-01-31T23:09:42.259+03:00  INFO 45121 --- [           main] c.a.a.service.BaseJobLauncherTest        : StepExecution details with name: logStepForDbToKafkaJob read: 0 write: 0 skip: 0
2025-01-31T23:09:42.264+03:00  INFO 45121 --- [           main] c.a.a.service.BaseJobLauncherTest        : consumer details read: 100 skip: 0 produce: 100 percentage: 30
]]></system-out>
  </testcase>
  <testcase name="asyncBatchExcelToServiceCall" classname="com.aril.arilbatchsdk.service.BatchAsyncJobLauncherServiceTest" time="0.149">
    <system-out><![CDATA[2025-01-31T23:09:42.310+03:00  INFO 45121 --- [           main] c.a.a.service.BaseJobLauncherTest        : Job started with id: 10 and paramId: test-excel-to-service-async
2025-01-31T23:09:42.310+03:00  INFO 45121 --- [TaskExecutor-10] o.s.b.c.l.support.SimpleJobLauncher      : Job: [SimpleJob: [name=jobForExcelToServiceJob]] launched with the following parameters: [{'inputParamId':'{value=test-excel-to-service-async, type=class java.lang.String, identifying=true}','inputParam':'{value=com.aril.arilbatchsdk.core.parameter.support.BatchJobParameterWrapper@3eec6ead, type=class com.aril.arilbatchsdk.core.parameter.support.BatchJobParameterWrapper, identifying=false}','jobExportFolder':'{value=2025/01/31, type=class java.lang.String, identifying=false}'}]
2025-01-31T23:09:42.313+03:00  WARN 45121 --- [TaskExecutor-10] o.s.b.c.l.AbstractListenerFactoryBean    : org.springframework.batch.item.ItemProcessor is an interface. The implementing class will not be queried for annotation based listener configurations. If using @StepScope on a @Bean method, be sure to return the implementing class so listener annotations can be used.
2025-01-31T23:09:42.314+03:00  WARN 45121 --- [TaskExecutor-10] o.s.b.c.l.AbstractListenerFactoryBean    : org.springframework.batch.item.ItemProcessor is an interface. The implementing class will not be queried for annotation based listener configurations. If using @StepScope on a @Bean method, be sure to return the implementing class so listener annotations can be used.
2025-01-31T23:09:42.315+03:00  INFO 45121 --- [TaskExecutor-10] o.s.batch.core.job.SimpleStepHandler     : Executing step: [chunkStepForExcelToServiceJob]
2025-01-31T23:09:42.335+03:00  INFO 45121 --- [TaskExecutor-10] c.a.a.t.service.BookWriterService        : item writer for id: null and extra-param: 5
2025-01-31T23:09:42.335+03:00  INFO 45121 --- [TaskExecutor-10] c.a.a.t.service.BookWriterService        : item writer for id: null and extra-param: 5
2025-01-31T23:09:42.335+03:00  INFO 45121 --- [TaskExecutor-10] c.a.a.t.service.BookWriterService        : item writer for id: null and extra-param: 5
2025-01-31T23:09:42.337+03:00  INFO 45121 --- [TaskExecutor-10] c.a.a.t.service.BookWriterService        : item writer for id: null and extra-param: 5
2025-01-31T23:09:42.337+03:00  INFO 45121 --- [TaskExecutor-10] c.a.a.t.service.BookWriterService        : item writer for id: null and extra-param: 5
2025-01-31T23:09:42.337+03:00  INFO 45121 --- [TaskExecutor-10] c.a.a.t.service.BookWriterService        : item writer for id: null and extra-param: 5
2025-01-31T23:09:42.339+03:00  INFO 45121 --- [TaskExecutor-10] c.a.a.t.service.BookWriterService        : item writer for id: null and extra-param: 5
2025-01-31T23:09:42.339+03:00  INFO 45121 --- [TaskExecutor-10] c.a.a.t.service.BookWriterService        : item writer for id: null and extra-param: 5
2025-01-31T23:09:42.339+03:00  INFO 45121 --- [TaskExecutor-10] c.a.a.t.service.BookWriterService        : item writer for id: null and extra-param: 5
2025-01-31T23:09:42.340+03:00  INFO 45121 --- [TaskExecutor-10] c.a.a.t.service.BookWriterService        : item writer for id: null and extra-param: 5
2025-01-31T23:09:42.340+03:00  INFO 45121 --- [TaskExecutor-10] c.a.a.t.service.BookWriterService        : item writer for id: null and extra-param: 5
2025-01-31T23:09:42.340+03:00  INFO 45121 --- [TaskExecutor-10] c.a.a.t.service.BookWriterService        : item writer for id: null and extra-param: 5
2025-01-31T23:09:42.341+03:00  INFO 45121 --- [TaskExecutor-10] c.a.a.t.service.BookWriterService        : item writer for id: null and extra-param: 5
2025-01-31T23:09:42.341+03:00  INFO 45121 --- [TaskExecutor-10] c.a.a.t.service.BookWriterService        : item writer for id: null and extra-param: 5
2025-01-31T23:09:42.341+03:00  INFO 45121 --- [TaskExecutor-10] c.a.a.t.service.BookWriterService        : item writer for id: null and extra-param: 5
2025-01-31T23:09:42.342+03:00  INFO 45121 --- [TaskExecutor-10] c.a.a.t.service.BookWriterService        : item writer for id: null and extra-param: 5
2025-01-31T23:09:42.342+03:00  INFO 45121 --- [TaskExecutor-10] c.a.a.t.service.BookWriterService        : item writer for id: null and extra-param: 5
2025-01-31T23:09:42.342+03:00  INFO 45121 --- [TaskExecutor-10] c.a.a.t.service.BookWriterService        : item writer for id: null and extra-param: 5
2025-01-31T23:09:42.343+03:00  INFO 45121 --- [TaskExecutor-10] c.a.a.t.service.BookWriterService        : item writer for id: null and extra-param: 5
2025-01-31T23:09:42.344+03:00  INFO 45121 --- [TaskExecutor-10] c.a.a.t.service.BookWriterService        : item writer for id: null and extra-param: 5
2025-01-31T23:09:42.344+03:00  INFO 45121 --- [TaskExecutor-10] c.a.a.t.service.BookWriterService        : item writer for id: null and extra-param: 5
2025-01-31T23:09:42.345+03:00  INFO 45121 --- [TaskExecutor-10] c.a.a.t.service.BookWriterService        : item writer for id: null and extra-param: 5
2025-01-31T23:09:42.345+03:00  INFO 45121 --- [TaskExecutor-10] c.a.a.t.service.BookWriterService        : item writer for id: null and extra-param: 5
2025-01-31T23:09:42.345+03:00  INFO 45121 --- [TaskExecutor-10] c.a.a.t.service.BookWriterService        : item writer for id: null and extra-param: 5
2025-01-31T23:09:42.348+03:00  INFO 45121 --- [TaskExecutor-10] c.a.a.t.service.BookWriterService        : item writer for id: null and extra-param: 5
2025-01-31T23:09:42.348+03:00  INFO 45121 --- [TaskExecutor-10] c.a.a.t.service.BookWriterService        : item writer for id: null and extra-param: 5
2025-01-31T23:09:42.348+03:00  INFO 45121 --- [TaskExecutor-10] c.a.a.t.service.BookWriterService        : item writer for id: null and extra-param: 5
2025-01-31T23:09:42.349+03:00  INFO 45121 --- [TaskExecutor-10] c.a.a.t.service.BookWriterService        : item writer for id: null and extra-param: 5
2025-01-31T23:09:42.349+03:00  INFO 45121 --- [TaskExecutor-10] c.a.a.t.service.BookWriterService        : item writer for id: null and extra-param: 5
2025-01-31T23:09:42.349+03:00  INFO 45121 --- [TaskExecutor-10] c.a.a.t.service.BookWriterService        : item writer for id: null and extra-param: 5
2025-01-31T23:09:42.351+03:00  INFO 45121 --- [TaskExecutor-10] c.a.a.t.service.BookWriterService        : item writer for id: null and extra-param: 5
2025-01-31T23:09:42.351+03:00  INFO 45121 --- [TaskExecutor-10] c.a.a.t.service.BookWriterService        : item writer for id: null and extra-param: 5
2025-01-31T23:09:42.351+03:00  INFO 45121 --- [TaskExecutor-10] c.a.a.t.service.BookWriterService        : item writer for id: null and extra-param: 5
2025-01-31T23:09:42.352+03:00  INFO 45121 --- [TaskExecutor-10] c.a.a.t.service.BookWriterService        : item writer for id: null and extra-param: 5
2025-01-31T23:09:42.352+03:00  INFO 45121 --- [TaskExecutor-10] c.a.a.t.service.BookWriterService        : item writer for id: null and extra-param: 5
2025-01-31T23:09:42.352+03:00  INFO 45121 --- [TaskExecutor-10] c.a.a.t.service.BookWriterService        : item writer for id: null and extra-param: 5
2025-01-31T23:09:42.353+03:00  INFO 45121 --- [TaskExecutor-10] c.a.a.t.service.BookWriterService        : item writer for id: null and extra-param: 5
2025-01-31T23:09:42.353+03:00  INFO 45121 --- [TaskExecutor-10] c.a.a.t.service.BookWriterService        : item writer for id: null and extra-param: 5
2025-01-31T23:09:42.353+03:00  INFO 45121 --- [TaskExecutor-10] c.a.a.t.service.BookWriterService        : item writer for id: null and extra-param: 5
2025-01-31T23:09:42.355+03:00  INFO 45121 --- [TaskExecutor-10] c.a.a.t.service.BookWriterService        : item writer for id: null and extra-param: 5
2025-01-31T23:09:42.355+03:00  INFO 45121 --- [TaskExecutor-10] c.a.a.t.service.BookWriterService        : item writer for id: null and extra-param: 5
2025-01-31T23:09:42.355+03:00  INFO 45121 --- [TaskExecutor-10] c.a.a.t.service.BookWriterService        : item writer for id: null and extra-param: 5
2025-01-31T23:09:42.356+03:00  INFO 45121 --- [TaskExecutor-10] c.a.a.t.service.BookWriterService        : item writer for id: null and extra-param: 5
2025-01-31T23:09:42.356+03:00  INFO 45121 --- [TaskExecutor-10] c.a.a.t.service.BookWriterService        : item writer for id: null and extra-param: 5
2025-01-31T23:09:42.356+03:00  INFO 45121 --- [TaskExecutor-10] c.a.a.t.service.BookWriterService        : item writer for id: null and extra-param: 5
2025-01-31T23:09:42.357+03:00  INFO 45121 --- [TaskExecutor-10] c.a.a.t.service.BookWriterService        : item writer for id: null and extra-param: 5
2025-01-31T23:09:42.357+03:00  INFO 45121 --- [TaskExecutor-10] c.a.a.t.service.BookWriterService        : item writer for id: null and extra-param: 5
2025-01-31T23:09:42.357+03:00  INFO 45121 --- [TaskExecutor-10] c.a.a.t.service.BookWriterService        : item writer for id: null and extra-param: 5
2025-01-31T23:09:42.358+03:00  INFO 45121 --- [TaskExecutor-10] c.a.a.t.service.BookWriterService        : item writer for id: null and extra-param: 5
2025-01-31T23:09:42.358+03:00  INFO 45121 --- [TaskExecutor-10] c.a.a.t.service.BookWriterService        : item writer for id: null and extra-param: 5
2025-01-31T23:09:42.358+03:00  INFO 45121 --- [TaskExecutor-10] c.a.a.t.service.BookWriterService        : item writer for id: null and extra-param: 5
2025-01-31T23:09:42.359+03:00  INFO 45121 --- [TaskExecutor-10] c.a.a.t.service.BookWriterService        : item writer for id: null and extra-param: 5
2025-01-31T23:09:42.359+03:00  INFO 45121 --- [TaskExecutor-10] c.a.a.t.service.BookWriterService        : item writer for id: null and extra-param: 5
2025-01-31T23:09:42.359+03:00  INFO 45121 --- [TaskExecutor-10] c.a.a.t.service.BookWriterService        : item writer for id: null and extra-param: 5
2025-01-31T23:09:42.360+03:00  INFO 45121 --- [TaskExecutor-10] c.a.a.t.service.BookWriterService        : item writer for id: null and extra-param: 5
2025-01-31T23:09:42.360+03:00  INFO 45121 --- [TaskExecutor-10] c.a.a.t.service.BookWriterService        : item writer for id: null and extra-param: 5
2025-01-31T23:09:42.360+03:00  INFO 45121 --- [TaskExecutor-10] c.a.a.t.service.BookWriterService        : item writer for id: null and extra-param: 5
2025-01-31T23:09:42.361+03:00  INFO 45121 --- [TaskExecutor-10] c.a.a.t.service.BookWriterService        : item writer for id: null and extra-param: 5
2025-01-31T23:09:42.361+03:00  INFO 45121 --- [TaskExecutor-10] c.a.a.t.service.BookWriterService        : item writer for id: null and extra-param: 5
2025-01-31T23:09:42.361+03:00  INFO 45121 --- [TaskExecutor-10] c.a.a.t.service.BookWriterService        : item writer for id: null and extra-param: 5
2025-01-31T23:09:42.362+03:00  INFO 45121 --- [TaskExecutor-10] c.a.a.t.service.BookWriterService        : item writer for id: null and extra-param: 5
2025-01-31T23:09:42.363+03:00  INFO 45121 --- [TaskExecutor-10] c.a.a.t.service.BookWriterService        : item writer for id: null and extra-param: 5
[...]
2025-01-31T23:09:42.977+03:00  INFO 45121 --- [TaskExecutor-14] c.a.a.t.s.JobExecutionListenerService    : JobExecutionListener notified with new status: COMPLETED
2025-01-31T23:09:42.977+03:00  INFO 45121 --- [TaskExecutor-14] o.s.b.c.l.support.SimpleJobLauncher      : Job: [SimpleJob: [name=jobForControllerToCsvJob]] completed with the following parameters: [{'inputParamId':'{value=test-controller-to-csv-async, type=class java.lang.String, identifying=true}','inputParam':'{value=com.aril.arilbatchsdk.core.parameter.support.BatchJobParameterWrapper@70afb90f, type=class com.aril.arilbatchsdk.core.parameter.support.BatchJobParameterWrapper, identifying=false}','jobExportFolder':'{value=2025/01/31, type=class java.lang.String, identifying=false}'}] and the following status: [COMPLETED] in 61ms
2025-01-31T23:09:43.021+03:00  INFO 45121 --- [           main] c.a.a.service.BaseJobLauncherTest        : StepExecution details with name: chunkStepForControllerToCsvJob read: 97 write: 97 skip: 0
2025-01-31T23:09:43.021+03:00  INFO 45121 --- [           main] c.a.a.service.BaseJobLauncherTest        : StepExecution details with name: fileUploaderForControllerToCsvJob read: 0 write: 0 skip: 0
2025-01-31T23:09:43.021+03:00  INFO 45121 --- [           main] c.a.a.service.BaseJobLauncherTest        : StepExecution details with name: tmpFileDeleteForControllerToCsvJob read: 0 write: 0 skip: 0
2025-01-31T23:09:43.021+03:00  INFO 45121 --- [           main] c.a.a.service.BaseJobLauncherTest        : StepExecution details with name: logStepForControllerToCsvJob read: 0 write: 0 skip: 0
2025-01-31T23:09:43.021+03:00  INFO 45121 --- [           main] c.a.a.service.BaseJobLauncherTest        : Job export-url is test-controller-to-csv-async
]]></system-out>
  </testcase>
  <testcase name="asyncBatchDbToServiceCall" classname="com.aril.arilbatchsdk.service.BatchAsyncJobLauncherServiceTest" time="0.145">
    <system-out><![CDATA[2025-01-31T23:09:43.062+03:00  INFO 45121 --- [           main] c.a.a.service.BaseJobLauncherTest        : Job started with id: 15 and paramId: test-db-to-service-async
2025-01-31T23:09:43.062+03:00  INFO 45121 --- [TaskExecutor-15] o.s.b.c.l.support.SimpleJobLauncher      : Job: [SimpleJob: [name=jobForDbToServiceJob]] launched with the following parameters: [{'inputParamId':'{value=test-db-to-service-async, type=class java.lang.String, identifying=true}','inputParam':'{value=com.aril.arilbatchsdk.core.parameter.support.BatchJobParameterWrapper@500271fc, type=class com.aril.arilbatchsdk.core.parameter.support.BatchJobParameterWrapper, identifying=false}','jobExportFolder':'{value=2025/01/31, type=class java.lang.String, identifying=false}'}]
2025-01-31T23:09:43.065+03:00  WARN 45121 --- [TaskExecutor-15] o.s.b.c.l.AbstractListenerFactoryBean    : org.springframework.batch.item.ItemProcessor is an interface. The implementing class will not be queried for annotation based listener configurations. If using @StepScope on a @Bean method, be sure to return the implementing class so listener annotations can be used.
2025-01-31T23:09:43.065+03:00  WARN 45121 --- [TaskExecutor-15] o.s.b.c.l.AbstractListenerFactoryBean    : org.springframework.batch.item.ItemProcessor is an interface. The implementing class will not be queried for annotation based listener configurations. If using @StepScope on a @Bean method, be sure to return the implementing class so listener annotations can be used.
2025-01-31T23:09:43.067+03:00  INFO 45121 --- [TaskExecutor-15] o.s.batch.core.job.SimpleStepHandler     : Executing step: [chunkStepForDbToServiceJob]
2025-01-31T23:09:43.072+03:00  INFO 45121 --- [TaskExecutor-15] c.a.a.t.service.BookWriterService        : item writer for id: 1401 and extra-param: 5
2025-01-31T23:09:43.072+03:00  INFO 45121 --- [TaskExecutor-15] c.a.a.t.service.BookWriterService        : item writer for id: 1402 and extra-param: 5
2025-01-31T23:09:43.072+03:00  INFO 45121 --- [TaskExecutor-15] c.a.a.t.service.BookWriterService        : item writer for id: 1403 and extra-param: 5
2025-01-31T23:09:43.073+03:00  INFO 45121 --- [TaskExecutor-15] c.a.a.t.service.BookWriterService        : item writer for id: 1404 and extra-param: 5
2025-01-31T23:09:43.073+03:00  INFO 45121 --- [TaskExecutor-15] c.a.a.t.service.BookWriterService        : item writer for id: 1405 and extra-param: 5
2025-01-31T23:09:43.073+03:00  INFO 45121 --- [TaskExecutor-15] c.a.a.t.service.BookWriterService        : item writer for id: 1406 and extra-param: 5
2025-01-31T23:09:43.075+03:00  INFO 45121 --- [TaskExecutor-15] c.a.a.t.service.BookWriterService        : item writer for id: 1407 and extra-param: 5
2025-01-31T23:09:43.075+03:00  INFO 45121 --- [TaskExecutor-15] c.a.a.t.service.BookWriterService        : item writer for id: 1408 and extra-param: 5
2025-01-31T23:09:43.075+03:00  INFO 45121 --- [TaskExecutor-15] c.a.a.t.service.BookWriterService        : item writer for id: 1409 and extra-param: 5
2025-01-31T23:09:43.076+03:00  INFO 45121 --- [TaskExecutor-15] c.a.a.t.service.BookWriterService        : item writer for id: 1410 and extra-param: 5
2025-01-31T23:09:43.076+03:00  INFO 45121 --- [TaskExecutor-15] c.a.a.t.service.BookWriterService        : item writer for id: 1411 and extra-param: 5
2025-01-31T23:09:43.076+03:00  INFO 45121 --- [TaskExecutor-15] c.a.a.t.service.BookWriterService        : item writer for id: 1412 and extra-param: 5
2025-01-31T23:09:43.077+03:00  INFO 45121 --- [TaskExecutor-15] c.a.a.t.service.BookWriterService        : item writer for id: 1413 and extra-param: 5
2025-01-31T23:09:43.077+03:00  INFO 45121 --- [TaskExecutor-15] c.a.a.t.service.BookWriterService        : item writer for id: 1414 and extra-param: 5
2025-01-31T23:09:43.077+03:00  INFO 45121 --- [TaskExecutor-15] c.a.a.t.service.BookWriterService        : item writer for id: 1415 and extra-param: 5
2025-01-31T23:09:43.078+03:00  INFO 45121 --- [TaskExecutor-15] c.a.a.t.service.BookWriterService        : item writer for id: 1416 and extra-param: 5
2025-01-31T23:09:43.078+03:00  INFO 45121 --- [TaskExecutor-15] c.a.a.t.service.BookWriterService        : item writer for id: 1417 and extra-param: 5
2025-01-31T23:09:43.078+03:00  INFO 45121 --- [TaskExecutor-15] c.a.a.t.service.BookWriterService        : item writer for id: 1418 and extra-param: 5
2025-01-31T23:09:43.079+03:00  INFO 45121 --- [TaskExecutor-15] c.a.a.t.service.BookWriterService        : item writer for id: 1419 and extra-param: 5
2025-01-31T23:09:43.079+03:00  INFO 45121 --- [TaskExecutor-15] c.a.a.t.service.BookWriterService        : item writer for id: 1420 and extra-param: 5
2025-01-31T23:09:43.079+03:00  INFO 45121 --- [TaskExecutor-15] c.a.a.t.service.BookWriterService        : item writer for id: 1421 and extra-param: 5
2025-01-31T23:09:43.080+03:00  INFO 45121 --- [TaskExecutor-15] c.a.a.t.service.BookWriterService        : item writer for id: 1422 and extra-param: 5
2025-01-31T23:09:43.080+03:00  INFO 45121 --- [TaskExecutor-15] c.a.a.t.service.BookWriterService        : item writer for id: 1423 and extra-param: 5
2025-01-31T23:09:43.080+03:00  INFO 45121 --- [TaskExecutor-15] c.a.a.t.service.BookWriterService        : item writer for id: 1424 and extra-param: 5
2025-01-31T23:09:43.082+03:00  INFO 45121 --- [TaskExecutor-15] c.a.a.t.service.BookWriterService        : item writer for id: 1425 and extra-param: 5
2025-01-31T23:09:43.082+03:00  INFO 45121 --- [TaskExecutor-15] c.a.a.t.service.BookWriterService        : item writer for id: 1426 and extra-param: 5
2025-01-31T23:09:43.082+03:00  INFO 45121 --- [TaskExecutor-15] c.a.a.t.service.BookWriterService        : item writer for id: 1427 and extra-param: 5
2025-01-31T23:09:43.083+03:00  INFO 45121 --- [TaskExecutor-15] c.a.a.t.service.BookWriterService        : item writer for id: 1428 and extra-param: 5
2025-01-31T23:09:43.083+03:00  INFO 45121 --- [TaskExecutor-15] c.a.a.t.service.BookWriterService        : item writer for id: 1429 and extra-param: 5
2025-01-31T23:09:43.083+03:00  INFO 45121 --- [TaskExecutor-15] c.a.a.t.service.BookWriterService        : item writer for id: 1430 and extra-param: 5
2025-01-31T23:09:43.084+03:00  INFO 45121 --- [TaskExecutor-15] c.a.a.t.service.BookWriterService        : item writer for id: 1431 and extra-param: 5
2025-01-31T23:09:43.084+03:00  INFO 45121 --- [TaskExecutor-15] c.a.a.t.service.BookWriterService        : item writer for id: 1432 and extra-param: 5
2025-01-31T23:09:43.084+03:00  INFO 45121 --- [TaskExecutor-15] c.a.a.t.service.BookWriterService        : item writer for id: 1433 and extra-param: 5
2025-01-31T23:09:43.085+03:00  INFO 45121 --- [TaskExecutor-15] c.a.a.t.service.BookWriterService        : item writer for id: 1434 and extra-param: 5
2025-01-31T23:09:43.085+03:00  INFO 45121 --- [TaskExecutor-15] c.a.a.t.service.BookWriterService        : item writer for id: 1435 and extra-param: 5
2025-01-31T23:09:43.085+03:00  INFO 45121 --- [TaskExecutor-15] c.a.a.t.service.BookWriterService        : item writer for id: 1436 and extra-param: 5
2025-01-31T23:09:43.087+03:00  INFO 45121 --- [TaskExecutor-15] c.a.a.t.service.BookWriterService        : item writer for id: 1437 and extra-param: 5
2025-01-31T23:09:43.087+03:00  INFO 45121 --- [TaskExecutor-15] c.a.a.t.service.BookWriterService        : item writer for id: 1438 and extra-param: 5
2025-01-31T23:09:43.087+03:00  INFO 45121 --- [TaskExecutor-15] c.a.a.t.service.BookWriterService        : item writer for id: 1439 and extra-param: 5
2025-01-31T23:09:43.088+03:00  INFO 45121 --- [TaskExecutor-15] c.a.a.t.service.BookWriterService        : item writer for id: 1440 and extra-param: 5
2025-01-31T23:09:43.088+03:00  INFO 45121 --- [TaskExecutor-15] c.a.a.t.service.BookWriterService        : item writer for id: 1441 and extra-param: 5
2025-01-31T23:09:43.088+03:00  INFO 45121 --- [TaskExecutor-15] c.a.a.t.service.BookWriterService        : item writer for id: 1442 and extra-param: 5
2025-01-31T23:09:43.089+03:00  INFO 45121 --- [TaskExecutor-15] c.a.a.t.service.BookWriterService        : item writer for id: 1443 and extra-param: 5
2025-01-31T23:09:43.089+03:00  INFO 45121 --- [TaskExecutor-15] c.a.a.t.service.BookWriterService        : item writer for id: 1444 and extra-param: 5
2025-01-31T23:09:43.089+03:00  INFO 45121 --- [TaskExecutor-15] c.a.a.t.service.BookWriterService        : item writer for id: 1445 and extra-param: 5
2025-01-31T23:09:43.090+03:00  INFO 45121 --- [TaskExecutor-15] c.a.a.t.service.BookWriterService        : item writer for id: 1446 and extra-param: 5
2025-01-31T23:09:43.090+03:00  INFO 45121 --- [TaskExecutor-15] c.a.a.t.service.BookWriterService        : item writer for id: 1447 and extra-param: 5
2025-01-31T23:09:43.090+03:00  INFO 45121 --- [TaskExecutor-15] c.a.a.t.service.BookWriterService        : item writer for id: 1448 and extra-param: 5
2025-01-31T23:09:43.091+03:00  INFO 45121 --- [TaskExecutor-15] c.a.a.t.service.BookWriterService        : item writer for id: 1449 and extra-param: 5
2025-01-31T23:09:43.091+03:00  INFO 45121 --- [TaskExecutor-15] c.a.a.t.service.BookWriterService        : item writer for id: 1450 and extra-param: 5
2025-01-31T23:09:43.091+03:00  INFO 45121 --- [TaskExecutor-15] c.a.a.t.service.BookWriterService        : item writer for id: 1451 and extra-param: 5
2025-01-31T23:09:43.092+03:00  INFO 45121 --- [TaskExecutor-15] c.a.a.t.service.BookWriterService        : item writer for id: 1452 and extra-param: 5
2025-01-31T23:09:43.092+03:00  INFO 45121 --- [TaskExecutor-15] c.a.a.t.service.BookWriterService        : item writer for id: 1453 and extra-param: 5
2025-01-31T23:09:43.092+03:00  INFO 45121 --- [TaskExecutor-15] c.a.a.t.service.BookWriterService        : item writer for id: 1454 and extra-param: 5
2025-01-31T23:09:43.093+03:00  INFO 45121 --- [TaskExecutor-15] c.a.a.t.service.BookWriterService        : item writer for id: 1455 and extra-param: 5
2025-01-31T23:09:43.093+03:00  INFO 45121 --- [TaskExecutor-15] c.a.a.t.service.BookWriterService        : item writer for id: 1456 and extra-param: 5
2025-01-31T23:09:43.093+03:00  INFO 45121 --- [TaskExecutor-15] c.a.a.t.service.BookWriterService        : item writer for id: 1457 and extra-param: 5
2025-01-31T23:09:43.094+03:00  INFO 45121 --- [TaskExecutor-15] c.a.a.t.service.BookWriterService        : item writer for id: 1458 and extra-param: 5
2025-01-31T23:09:43.094+03:00  INFO 45121 --- [TaskExecutor-15] c.a.a.t.service.BookWriterService        : item writer for id: 1459 and extra-param: 5
2025-01-31T23:09:43.094+03:00  INFO 45121 --- [TaskExecutor-15] c.a.a.t.service.BookWriterService        : item writer for id: 1460 and extra-param: 5
2025-01-31T23:09:43.095+03:00  INFO 45121 --- [TaskExecutor-15] c.a.a.t.service.BookWriterService        : item writer for id: 1461 and extra-param: 5
2025-01-31T23:09:43.095+03:00  INFO 45121 --- [TaskExecutor-15] c.a.a.t.service.BookWriterService        : item writer for id: 1462 and extra-param: 5
2025-01-31T23:09:43.095+03:00  INFO 45121 --- [TaskExecutor-15] c.a.a.t.service.BookWriterService        : item writer for id: 1463 and extra-param: 5
2025-01-31T23:09:43.096+03:00  INFO 45121 --- [TaskExecutor-15] c.a.a.t.service.BookWriterService        : item writer for id: 1464 and extra-param: 5
2025-01-31T23:09:43.096+03:00  INFO 45121 --- [TaskExecutor-15] c.a.a.t.service.BookWriterService        : item writer for id: 1465 and extra-param: 5
2025-01-31T23:09:43.096+03:00  INFO 45121 --- [TaskExecutor-15] c.a.a.t.service.BookWriterService        : item writer for id: 1466 and extra-param: 5
2025-01-31T23:09:43.098+03:00  INFO 45121 --- [TaskExecutor-15] c.a.a.t.service.BookWriterService        : item writer for id: 1467 and extra-param: 5
2025-01-31T23:09:43.098+03:00  INFO 45121 --- [TaskExecutor-15] c.a.a.t.service.BookWriterService        : item writer for id: 1468 and extra-param: 5
2025-01-31T23:09:43.098+03:00  INFO 45121 --- [TaskExecutor-15] c.a.a.t.service.BookWriterService        : item writer for id: 1469 and extra-param: 5
2025-01-31T23:09:43.099+03:00  INFO 45121 --- [TaskExecutor-15] c.a.a.t.service.BookWriterService        : item writer for id: 1470 and extra-param: 5
2025-01-31T23:09:43.099+03:00  INFO 45121 --- [TaskExecutor-15] c.a.a.t.service.BookWriterService        : item writer for id: 1471 and extra-param: 5
2025-01-31T23:09:43.099+03:00  INFO 45121 --- [TaskExecutor-15] c.a.a.t.service.BookWriterService        : item writer for id: 1472 and extra-param: 5
2025-01-31T23:09:43.100+03:00  INFO 45121 --- [TaskExecutor-15] c.a.a.t.service.BookWriterService        : item writer for id: 1473 and extra-param: 5
2025-01-31T23:09:43.100+03:00  INFO 45121 --- [TaskExecutor-15] c.a.a.t.service.BookWriterService        : item writer for id: 1474 and extra-param: 5
2025-01-31T23:09:43.100+03:00  INFO 45121 --- [TaskExecutor-15] c.a.a.t.service.BookWriterService        : item writer for id: 1475 and extra-param: 5
2025-01-31T23:09:43.101+03:00  INFO 45121 --- [TaskExecutor-15] c.a.a.t.service.BookWriterService        : item writer for id: 1476 and extra-param: 5
2025-01-31T23:09:43.101+03:00  INFO 45121 --- [TaskExecutor-15] c.a.a.t.service.BookWriterService        : item writer for id: 1477 and extra-param: 5
2025-01-31T23:09:43.101+03:00  INFO 45121 --- [TaskExecutor-15] c.a.a.t.service.BookWriterService        : item writer for id: 1478 and extra-param: 5
2025-01-31T23:09:43.101+03:00  INFO 45121 --- [TaskExecutor-15] c.a.a.t.service.BookWriterService        : item writer for id: 1479 and extra-param: 5
2025-01-31T23:09:43.101+03:00  INFO 45121 --- [TaskExecutor-15] c.a.a.t.service.BookWriterService        : item writer for id: 1480 and extra-param: 5
2025-01-31T23:09:43.101+03:00  INFO 45121 --- [TaskExecutor-15] c.a.a.t.service.BookWriterService        : item writer for id: 1481 and extra-param: 5
2025-01-31T23:09:43.102+03:00  INFO 45121 --- [TaskExecutor-15] c.a.a.t.service.BookWriterService        : item writer for id: 1482 and extra-param: 5
2025-01-31T23:09:43.102+03:00  INFO 45121 --- [TaskExecutor-15] c.a.a.t.service.BookWriterService        : item writer for id: 1483 and extra-param: 5
2025-01-31T23:09:43.102+03:00  INFO 45121 --- [TaskExecutor-15] c.a.a.t.service.BookWriterService        : item writer for id: 1484 and extra-param: 5
2025-01-31T23:09:43.103+03:00  INFO 45121 --- [TaskExecutor-15] c.a.a.t.service.BookWriterService        : item writer for id: 1485 and extra-param: 5
2025-01-31T23:09:43.103+03:00  INFO 45121 --- [TaskExecutor-15] c.a.a.t.service.BookWriterService        : item writer for id: 1486 and extra-param: 5
2025-01-31T23:09:43.103+03:00  INFO 45121 --- [TaskExecutor-15] c.a.a.t.service.BookWriterService        : item writer for id: 1487 and extra-param: 5
2025-01-31T23:09:43.104+03:00  INFO 45121 --- [TaskExecutor-15] c.a.a.t.service.BookWriterService        : item writer for id: 1488 and extra-param: 5
2025-01-31T23:09:43.104+03:00  INFO 45121 --- [TaskExecutor-15] c.a.a.t.service.BookWriterService        : item writer for id: 1489 and extra-param: 5
2025-01-31T23:09:43.104+03:00  INFO 45121 --- [TaskExecutor-15] c.a.a.t.service.BookWriterService        : item writer for id: 1490 and extra-param: 5
2025-01-31T23:09:43.105+03:00  INFO 45121 --- [TaskExecutor-15] c.a.a.t.service.BookWriterService        : item writer for id: 1491 and extra-param: 5
2025-01-31T23:09:43.105+03:00  INFO 45121 --- [TaskExecutor-15] c.a.a.t.service.BookWriterService        : item writer for id: 1492 and extra-param: 5
2025-01-31T23:09:43.105+03:00  INFO 45121 --- [TaskExecutor-15] c.a.a.t.service.BookWriterService        : item writer for id: 1493 and extra-param: 5
2025-01-31T23:09:43.106+03:00  INFO 45121 --- [TaskExecutor-15] c.a.a.t.service.BookWriterService        : item writer for id: 1494 and extra-param: 5
2025-01-31T23:09:43.106+03:00  INFO 45121 --- [TaskExecutor-15] c.a.a.t.service.BookWriterService        : item writer for id: 1495 and extra-param: 5
2025-01-31T23:09:43.106+03:00  INFO 45121 --- [TaskExecutor-15] c.a.a.t.service.BookWriterService        : item writer for id: 1496 and extra-param: 5
2025-01-31T23:09:43.107+03:00  INFO 45121 --- [TaskExecutor-15] c.a.a.t.service.BookWriterService        : item writer for id: 1497 and extra-param: 5
2025-01-31T23:09:43.107+03:00  INFO 45121 --- [TaskExecutor-15] c.a.a.t.service.BookWriterService        : item writer for id: 1498 and extra-param: 5
2025-01-31T23:09:43.107+03:00  INFO 45121 --- [TaskExecutor-15] c.a.a.t.service.BookWriterService        : item writer for id: 1499 and extra-param: 5
2025-01-31T23:09:43.109+03:00  INFO 45121 --- [TaskExecutor-15] c.a.a.t.service.BookWriterService        : item writer for id: 1500 and extra-param: 5
2025-01-31T23:09:43.111+03:00  INFO 45121 --- [TaskExecutor-15] o.s.batch.core.step.AbstractStep         : Step: [chunkStepForDbToServiceJob] executed in 43ms
2025-01-31T23:09:43.111+03:00  INFO 45121 --- [TaskExecutor-15] c.a.a.t.s.JobExecutionListenerService    : JobExecutionListener notified with new status: COMPLETED
2025-01-31T23:09:43.111+03:00  INFO 45121 --- [TaskExecutor-15] o.s.b.c.l.support.SimpleJobLauncher      : Job: [SimpleJob: [name=jobForDbToServiceJob]] completed with the following parameters: [{'inputParamId':'{value=test-db-to-service-async, type=class java.lang.String, identifying=true}','inputParam':'{value=com.aril.arilbatchsdk.core.parameter.support.BatchJobParameterWrapper@500271fc, type=class com.aril.arilbatchsdk.core.parameter.support.BatchJobParameterWrapper, identifying=false}','jobExportFolder':'{value=2025/01/31, type=class java.lang.String, identifying=false}'}] and the following status: [COMPLETED] in 48ms
2025-01-31T23:09:43.170+03:00  INFO 45121 --- [           main] c.a.a.service.BaseJobLauncherTest        : StepExecution details with name: chunkStepForDbToServiceJob read: 100 write: 100 skip: 0
]]></system-out>
  </testcase>
</testsuite>