<?xml version="1.0" encoding="UTF-8"?>
<testsuite xmlns:xsi="http://www.w3.org/2001/XMLSchema-instance" xsi:noNamespaceSchemaLocation="https://maven.apache.org/surefire/maven-surefire-plugin/xsd/surefire-test-report-3.0.xsd" version="3.0" name="com.aril.arilbatchsdk.service.BatchJobLauncherServiceTest" time="2.288" tests="20" errors="0" skipped="0" failures="0">
  <properties>
[...]
</properties>
  <testcase name="syncBatchServiceToKafkaCall" classname="com.aril.arilbatchsdk.service.BatchJobLauncherServiceTest" time="0.131">
    <system-out><![CDATA[2025-01-31T17:42:05.539+03:00  INFO 29191 --- [           main] o.s.b.c.l.support.SimpleJobLauncher      : Job: [SimpleJob: [name=jobForServiceToKafkaJob]] launched with the following parameters: [{'inputParamId':'{value=test-service-to-kafka-sync, type=class java.lang.String, identifying=true}','inputParam':'{value=com.aril.arilbatchsdk.core.parameter.support.BatchJobParameterWrapper@37dc4403, type=class com.aril.arilbatchsdk.core.parameter.support.BatchJobParameterWrapper, identifying=false}'}]
2025-01-31T17:42:05.541+03:00  WARN 29191 --- [           main] o.s.b.c.l.AbstractListenerFactoryBean    : org.springframework.batch.item.ItemProcessor is an interface. The implementing class will not be queried for annotation based listener configurations. If using @StepScope on a @Bean method, be sure to return the implementing class so listener annotations can be used.
2025-01-31T17:42:05.541+03:00  WARN 29191 --- [           main] o.s.b.c.l.AbstractListenerFactoryBean    : org.springframework.batch.item.ItemProcessor is an interface. The implementing class will not be queried for annotation based listener configurations. If using @StepScope on a @Bean method, be sure to return the implementing class so listener annotations can be used.
2025-01-31T17:42:05.542+03:00  INFO 29191 --- [           main] o.s.batch.core.job.SimpleStepHandler     : Executing step: [chunkStepForServiceToKafkaJob]
2025-01-31T17:42:05.545+03:00  INFO 29191 --- [           main] c.a.a.t.service.BookReaderService        : Request came with page-request: Page request [number: 0, size 3, sort: UNSORTED]
2025-01-31T17:42:05.550+03:00  INFO 29191 --- [           main] c.a.a.t.service.BookReaderService        : Request came with page-request: Page request [number: 1, size 3, sort: UNSORTED]
2025-01-31T17:42:05.553+03:00  INFO 29191 --- [           main] c.a.a.t.service.BookReaderService        : Request came with page-request: Page request [number: 2, size 3, sort: UNSORTED]
2025-01-31T17:42:05.555+03:00  INFO 29191 --- [           main] c.a.a.t.service.BookReaderService        : Request came with page-request: Page request [number: 3, size 3, sort: UNSORTED]
2025-01-31T17:42:05.557+03:00  INFO 29191 --- [           main] c.a.a.t.service.BookReaderService        : Request came with page-request: Page request [number: 4, size 3, sort: UNSORTED]
2025-01-31T17:42:05.559+03:00  INFO 29191 --- [           main] c.a.a.t.service.BookReaderService        : Request came with page-request: Page request [number: 5, size 3, sort: UNSORTED]
2025-01-31T17:42:05.560+03:00  INFO 29191 --- [           main] c.a.a.t.service.BookReaderService        : Request came with page-request: Page request [number: 6, size 3, sort: UNSORTED]
2025-01-31T17:42:05.561+03:00  INFO 29191 --- [           main] c.a.a.t.service.BookReaderService        : Request came with page-request: Page request [number: 7, size 3, sort: UNSORTED]
2025-01-31T17:42:05.565+03:00  INFO 29191 --- [           main] c.a.a.t.service.BookReaderService        : Request came with page-request: Page request [number: 8, size 3, sort: UNSORTED]
2025-01-31T17:42:05.568+03:00  INFO 29191 --- [           main] c.a.a.t.service.BookReaderService        : Request came with page-request: Page request [number: 9, size 3, sort: UNSORTED]
2025-01-31T17:42:05.569+03:00  INFO 29191 --- [           main] c.a.a.t.service.BookReaderService        : Request came with page-request: Page request [number: 10, size 3, sort: UNSORTED]
2025-01-31T17:42:05.570+03:00  INFO 29191 --- [           main] c.a.a.t.service.BookReaderService        : Request came with page-request: Page request [number: 11, size 3, sort: UNSORTED]
2025-01-31T17:42:05.572+03:00  INFO 29191 --- [           main] c.a.a.t.service.BookReaderService        : Request came with page-request: Page request [number: 12, size 3, sort: UNSORTED]
2025-01-31T17:42:05.573+03:00  INFO 29191 --- [           main] c.a.a.t.service.BookReaderService        : Request came with page-request: Page request [number: 13, size 3, sort: UNSORTED]
2025-01-31T17:42:05.575+03:00  INFO 29191 --- [           main] c.a.a.t.service.BookReaderService        : Request came with page-request: Page request [number: 14, size 3, sort: UNSORTED]
2025-01-31T17:42:05.576+03:00  INFO 29191 --- [           main] c.a.a.t.service.BookReaderService        : Request came with page-request: Page request [number: 15, size 3, sort: UNSORTED]
2025-01-31T17:42:05.577+03:00  INFO 29191 --- [           main] c.a.a.t.service.BookReaderService        : Request came with page-request: Page request [number: 16, size 3, sort: UNSORTED]
2025-01-31T17:42:05.579+03:00  INFO 29191 --- [           main] c.a.a.t.service.BookReaderService        : Request came with page-request: Page request [number: 17, size 3, sort: UNSORTED]
2025-01-31T17:42:05.581+03:00  INFO 29191 --- [           main] c.a.a.t.service.BookReaderService        : Request came with page-request: Page request [number: 18, size 3, sort: UNSORTED]
2025-01-31T17:42:05.582+03:00  INFO 29191 --- [           main] c.a.a.t.service.BookReaderService        : Request came with page-request: Page request [number: 19, size 3, sort: UNSORTED]
2025-01-31T17:42:05.584+03:00  INFO 29191 --- [           main] c.a.a.t.service.BookReaderService        : Request came with page-request: Page request [number: 20, size 3, sort: UNSORTED]
2025-01-31T17:42:05.585+03:00  INFO 29191 --- [           main] c.a.a.t.service.BookReaderService        : Request came with page-request: Page request [number: 21, size 3, sort: UNSORTED]
2025-01-31T17:42:05.586+03:00  INFO 29191 --- [           main] c.a.a.t.service.BookReaderService        : Request came with page-request: Page request [number: 22, size 3, sort: UNSORTED]
2025-01-31T17:42:05.587+03:00  INFO 29191 --- [           main] c.a.a.t.service.BookReaderService        : Request came with page-request: Page request [number: 23, size 3, sort: UNSORTED]
2025-01-31T17:42:05.588+03:00  INFO 29191 --- [           main] c.a.a.t.service.BookReaderService        : Request came with page-request: Page request [number: 24, size 3, sort: UNSORTED]
2025-01-31T17:42:05.589+03:00  INFO 29191 --- [           main] c.a.a.t.service.BookReaderService        : Request came with page-request: Page request [number: 25, size 3, sort: UNSORTED]
2025-01-31T17:42:05.590+03:00  INFO 29191 --- [           main] c.a.a.t.service.BookReaderService        : Request came with page-request: Page request [number: 26, size 3, sort: UNSORTED]
2025-01-31T17:42:05.591+03:00  INFO 29191 --- [           main] c.a.a.t.service.BookReaderService        : Request came with page-request: Page request [number: 27, size 3, sort: UNSORTED]
2025-01-31T17:42:05.592+03:00  INFO 29191 --- [           main] c.a.a.t.service.BookReaderService        : Request came with page-request: Page request [number: 28, size 3, sort: UNSORTED]
2025-01-31T17:42:05.593+03:00  INFO 29191 --- [           main] c.a.a.t.service.BookReaderService        : Request came with page-request: Page request [number: 29, size 3, sort: UNSORTED]
2025-01-31T17:42:05.594+03:00  INFO 29191 --- [           main] c.a.a.t.service.BookReaderService        : Request came with page-request: Page request [number: 30, size 3, sort: UNSORTED]
2025-01-31T17:42:05.595+03:00  INFO 29191 --- [           main] c.a.a.t.service.BookReaderService        : Request came with page-request: Page request [number: 31, size 3, sort: UNSORTED]
2025-01-31T17:42:05.596+03:00  INFO 29191 --- [           main] c.a.a.t.service.BookReaderService        : Request came with page-request: Page request [number: 32, size 3, sort: UNSORTED]
2025-01-31T17:42:05.598+03:00  INFO 29191 --- [           main] c.a.a.t.service.BookReaderService        : Request came with page-request: Page request [number: 33, size 3, sort: UNSORTED]
2025-01-31T17:42:05.615+03:00  INFO 29191 --- [           main] o.s.batch.core.step.AbstractStep         : Step: [chunkStepForServiceToKafkaJob] executed in 72ms
2025-01-31T17:42:05.618+03:00  INFO 29191 --- [           main] o.s.batch.core.job.SimpleStepHandler     : Executing step: [logStepForServiceToKafkaJob]
2025-01-31T17:42:05.622+03:00  INFO 29191 --- [           main] o.s.batch.core.step.AbstractStep         : Step: [logStepForServiceToKafkaJob] executed in 4ms
2025-01-31T17:42:05.623+03:00  INFO 29191 --- [           main] c.a.a.t.s.JobExecutionListenerService    : JobExecutionListener notified with new status: COMPLETED
2025-01-31T17:42:05.623+03:00  INFO 29191 --- [           main] o.s.b.c.l.support.SimpleJobLauncher      : Job: [SimpleJob: [name=jobForServiceToKafkaJob]] completed with the following parameters: [{'inputParamId':'{value=test-service-to-kafka-sync, type=class java.lang.String, identifying=true}','inputParam':'{value=com.aril.arilbatchsdk.core.parameter.support.BatchJobParameterWrapper@37dc4403, type=class com.aril.arilbatchsdk.core.parameter.support.BatchJobParameterWrapper, identifying=false}'}] and the following status: [COMPLETED] in 83ms
2025-01-31T17:42:05.623+03:00  INFO 29191 --- [           main] c.a.a.service.BaseJobLauncherTest        : Job started with id: 16 and paramId: test-service-to-kafka-sync
2025-01-31T17:42:05.625+03:00  INFO 29191 --- [           main] c.a.a.service.BaseJobLauncherTest        : StepExecution details with name: chunkStepForServiceToKafkaJob read: 100 write: 100 skip: 0
2025-01-31T17:42:05.625+03:00  INFO 29191 --- [           main] c.a.a.service.BaseJobLauncherTest        : StepExecution details with name: logStepForServiceToKafkaJob read: 0 write: 0 skip: 0
2025-01-31T17:42:05.627+03:00  INFO 29191 --- [           main] c.a.a.service.BaseJobLauncherTest        : consumer details read: 100 skip: 0 produce: 100 percentage: 30
]]></system-out>
  </testcase>
  <testcase name="syncBatchServiceToExcelCall" classname="com.aril.arilbatchsdk.service.BatchJobLauncherServiceTest" time="0.13">
    <system-out><![CDATA[2025-01-31T17:42:05.688+03:00  INFO 29191 --- [           main] o.s.b.c.l.support.SimpleJobLauncher      : Job: [SimpleJob: [name=jobForServiceToExcelJob]] launched with the following parameters: [{'inputParamId':'{value=test-service-to-excel-sync, type=class java.lang.String, identifying=true}','inputParam':'{value=com.aril.arilbatchsdk.core.parameter.support.BatchJobParameterWrapper@34760148, type=class com.aril.arilbatchsdk.core.parameter.support.BatchJobParameterWrapper, identifying=false}','jobExportFolder':'{value=2025/01/31, type=class java.lang.String, identifying=false}'}]
2025-01-31T17:42:05.690+03:00  WARN 29191 --- [           main] o.s.b.c.l.AbstractListenerFactoryBean    : org.springframework.batch.item.ItemProcessor is an interface. The implementing class will not be queried for annotation based listener configurations. If using @StepScope on a @Bean method, be sure to return the implementing class so listener annotations can be used.
2025-01-31T17:42:05.691+03:00  INFO 29191 --- [           main] o.s.batch.core.job.SimpleStepHandler     : Executing step: [chunkStepForServiceToExcelJob]
2025-01-31T17:42:05.698+03:00  INFO 29191 --- [           main] c.a.a.t.service.BookReaderService        : Request came with page-request: Page request [number: 0, size 3, sort: UNSORTED]
2025-01-31T17:42:05.701+03:00  INFO 29191 --- [           main] c.a.a.t.service.BookReaderService        : Request came with page-request: Page request [number: 1, size 3, sort: UNSORTED]
2025-01-31T17:42:05.703+03:00  INFO 29191 --- [           main] c.a.a.t.service.BookReaderService        : Request came with page-request: Page request [number: 2, size 3, sort: UNSORTED]
2025-01-31T17:42:05.704+03:00  INFO 29191 --- [           main] c.a.a.t.service.BookReaderService        : Request came with page-request: Page request [number: 3, size 3, sort: UNSORTED]
2025-01-31T17:42:05.705+03:00  INFO 29191 --- [           main] c.a.a.t.service.BookReaderService        : Request came with page-request: Page request [number: 4, size 3, sort: UNSORTED]
2025-01-31T17:42:05.706+03:00  INFO 29191 --- [           main] c.a.a.t.service.BookReaderService        : Request came with page-request: Page request [number: 5, size 3, sort: UNSORTED]
2025-01-31T17:42:05.707+03:00  INFO 29191 --- [           main] c.a.a.t.service.BookReaderService        : Request came with page-request: Page request [number: 6, size 3, sort: UNSORTED]
2025-01-31T17:42:05.708+03:00  INFO 29191 --- [           main] c.a.a.t.service.BookReaderService        : Request came with page-request: Page request [number: 7, size 3, sort: UNSORTED]
2025-01-31T17:42:05.709+03:00  INFO 29191 --- [           main] c.a.a.t.service.BookReaderService        : Request came with page-request: Page request [number: 8, size 3, sort: UNSORTED]
2025-01-31T17:42:05.710+03:00  INFO 29191 --- [           main] c.a.a.t.service.BookReaderService        : Request came with page-request: Page request [number: 9, size 3, sort: UNSORTED]
2025-01-31T17:42:05.711+03:00  INFO 29191 --- [           main] c.a.a.t.service.BookReaderService        : Request came with page-request: Page request [number: 10, size 3, sort: UNSORTED]
2025-01-31T17:42:05.712+03:00  INFO 29191 --- [           main] c.a.a.t.service.BookReaderService        : Request came with page-request: Page request [number: 11, size 3, sort: UNSORTED]
2025-01-31T17:42:05.713+03:00  INFO 29191 --- [           main] c.a.a.t.service.BookReaderService        : Request came with page-request: Page request [number: 12, size 3, sort: UNSORTED]
2025-01-31T17:42:05.714+03:00  INFO 29191 --- [           main] c.a.a.t.service.BookReaderService        : Request came with page-request: Page request [number: 13, size 3, sort: UNSORTED]
2025-01-31T17:42:05.715+03:00  INFO 29191 --- [           main] c.a.a.t.service.BookReaderService        : Request came with page-request: Page request [number: 14, size 3, sort: UNSORTED]
2025-01-31T17:42:05.716+03:00  INFO 29191 --- [           main] c.a.a.t.service.BookReaderService        : Request came with page-request: Page request [number: 15, size 3, sort: UNSORTED]
2025-01-31T17:42:05.717+03:00  INFO 29191 --- [           main] c.a.a.t.service.BookReaderService        : Request came with page-request: Page request [number: 16, size 3, sort: UNSORTED]
2025-01-31T17:42:05.718+03:00  INFO 29191 --- [           main] c.a.a.t.service.BookReaderService        : Request came with page-request: Page request [number: 17, size 3, sort: UNSORTED]
2025-01-31T17:42:05.719+03:00  INFO 29191 --- [           main] c.a.a.t.service.BookReaderService        : Request came with page-request: Page request [number: 18, size 3, sort: UNSORTED]
2025-01-31T17:42:05.720+03:00  INFO 29191 --- [           main] c.a.a.t.service.BookReaderService        : Request came with page-request: Page request [number: 19, size 3, sort: UNSORTED]
2025-01-31T17:42:05.721+03:00  INFO 29191 --- [           main] c.a.a.t.service.BookReaderService        : Request came with page-request: Page request [number: 20, size 3, sort: UNSORTED]
2025-01-31T17:42:05.722+03:00  INFO 29191 --- [           main] c.a.a.t.service.BookReaderService        : Request came with page-request: Page request [number: 21, size 3, sort: UNSORTED]
2025-01-31T17:42:05.723+03:00  INFO 29191 --- [           main] c.a.a.t.service.BookReaderService        : Request came with page-request: Page request [number: 22, size 3, sort: UNSORTED]
2025-01-31T17:42:05.724+03:00  INFO 29191 --- [           main] c.a.a.t.service.BookReaderService        : Request came with page-request: Page request [number: 23, size 3, sort: UNSORTED]
2025-01-31T17:42:05.725+03:00  INFO 29191 --- [           main] c.a.a.t.service.BookReaderService        : Request came with page-request: Page request [number: 24, size 3, sort: UNSORTED]
2025-01-31T17:42:05.728+03:00  INFO 29191 --- [           main] c.a.a.t.service.BookReaderService        : Request came with page-request: Page request [number: 25, size 3, sort: UNSORTED]
2025-01-31T17:42:05.730+03:00  INFO 29191 --- [           main] c.a.a.t.service.BookReaderService        : Request came with page-request: Page request [number: 26, size 3, sort: UNSORTED]
2025-01-31T17:42:05.731+03:00  INFO 29191 --- [           main] c.a.a.t.service.BookReaderService        : Request came with page-request: Page request [number: 27, size 3, sort: UNSORTED]
2025-01-31T17:42:05.733+03:00  INFO 29191 --- [           main] c.a.a.t.service.BookReaderService        : Request came with page-request: Page request [number: 28, size 3, sort: UNSORTED]
2025-01-31T17:42:05.734+03:00  INFO 29191 --- [           main] c.a.a.t.service.BookReaderService        : Request came with page-request: Page request [number: 29, size 3, sort: UNSORTED]
2025-01-31T17:42:05.735+03:00  INFO 29191 --- [           main] c.a.a.t.service.BookReaderService        : Request came with page-request: Page request [number: 30, size 3, sort: UNSORTED]
2025-01-31T17:42:05.736+03:00  INFO 29191 --- [           main] c.a.a.t.service.BookReaderService        : Request came with page-request: Page request [number: 31, size 3, sort: UNSORTED]
2025-01-31T17:42:05.737+03:00  INFO 29191 --- [           main] c.a.a.t.service.BookReaderService        : Request came with page-request: Page request [number: 32, size 3, sort: UNSORTED]
2025-01-31T17:42:05.738+03:00  INFO 29191 --- [           main] c.a.a.t.service.BookReaderService        : Request came with page-request: Page request [number: 33, size 3, sort: UNSORTED]
2025-01-31T17:42:05.740+03:00  INFO 29191 --- [           main] o.s.batch.core.step.AbstractStep         : Step: [chunkStepForServiceToExcelJob] executed in 49ms
2025-01-31T17:42:05.754+03:00  INFO 29191 --- [           main] o.s.batch.core.job.SimpleStepHandler     : Executing step: [fileUploaderForServiceToExcelJob]
2025-01-31T17:42:05.755+03:00  INFO 29191 --- [           main] o.s.batch.core.step.AbstractStep         : Step: [fileUploaderForServiceToExcelJob] executed in 
2025-01-31T17:42:05.756+03:00  INFO 29191 --- [           main] o.s.batch.core.job.SimpleStepHandler     : Executing step: [tmpFileDeleteForServiceToExcelJob]
2025-01-31T17:42:05.756+03:00  INFO 29191 --- [           main] o.s.batch.core.step.AbstractStep         : Step: [tmpFileDeleteForServiceToExcelJob] executed in 
2025-01-31T17:42:05.757+03:00  INFO 29191 --- [           main] o.s.batch.core.job.SimpleStepHandler     : Executing step: [logStepForServiceToExcelJob]
2025-01-31T17:42:05.760+03:00  INFO 29191 --- [           main] o.s.batch.core.step.AbstractStep         : Step: [logStepForServiceToExcelJob] executed in 2ms
2025-01-31T17:42:05.760+03:00  INFO 29191 --- [           main] c.a.a.t.s.JobExecutionListenerService    : JobExecutionListener notified with new status: COMPLETED
2025-01-31T17:42:05.760+03:00  INFO 29191 --- [           main] o.s.b.c.l.support.SimpleJobLauncher      : Job: [SimpleJob: [name=jobForServiceToExcelJob]] completed with the following parameters: [{'inputParamId':'{value=test-service-to-excel-sync, type=class java.lang.String, identifying=true}','inputParam':'{value=com.aril.arilbatchsdk.core.parameter.support.BatchJobParameterWrapper@34760148, type=class com.aril.arilbatchsdk.core.parameter.support.BatchJobParameterWrapper, identifying=false}','jobExportFolder':'{value=2025/01/31, type=class java.lang.String, identifying=false}'}] and the following status: [COMPLETED] in 71ms
2025-01-31T17:42:05.760+03:00  INFO 29191 --- [           main] c.a.a.service.BaseJobLauncherTest        : Job started with id: 17 and paramId: test-service-to-excel-sync
2025-01-31T17:42:05.761+03:00  INFO 29191 --- [           main] c.a.a.service.BaseJobLauncherTest        : StepExecution details with name: chunkStepForServiceToExcelJob read: 100 write: 100 skip: 0
2025-01-31T17:42:05.761+03:00  INFO 29191 --- [           main] c.a.a.service.BaseJobLauncherTest        : StepExecution details with name: fileUploaderForServiceToExcelJob read: 0 write: 0 skip: 0
2025-01-31T17:42:05.761+03:00  INFO 29191 --- [           main] c.a.a.service.BaseJobLauncherTest        : StepExecution details with name: tmpFileDeleteForServiceToExcelJob read: 0 write: 0 skip: 0
2025-01-31T17:42:05.761+03:00  INFO 29191 --- [           main] c.a.a.service.BaseJobLauncherTest        : StepExecution details with name: logStepForServiceToExcelJob read: 0 write: 0 skip: 0
2025-01-31T17:42:05.761+03:00  INFO 29191 --- [           main] c.a.a.service.BaseJobLauncherTest        : Job export-url is test-service-to-excel-sync
]]></system-out>
  </testcase>
  <testcase name="syncBatchControllerToExcelCall" classname="com.aril.arilbatchsdk.service.BatchJobLauncherServiceTest" time="0.094">
    <system-out><![CDATA[2025-01-31T17:42:05.798+03:00  INFO 29191 --- [           main] o.s.b.c.l.support.SimpleJobLauncher      : Job: [SimpleJob: [name=jobForControllerToExcelJob]] launched with the following parameters: [{'inputParamId':'{value=test-controller-to-excel-sync, type=class java.lang.String, identifying=true}','inputParam':'{value=com.aril.arilbatchsdk.core.parameter.support.BatchJobParameterWrapper@4ef695ee, type=class com.aril.arilbatchsdk.core.parameter.support.BatchJobParameterWrapper, identifying=false}','jobExportFolder':'{value=2025/01/31, type=class java.lang.String, identifying=false}'}]
2025-01-31T17:42:05.800+03:00  WARN 29191 --- [           main] o.s.b.c.l.AbstractListenerFactoryBean    : org.springframework.batch.item.ItemProcessor is an interface. The implementing class will not be queried for annotation based listener configurations. If using @StepScope on a @Bean method, be sure to return the implementing class so listener annotations can be used.
2025-01-31T17:42:05.800+03:00  INFO 29191 --- [           main] o.s.batch.core.job.SimpleStepHandler     : Executing step: [chunkStepForControllerToExcelJob]
2025-01-31T17:42:05.805+03:00  INFO 29191 --- [           main] c.a.a.t.controller.BookController        : Request came with page-request: com.aril.valhala.application.Pager@75134993
2025-01-31T17:42:05.806+03:00  INFO 29191 --- [           main] c.a.a.t.controller.BookController        : Request came with page-request: com.aril.valhala.application.Pager@12fa1dc5
2025-01-31T17:42:05.807+03:00  INFO 29191 --- [           main] c.a.a.t.controller.BookController        : Request came with page-request: com.aril.valhala.application.Pager@3f779713
2025-01-31T17:42:05.808+03:00  INFO 29191 --- [           main] c.a.a.t.controller.BookController        : Request came with page-request: com.aril.valhala.application.Pager@2d2d5c2e
2025-01-31T17:42:05.809+03:00  INFO 29191 --- [           main] c.a.a.t.controller.BookController        : Request came with page-request: com.aril.valhala.application.Pager@2c652dfc
2025-01-31T17:42:05.810+03:00  INFO 29191 --- [           main] c.a.a.t.controller.BookController        : Request came with page-request: com.aril.valhala.application.Pager@37225f90
2025-01-31T17:42:05.811+03:00  INFO 29191 --- [           main] c.a.a.t.controller.BookController        : Request came with page-request: com.aril.valhala.application.Pager@ba28cfc
2025-01-31T17:42:05.812+03:00  INFO 29191 --- [           main] c.a.a.t.controller.BookController        : Request came with page-request: com.aril.valhala.application.Pager@1f51e454
2025-01-31T17:42:05.813+03:00  INFO 29191 --- [           main] c.a.a.t.controller.BookController        : Request came with page-request: com.aril.valhala.application.Pager@498017ec
2025-01-31T17:42:05.814+03:00  INFO 29191 --- [           main] c.a.a.t.controller.BookController        : Request came with page-request: com.aril.valhala.application.Pager@7e0246e1
2025-01-31T17:42:05.814+03:00  INFO 29191 --- [           main] c.a.a.t.controller.BookController        : Request came with page-request: com.aril.valhala.application.Pager@117fbae0
2025-01-31T17:42:05.816+03:00  INFO 29191 --- [           main] c.a.a.t.controller.BookController        : Request came with page-request: com.aril.valhala.application.Pager@56e5085e
2025-01-31T17:42:05.817+03:00  INFO 29191 --- [           main] c.a.a.t.controller.BookController        : Request came with page-request: com.aril.valhala.application.Pager@91188c7
2025-01-31T17:42:05.818+03:00  INFO 29191 --- [           main] c.a.a.t.controller.BookController        : Request came with page-request: com.aril.valhala.application.Pager@6419b2f6
2025-01-31T17:42:05.819+03:00  INFO 29191 --- [           main] c.a.a.t.controller.BookController        : Request came with page-request: com.aril.valhala.application.Pager@249c0109
2025-01-31T17:42:05.820+03:00  INFO 29191 --- [           main] c.a.a.t.controller.BookController        : Request came with page-request: com.aril.valhala.application.Pager@4eba3047
2025-01-31T17:42:05.821+03:00  INFO 29191 --- [           main] c.a.a.t.controller.BookController        : Request came with page-request: com.aril.valhala.application.Pager@1b07e96a
2025-01-31T17:42:05.821+03:00  INFO 29191 --- [           main] c.a.a.t.controller.BookController        : Request came with page-request: com.aril.valhala.application.Pager@6cf07a37
2025-01-31T17:42:05.822+03:00  INFO 29191 --- [           main] c.a.a.t.controller.BookController        : Request came with page-request: com.aril.valhala.application.Pager@86a8f5
2025-01-31T17:42:05.823+03:00  INFO 29191 --- [           main] c.a.a.t.controller.BookController        : Request came with page-request: com.aril.valhala.application.Pager@2ad5ebe6
2025-01-31T17:42:05.824+03:00  INFO 29191 --- [           main] c.a.a.t.controller.BookController        : Request came with page-request: com.aril.valhala.application.Pager@5f3d6e6
2025-01-31T17:42:05.825+03:00  INFO 29191 --- [           main] c.a.a.t.controller.BookController        : Request came with page-request: com.aril.valhala.application.Pager@314ca2a7
2025-01-31T17:42:05.826+03:00  INFO 29191 --- [           main] c.a.a.t.controller.BookController        : Request came with page-request: com.aril.valhala.application.Pager@5ea7342
2025-01-31T17:42:05.827+03:00  INFO 29191 --- [           main] c.a.a.t.controller.BookController        : Request came with page-request: com.aril.valhala.application.Pager@3fe3197a
2025-01-31T17:42:05.827+03:00  INFO 29191 --- [           main] c.a.a.t.controller.BookController        : Request came with page-request: com.aril.valhala.application.Pager@7693a04a
2025-01-31T17:42:05.828+03:00  INFO 29191 --- [           main] c.a.a.t.controller.BookController        : Request came with page-request: com.aril.valhala.application.Pager@228b390
2025-01-31T17:42:05.829+03:00  INFO 29191 --- [           main] c.a.a.t.controller.BookController        : Request came with page-request: com.aril.valhala.application.Pager@7f12c3c4
2025-01-31T17:42:05.830+03:00  INFO 29191 --- [           main] c.a.a.t.controller.BookController        : Request came with page-request: com.aril.valhala.application.Pager@55a93df4
2025-01-31T17:42:05.831+03:00  INFO 29191 --- [           main] c.a.a.t.controller.BookController        : Request came with page-request: com.aril.valhala.application.Pager@76e06819
2025-01-31T17:42:05.832+03:00  INFO 29191 --- [           main] c.a.a.t.controller.BookController        : Request came with page-request: com.aril.valhala.application.Pager@3154a6ad
2025-01-31T17:42:05.833+03:00  INFO 29191 --- [           main] c.a.a.t.controller.BookController        : Request came with page-request: com.aril.valhala.application.Pager@ee50a7c
2025-01-31T17:42:05.835+03:00  INFO 29191 --- [           main] c.a.a.t.controller.BookController        : Request came with page-request: com.aril.valhala.application.Pager@56ad7ac5
2025-01-31T17:42:05.835+03:00  INFO 29191 --- [           main] c.a.a.t.controller.BookController        : Request came with page-request: com.aril.valhala.application.Pager@21da3f6f
2025-01-31T17:42:05.838+03:00  INFO 29191 --- [           main] o.s.batch.core.step.AbstractStep         : Step: [chunkStepForControllerToExcelJob] executed in 37ms
2025-01-31T17:42:05.850+03:00  INFO 29191 --- [           main] o.s.batch.core.job.SimpleStepHandler     : Executing step: [fileUploaderForControllerToExcelJob]
2025-01-31T17:42:05.851+03:00  INFO 29191 --- [           main] o.s.batch.core.step.AbstractStep         : Step: [fileUploaderForControllerToExcelJob] executed in 
2025-01-31T17:42:05.852+03:00  INFO 29191 --- [           main] o.s.batch.core.job.SimpleStepHandler     : Executing step: [tmpFileDeleteForControllerToExcelJob]
2025-01-31T17:42:05.853+03:00  INFO 29191 --- [           main] o.s.batch.core.step.AbstractStep         : Step: [tmpFileDeleteForControllerToExcelJob] executed in 
2025-01-31T17:42:05.854+03:00  INFO 29191 --- [           main] o.s.batch.core.job.SimpleStepHandler     : Executing step: [logStepForControllerToExcelJob]
2025-01-31T17:42:05.856+03:00  INFO 29191 --- [           main] o.s.batch.core.step.AbstractStep         : Step: [logStepForControllerToExcelJob] executed in 2ms
2025-01-31T17:42:05.857+03:00  INFO 29191 --- [           main] c.a.a.t.s.JobExecutionListenerService    : JobExecutionListener notified with new status: COMPLETED
2025-01-31T17:42:05.857+03:00  INFO 29191 --- [           main] o.s.b.c.l.support.SimpleJobLauncher      : Job: [SimpleJob: [name=jobForControllerToExcelJob]] completed with the following parameters: [{'inputParamId':'{value=test-controller-to-excel-sync, type=class java.lang.String, identifying=true}','inputParam':'{value=com.aril.arilbatchsdk.core.parameter.support.BatchJobParameterWrapper@4ef695ee, type=class com.aril.arilbatchsdk.core.parameter.support.BatchJobParameterWrapper, identifying=false}','jobExportFolder':'{value=2025/01/31, type=class java.lang.String, identifying=false}'}] and the following status: [COMPLETED] in 58ms
2025-01-31T17:42:05.857+03:00  INFO 29191 --- [           main] c.a.a.service.BaseJobLauncherTest        : Job started with id: 18 and paramId: test-controller-to-excel-sync
2025-01-31T17:42:05.858+03:00  INFO 29191 --- [           main] c.a.a.service.BaseJobLauncherTest        : StepExecution details with name: chunkStepForControllerToExcelJob read: 97 write: 97 skip: 0
2025-01-31T17:42:05.858+03:00  INFO 29191 --- [           main] c.a.a.service.BaseJobLauncherTest        : StepExecution details with name: fileUploaderForControllerToExcelJob read: 0 write: 0 skip: 0
2025-01-31T17:42:05.858+03:00  INFO 29191 --- [           main] c.a.a.service.BaseJobLauncherTest        : StepExecution details with name: tmpFileDeleteForControllerToExcelJob read: 0 write: 0 skip: 0
2025-01-31T17:42:05.858+03:00  INFO 29191 --- [           main] c.a.a.service.BaseJobLauncherTest        : StepExecution details with name: logStepForControllerToExcelJob read: 0 write: 0 skip: 0
2025-01-31T17:42:05.858+03:00  INFO 29191 --- [           main] c.a.a.service.BaseJobLauncherTest        : Job export-url is test-controller-to-excel-sync
]]></system-out>
  </testcase>
  <testcase name="syncBatchControllerToCsvCall" classname="com.aril.arilbatchsdk.service.BatchJobLauncherServiceTest" time="0.074">
    <system-out><![CDATA[2025-01-31T17:42:05.890+03:00  INFO 29191 --- [           main] o.s.b.c.l.support.SimpleJobLauncher      : Job: [SimpleJob: [name=jobForControllerToCsvJob]] launched with the following parameters: [{'inputParamId':'{value=test-controller-to-csv-sync, type=class java.lang.String, identifying=true}','inputParam':'{value=com.aril.arilbatchsdk.core.parameter.support.BatchJobParameterWrapper@222c86f, type=class com.aril.arilbatchsdk.core.parameter.support.BatchJobParameterWrapper, identifying=false}','jobExportFolder':'{value=2025/01/31, type=class java.lang.String, identifying=false}'}]
2025-01-31T17:42:05.892+03:00  WARN 29191 --- [           main] o.s.b.c.l.AbstractListenerFactoryBean    : org.springframework.batch.item.ItemProcessor is an interface. The implementing class will not be queried for annotation based listener configurations. If using @StepScope on a @Bean method, be sure to return the implementing class so listener annotations can be used.
2025-01-31T17:42:05.892+03:00  INFO 29191 --- [           main] o.s.batch.core.job.SimpleStepHandler     : Executing step: [chunkStepForControllerToCsvJob]
2025-01-31T17:42:05.895+03:00  INFO 29191 --- [           main] c.a.a.t.controller.BookController        : Request came with page-request: com.aril.valhala.application.Pager@107a65c4
2025-01-31T17:42:05.897+03:00  INFO 29191 --- [           main] c.a.a.t.controller.BookController        : Request came with page-request: com.aril.valhala.application.Pager@52f573c1
2025-01-31T17:42:05.898+03:00  INFO 29191 --- [           main] c.a.a.t.controller.BookController        : Request came with page-request: com.aril.valhala.application.Pager@5d602cc8
2025-01-31T17:42:05.899+03:00  INFO 29191 --- [           main] c.a.a.t.controller.BookController        : Request came with page-request: com.aril.valhala.application.Pager@e7f39b4
2025-01-31T17:42:05.900+03:00  INFO 29191 --- [           main] c.a.a.t.controller.BookController        : Request came with page-request: com.aril.valhala.application.Pager@720be938
2025-01-31T17:42:05.901+03:00  INFO 29191 --- [           main] c.a.a.t.controller.BookController        : Request came with page-request: com.aril.valhala.application.Pager@570acb4a
2025-01-31T17:42:05.902+03:00  INFO 29191 --- [           main] c.a.a.t.controller.BookController        : Request came with page-request: com.aril.valhala.application.Pager@326f9729
2025-01-31T17:42:05.902+03:00  INFO 29191 --- [           main] c.a.a.t.controller.BookController        : Request came with page-request: com.aril.valhala.application.Pager@109fd370
2025-01-31T17:42:05.903+03:00  INFO 29191 --- [           main] c.a.a.t.controller.BookController        : Request came with page-request: com.aril.valhala.application.Pager@3bdb1bc4
2025-01-31T17:42:05.904+03:00  INFO 29191 --- [           main] c.a.a.t.controller.BookController        : Request came with page-request: com.aril.valhala.application.Pager@51c7fde8
2025-01-31T17:42:05.905+03:00  INFO 29191 --- [           main] c.a.a.t.controller.BookController        : Request came with page-request: com.aril.valhala.application.Pager@7005a607
2025-01-31T17:42:05.905+03:00  INFO 29191 --- [           main] c.a.a.t.controller.BookController        : Request came with page-request: com.aril.valhala.application.Pager@233d551
2025-01-31T17:42:05.906+03:00  INFO 29191 --- [           main] c.a.a.t.controller.BookController        : Request came with page-request: com.aril.valhala.application.Pager@42702d8d
2025-01-31T17:42:05.907+03:00  INFO 29191 --- [           main] c.a.a.t.controller.BookController        : Request came with page-request: com.aril.valhala.application.Pager@66569664
2025-01-31T17:42:05.908+03:00  INFO 29191 --- [           main] c.a.a.t.controller.BookController        : Request came with page-request: com.aril.valhala.application.Pager@16582969
2025-01-31T17:42:05.908+03:00  INFO 29191 --- [           main] c.a.a.t.controller.BookController        : Request came with page-request: com.aril.valhala.application.Pager@6330d7c2
2025-01-31T17:42:05.909+03:00  INFO 29191 --- [           main] c.a.a.t.controller.BookController        : Request came with page-request: com.aril.valhala.application.Pager@590c06ac
2025-01-31T17:42:05.910+03:00  INFO 29191 --- [           main] c.a.a.t.controller.BookController        : Request came with page-request: com.aril.valhala.application.Pager@41a8c5da
2025-01-31T17:42:05.910+03:00  INFO 29191 --- [           main] c.a.a.t.controller.BookController        : Request came with page-request: com.aril.valhala.application.Pager@4598f806
2025-01-31T17:42:05.911+03:00  INFO 29191 --- [           main] c.a.a.t.controller.BookController        : Request came with page-request: com.aril.valhala.application.Pager@3eceea0b
2025-01-31T17:42:05.912+03:00  INFO 29191 --- [           main] c.a.a.t.controller.BookController        : Request came with page-request: com.aril.valhala.application.Pager@114da503
2025-01-31T17:42:05.913+03:00  INFO 29191 --- [           main] c.a.a.t.controller.BookController        : Request came with page-request: com.aril.valhala.application.Pager@305e4970
2025-01-31T17:42:05.913+03:00  INFO 29191 --- [           main] c.a.a.t.controller.BookController        : Request came with page-request: com.aril.valhala.application.Pager@1d185f8a
2025-01-31T17:42:05.916+03:00  INFO 29191 --- [           main] c.a.a.t.controller.BookController        : Request came with page-request: com.aril.valhala.application.Pager@2c0d9366
2025-01-31T17:42:05.917+03:00  INFO 29191 --- [           main] c.a.a.t.controller.BookController        : Request came with page-request: com.aril.valhala.application.Pager@1ba2fd8b
2025-01-31T17:42:05.918+03:00  INFO 29191 --- [           main] c.a.a.t.controller.BookController        : Request came with page-request: com.aril.valhala.application.Pager@623360ff
2025-01-31T17:42:05.919+03:00  INFO 29191 --- [           main] c.a.a.t.controller.BookController        : Request came with page-request: com.aril.valhala.application.Pager@824fadb
2025-01-31T17:42:05.919+03:00  INFO 29191 --- [           main] c.a.a.t.controller.BookController        : Request came with page-request: com.aril.valhala.application.Pager@62527375
2025-01-31T17:42:05.920+03:00  INFO 29191 --- [           main] c.a.a.t.controller.BookController        : Request came with page-request: com.aril.valhala.application.Pager@7cc30867
2025-01-31T17:42:05.921+03:00  INFO 29191 --- [           main] c.a.a.t.controller.BookController        : Request came with page-request: com.aril.valhala.application.Pager@75c5c24d
2025-01-31T17:42:05.922+03:00  INFO 29191 --- [           main] c.a.a.t.controller.BookController        : Request came with page-request: com.aril.valhala.application.Pager@51021365
2025-01-31T17:42:05.923+03:00  INFO 29191 --- [           main] c.a.a.t.controller.BookController        : Request came with page-request: com.aril.valhala.application.Pager@51fc4a07
2025-01-31T17:42:05.924+03:00  INFO 29191 --- [           main] c.a.a.t.controller.BookController        : Request came with page-request: com.aril.valhala.application.Pager@4e3464fd
2025-01-31T17:42:05.926+03:00  INFO 29191 --- [           main] o.s.batch.core.step.AbstractStep         : Step: [chunkStepForControllerToCsvJob] executed in 33ms
2025-01-31T17:42:05.927+03:00  INFO 29191 --- [           main] o.s.batch.core.job.SimpleStepHandler     : Executing step: [fileUploaderForControllerToCsvJob]
2025-01-31T17:42:05.928+03:00  INFO 29191 --- [           main] o.s.batch.core.step.AbstractStep         : Step: [fileUploaderForControllerToCsvJob] executed in 
2025-01-31T17:42:05.929+03:00  INFO 29191 --- [           main] o.s.batch.core.job.SimpleStepHandler     : Executing step: [tmpFileDeleteForControllerToCsvJob]
2025-01-31T17:42:05.929+03:00  INFO 29191 --- [           main] o.s.batch.core.step.AbstractStep         : Step: [tmpFileDeleteForControllerToCsvJob] executed in 
2025-01-31T17:42:05.930+03:00  INFO 29191 --- [           main] o.s.batch.core.job.SimpleStepHandler     : Executing step: [logStepForControllerToCsvJob]
2025-01-31T17:42:05.932+03:00  INFO 29191 --- [           main] o.s.batch.core.step.AbstractStep         : Step: [logStepForControllerToCsvJob] executed in 1ms
2025-01-31T17:42:05.933+03:00  INFO 29191 --- [           main] c.a.a.t.s.JobExecutionListenerService    : JobExecutionListener notified with new status: COMPLETED
2025-01-31T17:42:05.933+03:00  INFO 29191 --- [           main] o.s.b.c.l.support.SimpleJobLauncher      : Job: [SimpleJob: [name=jobForControllerToCsvJob]] completed with the following parameters: [{'inputParamId':'{value=test-controller-to-csv-sync, type=class java.lang.String, identifying=true}','inputParam':'{value=com.aril.arilbatchsdk.core.parameter.support.BatchJobParameterWrapper@222c86f, type=class com.aril.arilbatchsdk.core.parameter.support.BatchJobParameterWrapper, identifying=false}','jobExportFolder':'{value=2025/01/31, type=class java.lang.String, identifying=false}'}] and the following status: [COMPLETED] in 41ms
2025-01-31T17:42:05.933+03:00  INFO 29191 --- [           main] c.a.a.service.BaseJobLauncherTest        : Job started with id: 19 and paramId: test-controller-to-csv-sync
2025-01-31T17:42:05.934+03:00  INFO 29191 --- [           main] c.a.a.service.BaseJobLauncherTest        : StepExecution details with name: chunkStepForControllerToCsvJob read: 97 write: 97 skip: 0
2025-01-31T17:42:05.934+03:00  INFO 29191 --- [           main] c.a.a.service.BaseJobLauncherTest        : StepExecution details with name: fileUploaderForControllerToCsvJob read: 0 write: 0 skip: 0
2025-01-31T17:42:05.934+03:00  INFO 29191 --- [           main] c.a.a.service.BaseJobLauncherTest        : StepExecution details with name: tmpFileDeleteForControllerToCsvJob read: 0 write: 0 skip: 0
2025-01-31T17:42:05.934+03:00  INFO 29191 --- [           main] c.a.a.service.BaseJobLauncherTest        : StepExecution details with name: logStepForControllerToCsvJob read: 0 write: 0 skip: 0
2025-01-31T17:42:05.934+03:00  INFO 29191 --- [           main] c.a.a.service.BaseJobLauncherTest        : Job export-url is test-controller-to-csv-sync
]]></system-out>
  </testcase>
  <testcase name="syncBatchDbToKafkaCall_withIdempotentException_Skip" classname="com.aril.arilbatchsdk.service.BatchJobLauncherServiceTest" time="0.105">
    <system-out><![CDATA[2025-01-31T17:42:05.971+03:00  INFO 29191 --- [           main] o.s.b.c.l.support.SimpleJobLauncher      : Job: [SimpleJob: [name=jobForDbToKafkaJob]] launched with the following parameters: [{'inputParamId':'{value=test-db-to-kafka-sync, type=class java.lang.String, identifying=true}','inputParam':'{value=com.aril.arilbatchsdk.core.parameter.support.BatchJobParameterWrapper@307b98ab, type=class com.aril.arilbatchsdk.core.parameter.support.BatchJobParameterWrapper, identifying=false}'}]
2025-01-31T17:42:05.972+03:00  WARN 29191 --- [           main] o.s.b.c.l.AbstractListenerFactoryBean    : org.springframework.batch.item.ItemProcessor is an interface. The implementing class will not be queried for annotation based listener configurations. If using @StepScope on a @Bean method, be sure to return the implementing class so listener annotations can be used.
2025-01-31T17:42:05.973+03:00  WARN 29191 --- [           main] o.s.b.c.l.AbstractListenerFactoryBean    : org.springframework.batch.item.ItemProcessor is an interface. The implementing class will not be queried for annotation based listener configurations. If using @StepScope on a @Bean method, be sure to return the implementing class so listener annotations can be used.
2025-01-31T17:42:05.974+03:00  INFO 29191 --- [           main] o.s.batch.core.job.SimpleStepHandler     : Executing step: [chunkStepForDbToKafkaJob]
2025-01-31T17:42:06.028+03:00  INFO 29191 --- [           main] o.s.batch.core.step.AbstractStep         : Step: [chunkStepForDbToKafkaJob] executed in 54ms
2025-01-31T17:42:06.030+03:00  INFO 29191 --- [           main] o.s.batch.core.job.SimpleStepHandler     : Executing step: [logStepForDbToKafkaJob]
2025-01-31T17:42:06.033+03:00  INFO 29191 --- [           main] o.s.batch.core.step.AbstractStep         : Step: [logStepForDbToKafkaJob] executed in 3ms
2025-01-31T17:42:06.033+03:00  INFO 29191 --- [           main] c.a.a.t.s.JobExecutionListenerService    : JobExecutionListener notified with new status: COMPLETED
2025-01-31T17:42:06.034+03:00  INFO 29191 --- [           main] o.s.b.c.l.support.SimpleJobLauncher      : Job: [SimpleJob: [name=jobForDbToKafkaJob]] completed with the following parameters: [{'inputParamId':'{value=test-db-to-kafka-sync, type=class java.lang.String, identifying=true}','inputParam':'{value=com.aril.arilbatchsdk.core.parameter.support.BatchJobParameterWrapper@307b98ab, type=class com.aril.arilbatchsdk.core.parameter.support.BatchJobParameterWrapper, identifying=false}'}] and the following status: [COMPLETED] in 62ms
2025-01-31T17:42:06.034+03:00  INFO 29191 --- [           main] c.a.a.service.BaseJobLauncherTest        : Job started with id: 20 and paramId: test-db-to-kafka-sync
2025-01-31T17:42:06.035+03:00  INFO 29191 --- [           main] c.a.a.service.BaseJobLauncherTest        : StepExecution details with name: chunkStepForDbToKafkaJob read: 100 write: 0 skip: 100
2025-01-31T17:42:06.035+03:00  INFO 29191 --- [           main] c.a.a.service.BaseJobLauncherTest        : StepExecution details with name: logStepForDbToKafkaJob read: 0 write: 0 skip: 0
2025-01-31T17:42:06.038+03:00  INFO 29191 --- [           main] c.a.a.service.BaseJobLauncherTest        : consumer details read: 100 skip: 100 produce: 0 percentage: 100
]]></system-out>
  </testcase>
  <testcase name="syncBatchCsvToKafkaCall" classname="com.aril.arilbatchsdk.service.BatchJobLauncherServiceTest" time="0.076">
    <system-out><![CDATA[2025-01-31T17:42:06.076+03:00  INFO 29191 --- [           main] o.s.b.c.l.support.SimpleJobLauncher      : Job: [SimpleJob: [name=jobForCsvToKafkaJob]] launched with the following parameters: [{'inputParamId':'{value=test-csv-to-kafka-async, type=class java.lang.String, identifying=true}','inputParam':'{value=com.aril.arilbatchsdk.core.parameter.support.BatchJobParameterWrapper@5a336, type=class com.aril.arilbatchsdk.core.parameter.support.BatchJobParameterWrapper, identifying=false}'}]
2025-01-31T17:42:06.077+03:00  WARN 29191 --- [           main] o.s.b.c.l.AbstractListenerFactoryBean    : org.springframework.batch.item.ItemProcessor is an interface. The implementing class will not be queried for annotation based listener configurations. If using @StepScope on a @Bean method, be sure to return the implementing class so listener annotations can be used.
2025-01-31T17:42:06.078+03:00  WARN 29191 --- [           main] o.s.b.c.l.AbstractListenerFactoryBean    : org.springframework.batch.item.ItemProcessor is an interface. The implementing class will not be queried for annotation based listener configurations. If using @StepScope on a @Bean method, be sure to return the implementing class so listener annotations can be used.
2025-01-31T17:42:06.078+03:00  INFO 29191 --- [           main] o.s.batch.core.job.SimpleStepHandler     : Executing step: [chunkStepForCsvToKafkaJob]
2025-01-31T17:42:06.103+03:00  INFO 29191 --- [           main] o.s.batch.core.step.AbstractStep         : Step: [chunkStepForCsvToKafkaJob] executed in 24ms
2025-01-31T17:42:06.105+03:00  INFO 29191 --- [           main] o.s.batch.core.job.SimpleStepHandler     : Executing step: [logStepForCsvToKafkaJob]
2025-01-31T17:42:06.109+03:00  INFO 29191 --- [           main] o.s.batch.core.step.AbstractStep         : Step: [logStepForCsvToKafkaJob] executed in 3ms
2025-01-31T17:42:06.110+03:00  INFO 29191 --- [           main] c.a.a.t.s.JobExecutionListenerService    : JobExecutionListener notified with new status: COMPLETED
2025-01-31T17:42:06.110+03:00  INFO 29191 --- [           main] o.s.b.c.l.support.SimpleJobLauncher      : Job: [SimpleJob: [name=jobForCsvToKafkaJob]] completed with the following parameters: [{'inputParamId':'{value=test-csv-to-kafka-async, type=class java.lang.String, identifying=true}','inputParam':'{value=com.aril.arilbatchsdk.core.parameter.support.BatchJobParameterWrapper@5a336, type=class com.aril.arilbatchsdk.core.parameter.support.BatchJobParameterWrapper, identifying=false}'}] and the following status: [COMPLETED] in 33ms
2025-01-31T17:42:06.110+03:00  INFO 29191 --- [           main] c.a.a.service.BaseJobLauncherTest        : Job started with id: 21 and paramId: test-csv-to-kafka-async
2025-01-31T17:42:06.113+03:00  INFO 29191 --- [           main] c.a.a.service.BaseJobLauncherTest        : StepExecution details with name: chunkStepForCsvToKafkaJob read: 100 write: 100 skip: 0
2025-01-31T17:42:06.113+03:00  INFO 29191 --- [           main] c.a.a.service.BaseJobLauncherTest        : StepExecution details with name: logStepForCsvToKafkaJob read: 0 write: 0 skip: 0
]]></system-out>
  </testcase>
  <testcase name="syncBatchServiceToExcelCall_withMapExtractor" classname="com.aril.arilbatchsdk.service.BatchJobLauncherServiceTest" time="0.485">
    <system-out><![CDATA[2025-01-31T17:42:06.164+03:00  INFO 29191 --- [           main] o.s.b.c.l.support.SimpleJobLauncher      : Job: [SimpleJob: [name=jobForServiceToExcelJob]] launched with the following parameters: [{'inputParamId':'{value=test-service-to-excel-with-map-extractor-sync, type=class java.lang.String, identifying=true}','inputParam':'{value=com.aril.arilbatchsdk.core.parameter.support.BatchJobParameterWrapper@6cecb0c6, type=class com.aril.arilbatchsdk.core.parameter.support.BatchJobParameterWrapper, identifying=false}','jobExportFolder':'{value=2025/01/31, type=class java.lang.String, identifying=false}'}]
2025-01-31T17:42:06.167+03:00  WARN 29191 --- [           main] o.s.b.c.l.AbstractListenerFactoryBean    : org.springframework.batch.item.ItemProcessor is an interface. The implementing class will not be queried for annotation based listener configurations. If using @StepScope on a @Bean method, be sure to return the implementing class so listener annotations can be used.
2025-01-31T17:42:06.167+03:00  INFO 29191 --- [           main] o.s.batch.core.job.SimpleStepHandler     : Executing step: [chunkStepForServiceToExcelJob]
2025-01-31T17:42:06.180+03:00  INFO 29191 --- [           main] c.a.a.t.service.BookReaderService        : Request came with page-request: Page request [number: 0, size 3, sort: UNSORTED]
2025-01-31T17:42:06.268+03:00  INFO 29191 --- [           main] c.a.a.t.service.BookReaderService        : Request came with page-request: Page request [number: 1, size 3, sort: UNSORTED]
2025-01-31T17:42:06.273+03:00  INFO 29191 --- [           main] c.a.a.t.service.BookReaderService        : Request came with page-request: Page request [number: 2, size 3, sort: UNSORTED]
2025-01-31T17:42:06.279+03:00  INFO 29191 --- [           main] c.a.a.t.service.BookReaderService        : Request came with page-request: Page request [number: 3, size 3, sort: UNSORTED]
2025-01-31T17:42:06.285+03:00  INFO 29191 --- [           main] c.a.a.t.service.BookReaderService        : Request came with page-request: Page request [number: 4, size 3, sort: UNSORTED]
2025-01-31T17:42:06.290+03:00  INFO 29191 --- [           main] c.a.a.t.service.BookReaderService        : Request came with page-request: Page request [number: 5, size 3, sort: UNSORTED]
2025-01-31T17:42:06.296+03:00  INFO 29191 --- [           main] c.a.a.t.service.BookReaderService        : Request came with page-request: Page request [number: 6, size 3, sort: UNSORTED]
2025-01-31T17:42:06.302+03:00  INFO 29191 --- [           main] c.a.a.t.service.BookReaderService        : Request came with page-request: Page request [number: 7, size 3, sort: UNSORTED]
2025-01-31T17:42:06.307+03:00  INFO 29191 --- [           main] c.a.a.t.service.BookReaderService        : Request came with page-request: Page request [number: 8, size 3, sort: UNSORTED]
2025-01-31T17:42:06.313+03:00  INFO 29191 --- [           main] c.a.a.t.service.BookReaderService        : Request came with page-request: Page request [number: 9, size 3, sort: UNSORTED]
2025-01-31T17:42:06.321+03:00  INFO 29191 --- [           main] c.a.a.t.service.BookReaderService        : Request came with page-request: Page request [number: 10, size 3, sort: UNSORTED]
2025-01-31T17:42:06.326+03:00  INFO 29191 --- [           main] c.a.a.t.service.BookReaderService        : Request came with page-request: Page request [number: 11, size 3, sort: UNSORTED]
2025-01-31T17:42:06.329+03:00  INFO 29191 --- [           main] c.a.a.t.service.BookReaderService        : Request came with page-request: Page request [number: 12, size 3, sort: UNSORTED]
2025-01-31T17:42:06.333+03:00  INFO 29191 --- [           main] c.a.a.t.service.BookReaderService        : Request came with page-request: Page request [number: 13, size 3, sort: UNSORTED]
2025-01-31T17:42:06.341+03:00  INFO 29191 --- [           main] c.a.a.t.service.BookReaderService        : Request came with page-request: Page request [number: 14, size 3, sort: UNSORTED]
2025-01-31T17:42:06.344+03:00  INFO 29191 --- [           main] c.a.a.t.service.BookReaderService        : Request came with page-request: Page request [number: 15, size 3, sort: UNSORTED]
2025-01-31T17:42:06.347+03:00  INFO 29191 --- [           main] c.a.a.t.service.BookReaderService        : Request came with page-request: Page request [number: 16, size 3, sort: UNSORTED]
2025-01-31T17:42:06.349+03:00  INFO 29191 --- [           main] c.a.a.t.service.BookReaderService        : Request came with page-request: Page request [number: 17, size 3, sort: UNSORTED]
2025-01-31T17:42:06.353+03:00  INFO 29191 --- [           main] c.a.a.t.service.BookReaderService        : Request came with page-request: Page request [number: 18, size 3, sort: UNSORTED]
2025-01-31T17:42:06.360+03:00  INFO 29191 --- [           main] c.a.a.t.service.BookReaderService        : Request came with page-request: Page request [number: 19, size 3, sort: UNSORTED]
2025-01-31T17:42:06.364+03:00  INFO 29191 --- [           main] c.a.a.t.service.BookReaderService        : Request came with page-request: Page request [number: 20, size 3, sort: UNSORTED]
2025-01-31T17:42:06.371+03:00  INFO 29191 --- [           main] c.a.a.t.service.BookReaderService        : Request came with page-request: Page request [number: 21, size 3, sort: UNSORTED]
2025-01-31T17:42:06.377+03:00  INFO 29191 --- [           main] c.a.a.t.service.BookReaderService        : Request came with page-request: Page request [number: 22, size 3, sort: UNSORTED]
2025-01-31T17:42:06.383+03:00  INFO 29191 --- [           main] c.a.a.t.service.BookReaderService        : Request came with page-request: Page request [number: 23, size 3, sort: UNSORTED]
2025-01-31T17:42:06.393+03:00  INFO 29191 --- [           main] c.a.a.t.service.BookReaderService        : Request came with page-request: Page request [number: 24, size 3, sort: UNSORTED]
2025-01-31T17:42:06.402+03:00  INFO 29191 --- [           main] c.a.a.t.service.BookReaderService        : Request came with page-request: Page request [number: 25, size 3, sort: UNSORTED]
2025-01-31T17:42:06.408+03:00  INFO 29191 --- [           main] c.a.a.t.service.BookReaderService        : Request came with page-request: Page request [number: 26, size 3, sort: UNSORTED]
2025-01-31T17:42:06.411+03:00  INFO 29191 --- [           main] c.a.a.t.service.BookReaderService        : Request came with page-request: Page request [number: 27, size 3, sort: UNSORTED]
2025-01-31T17:42:06.417+03:00  INFO 29191 --- [           main] c.a.a.t.service.BookReaderService        : Request came with page-request: Page request [number: 28, size 3, sort: UNSORTED]
2025-01-31T17:42:06.425+03:00  INFO 29191 --- [           main] c.a.a.t.service.BookReaderService        : Request came with page-request: Page request [number: 29, size 3, sort: UNSORTED]
2025-01-31T17:42:06.432+03:00  INFO 29191 --- [           main] c.a.a.t.service.BookReaderService        : Request came with page-request: Page request [number: 30, size 3, sort: UNSORTED]
2025-01-31T17:42:06.436+03:00  INFO 29191 --- [           main] c.a.a.t.service.BookReaderService        : Request came with page-request: Page request [number: 31, size 3, sort: UNSORTED]
2025-01-31T17:42:06.440+03:00  INFO 29191 --- [           main] c.a.a.t.service.BookReaderService        : Request came with page-request: Page request [number: 32, size 3, sort: UNSORTED]
2025-01-31T17:42:06.445+03:00  INFO 29191 --- [           main] c.a.a.t.service.BookReaderService        : Request came with page-request: Page request [number: 33, size 3, sort: UNSORTED]
2025-01-31T17:42:06.459+03:00  INFO 29191 --- [           main] o.s.batch.core.step.AbstractStep         : Step: [chunkStepForServiceToExcelJob] executed in 291ms
2025-01-31T17:42:06.512+03:00  INFO 29191 --- [           main] o.s.batch.core.job.SimpleStepHandler     : Executing step: [fileUploaderForServiceToExcelJob]
2025-01-31T17:42:06.524+03:00  INFO 29191 --- [           main] o.s.batch.core.step.AbstractStep         : Step: [fileUploaderForServiceToExcelJob] executed in 12ms
2025-01-31T17:42:06.528+03:00  INFO 29191 --- [           main] o.s.batch.core.job.SimpleStepHandler     : Executing step: [tmpFileDeleteForServiceToExcelJob]
2025-01-31T17:42:06.533+03:00  INFO 29191 --- [           main] o.s.batch.core.step.AbstractStep         : Step: [tmpFileDeleteForServiceToExcelJob] executed in 5ms
2025-01-31T17:42:06.537+03:00  INFO 29191 --- [           main] o.s.batch.core.job.SimpleStepHandler     : Executing step: [logStepForServiceToExcelJob]
2025-01-31T17:42:06.542+03:00  INFO 29191 --- [           main] o.s.batch.core.step.AbstractStep         : Step: [logStepForServiceToExcelJob] executed in 4ms
2025-01-31T17:42:06.544+03:00  INFO 29191 --- [           main] c.a.a.t.s.JobExecutionListenerService    : JobExecutionListener notified with new status: COMPLETED
2025-01-31T17:42:06.545+03:00  INFO 29191 --- [           main] o.s.b.c.l.support.SimpleJobLauncher      : Job: [SimpleJob: [name=jobForServiceToExcelJob]] completed with the following parameters: [{'inputParamId':'{value=test-service-to-excel-with-map-extractor-sync, type=class java.lang.String, identifying=true}','inputParam':'{value=com.aril.arilbatchsdk.core.parameter.support.BatchJobParameterWrapper@6cecb0c6, type=class com.aril.arilbatchsdk.core.parameter.support.BatchJobParameterWrapper, identifying=false}','jobExportFolder':'{value=2025/01/31, type=class java.lang.String, identifying=false}'}] and the following status: [COMPLETED] in 379ms
2025-01-31T17:42:06.545+03:00  INFO 29191 --- [           main] c.a.a.service.BaseJobLauncherTest        : Job started with id: 22 and paramId: test-service-to-excel-with-map-extractor-sync
2025-01-31T17:42:06.550+03:00  INFO 29191 --- [           main] c.a.a.service.BaseJobLauncherTest        : StepExecution details with name: chunkStepForServiceToExcelJob read: 100 write: 100 skip: 0
2025-01-31T17:42:06.550+03:00  INFO 29191 --- [           main] c.a.a.service.BaseJobLauncherTest        : StepExecution details with name: fileUploaderForServiceToExcelJob read: 0 write: 0 skip: 0
2025-01-31T17:42:06.550+03:00  INFO 29191 --- [           main] c.a.a.service.BaseJobLauncherTest        : StepExecution details with name: tmpFileDeleteForServiceToExcelJob read: 0 write: 0 skip: 0
2025-01-31T17:42:06.550+03:00  INFO 29191 --- [           main] c.a.a.service.BaseJobLauncherTest        : StepExecution details with name: logStepForServiceToExcelJob read: 0 write: 0 skip: 0
2025-01-31T17:42:06.550+03:00  INFO 29191 --- [           main] c.a.a.service.BaseJobLauncherTest        : Job export-url is test-service-to-excel-with-map-extractor-sync
]]></system-out>
  </testcase>
  <testcase name="syncBatchControllerToExcelCall_withMapExtractor" classname="com.aril.arilbatchsdk.service.BatchJobLauncherServiceTest" time="0.155">
    <system-out><![CDATA[2025-01-31T17:42:06.660+03:00  INFO 29191 --- [           main] o.s.b.c.l.support.SimpleJobLauncher      : Job: [SimpleJob: [name=jobForControllerToExcelJob]] launched with the following parameters: [{'inputParamId':'{value=test-controller-to-excel-with-map-extractor-sync, type=class java.lang.String, identifying=true}','inputParam':'{value=com.aril.arilbatchsdk.core.parameter.support.BatchJobParameterWrapper@545cefd, type=class com.aril.arilbatchsdk.core.parameter.support.BatchJobParameterWrapper, identifying=false}','jobExportFolder':'{value=2025/01/31, type=class java.lang.String, identifying=false}'}]
2025-01-31T17:42:06.661+03:00  WARN 29191 --- [           main] o.s.b.c.l.AbstractListenerFactoryBean    : org.springframework.batch.item.ItemProcessor is an interface. The implementing class will not be queried for annotation based listener configurations. If using @StepScope on a @Bean method, be sure to return the implementing class so listener annotations can be used.
2025-01-31T17:42:06.662+03:00  INFO 29191 --- [           main] o.s.batch.core.job.SimpleStepHandler     : Executing step: [chunkStepForControllerToExcelJob]
2025-01-31T17:42:06.669+03:00  INFO 29191 --- [           main] c.a.a.t.controller.BookController        : Request came with page-request: com.aril.valhala.application.Pager@395c601e
2025-01-31T17:42:06.673+03:00  INFO 29191 --- [           main] c.a.a.t.controller.BookController        : Request came with page-request: com.aril.valhala.application.Pager@155daba1
2025-01-31T17:42:06.676+03:00  INFO 29191 --- [           main] c.a.a.t.controller.BookController        : Request came with page-request: com.aril.valhala.application.Pager@66609048
2025-01-31T17:42:06.678+03:00  INFO 29191 --- [           main] c.a.a.t.controller.BookController        : Request came with page-request: com.aril.valhala.application.Pager@3cc15b64
2025-01-31T17:42:06.679+03:00  INFO 29191 --- [           main] c.a.a.t.controller.BookController        : Request came with page-request: com.aril.valhala.application.Pager@6c6dc1b6
2025-01-31T17:42:06.684+03:00  INFO 29191 --- [           main] c.a.a.t.controller.BookController        : Request came with page-request: com.aril.valhala.application.Pager@58983edb
2025-01-31T17:42:06.685+03:00  INFO 29191 --- [           main] c.a.a.t.controller.BookController        : Request came with page-request: com.aril.valhala.application.Pager@786bd6f9
2025-01-31T17:42:06.686+03:00  INFO 29191 --- [           main] c.a.a.t.controller.BookController        : Request came with page-request: com.aril.valhala.application.Pager@5e85edf2
2025-01-31T17:42:06.687+03:00  INFO 29191 --- [           main] c.a.a.t.controller.BookController        : Request came with page-request: com.aril.valhala.application.Pager@341e1194
2025-01-31T17:42:06.688+03:00  INFO 29191 --- [           main] c.a.a.t.controller.BookController        : Request came with page-request: com.aril.valhala.application.Pager@472aa62c
2025-01-31T17:42:06.691+03:00  INFO 29191 --- [           main] c.a.a.t.controller.BookController        : Request came with page-request: com.aril.valhala.application.Pager@642746db
2025-01-31T17:42:06.693+03:00  INFO 29191 --- [           main] c.a.a.t.controller.BookController        : Request came with page-request: com.aril.valhala.application.Pager@163770f5
2025-01-31T17:42:06.694+03:00  INFO 29191 --- [           main] c.a.a.t.controller.BookController        : Request came with page-request: com.aril.valhala.application.Pager@57204b4
2025-01-31T17:42:06.695+03:00  INFO 29191 --- [           main] c.a.a.t.controller.BookController        : Request came with page-request: com.aril.valhala.application.Pager@3a1a394a
2025-01-31T17:42:06.697+03:00  INFO 29191 --- [           main] c.a.a.t.controller.BookController        : Request came with page-request: com.aril.valhala.application.Pager@2136ac71
2025-01-31T17:42:06.698+03:00  INFO 29191 --- [           main] c.a.a.t.controller.BookController        : Request came with page-request: com.aril.valhala.application.Pager@57ad1f1
2025-01-31T17:42:06.699+03:00  INFO 29191 --- [           main] c.a.a.t.controller.BookController        : Request came with page-request: com.aril.valhala.application.Pager@50578720
2025-01-31T17:42:06.700+03:00  INFO 29191 --- [           main] c.a.a.t.controller.BookController        : Request came with page-request: com.aril.valhala.application.Pager@2ecb5711
2025-01-31T17:42:06.701+03:00  INFO 29191 --- [           main] c.a.a.t.controller.BookController        : Request came with page-request: com.aril.valhala.application.Pager@370f4a5d
2025-01-31T17:42:06.703+03:00  INFO 29191 --- [           main] c.a.a.t.controller.BookController        : Request came with page-request: com.aril.valhala.application.Pager@635cce89
2025-01-31T17:42:06.705+03:00  INFO 29191 --- [           main] c.a.a.t.controller.BookController        : Request came with page-request: com.aril.valhala.application.Pager@4c576519
2025-01-31T17:42:06.706+03:00  INFO 29191 --- [           main] c.a.a.t.controller.BookController        : Request came with page-request: com.aril.valhala.application.Pager@58dbc255
2025-01-31T17:42:06.707+03:00  INFO 29191 --- [           main] c.a.a.t.controller.BookController        : Request came with page-request: com.aril.valhala.application.Pager@7cd86667
2025-01-31T17:42:06.708+03:00  INFO 29191 --- [           main] c.a.a.t.controller.BookController        : Request came with page-request: com.aril.valhala.application.Pager@e3b1d5e
2025-01-31T17:42:06.709+03:00  INFO 29191 --- [           main] c.a.a.t.controller.BookController        : Request came with page-request: com.aril.valhala.application.Pager@8c5b032
2025-01-31T17:42:06.709+03:00  INFO 29191 --- [           main] c.a.a.t.controller.BookController        : Request came with page-request: com.aril.valhala.application.Pager@7cb01908
2025-01-31T17:42:06.710+03:00  INFO 29191 --- [           main] c.a.a.t.controller.BookController        : Request came with page-request: com.aril.valhala.application.Pager@4180cd88
2025-01-31T17:42:06.711+03:00  INFO 29191 --- [           main] c.a.a.t.controller.BookController        : Request came with page-request: com.aril.valhala.application.Pager@14023ab2
2025-01-31T17:42:06.712+03:00  INFO 29191 --- [           main] c.a.a.t.controller.BookController        : Request came with page-request: com.aril.valhala.application.Pager@4c672f54
2025-01-31T17:42:06.727+03:00  INFO 29191 --- [           main] c.a.a.t.controller.BookController        : Request came with page-request: com.aril.valhala.application.Pager@6e50ce48
2025-01-31T17:42:06.729+03:00  INFO 29191 --- [           main] c.a.a.t.controller.BookController        : Request came with page-request: com.aril.valhala.application.Pager@2a799366
2025-01-31T17:42:06.731+03:00  INFO 29191 --- [           main] c.a.a.t.controller.BookController        : Request came with page-request: com.aril.valhala.application.Pager@5297dc8c
2025-01-31T17:42:06.732+03:00  INFO 29191 --- [           main] c.a.a.t.controller.BookController        : Request came with page-request: com.aril.valhala.application.Pager@7fb03546
2025-01-31T17:42:06.736+03:00  INFO 29191 --- [           main] o.s.batch.core.step.AbstractStep         : Step: [chunkStepForControllerToExcelJob] executed in 73ms
2025-01-31T17:42:06.750+03:00  INFO 29191 --- [           main] o.s.batch.core.job.SimpleStepHandler     : Executing step: [fileUploaderForControllerToExcelJob]
2025-01-31T17:42:06.752+03:00  INFO 29191 --- [           main] o.s.batch.core.step.AbstractStep         : Step: [fileUploaderForControllerToExcelJob] executed in 1ms
2025-01-31T17:42:06.753+03:00  INFO 29191 --- [           main] o.s.batch.core.job.SimpleStepHandler     : Executing step: [tmpFileDeleteForControllerToExcelJob]
2025-01-31T17:42:06.754+03:00  INFO 29191 --- [           main] o.s.batch.core.step.AbstractStep         : Step: [tmpFileDeleteForControllerToExcelJob] executed in 
2025-01-31T17:42:06.755+03:00  INFO 29191 --- [           main] o.s.batch.core.job.SimpleStepHandler     : Executing step: [logStepForControllerToExcelJob]
2025-01-31T17:42:06.757+03:00  INFO 29191 --- [           main] o.s.batch.core.step.AbstractStep         : Step: [logStepForControllerToExcelJob] executed in 2ms
2025-01-31T17:42:06.759+03:00  INFO 29191 --- [           main] c.a.a.t.s.JobExecutionListenerService    : JobExecutionListener notified with new status: COMPLETED
2025-01-31T17:42:06.759+03:00  INFO 29191 --- [           main] o.s.b.c.l.support.SimpleJobLauncher      : Job: [SimpleJob: [name=jobForControllerToExcelJob]] completed with the following parameters: [{'inputParamId':'{value=test-controller-to-excel-with-map-extractor-sync, type=class java.lang.String, identifying=true}','inputParam':'{value=com.aril.arilbatchsdk.core.parameter.support.BatchJobParameterWrapper@545cefd, type=class com.aril.arilbatchsdk.core.parameter.support.BatchJobParameterWrapper, identifying=false}','jobExportFolder':'{value=2025/01/31, type=class java.lang.String, identifying=false}'}] and the following status: [COMPLETED] in 98ms
2025-01-31T17:42:06.759+03:00  INFO 29191 --- [           main] c.a.a.service.BaseJobLauncherTest        : Job started with id: 23 and paramId: test-controller-to-excel-with-map-extractor-sync
2025-01-31T17:42:06.762+03:00  INFO 29191 --- [           main] c.a.a.service.BaseJobLauncherTest        : StepExecution details with name: chunkStepForControllerToExcelJob read: 97 write: 97 skip: 0
2025-01-31T17:42:06.762+03:00  INFO 29191 --- [           main] c.a.a.service.BaseJobLauncherTest        : StepExecution details with name: fileUploaderForControllerToExcelJob read: 0 write: 0 skip: 0
2025-01-31T17:42:06.762+03:00  INFO 29191 --- [           main] c.a.a.service.BaseJobLauncherTest        : StepExecution details with name: tmpFileDeleteForControllerToExcelJob read: 0 write: 0 skip: 0
2025-01-31T17:42:06.762+03:00  INFO 29191 --- [           main] c.a.a.service.BaseJobLauncherTest        : StepExecution details with name: logStepForControllerToExcelJob read: 0 write: 0 skip: 0
2025-01-31T17:42:06.762+03:00  INFO 29191 --- [           main] c.a.a.service.BaseJobLauncherTest        : Job export-url is test-controller-to-excel-with-map-extractor-sync
]]></system-out>
  </testcase>
  <testcase name="syncBatchServiceToDbCall" classname="com.aril.arilbatchsdk.service.BatchJobLauncherServiceTest" time="0.122">
    <system-out><![CDATA[2025-01-31T17:42:06.819+03:00  INFO 29191 --- [           main] o.s.b.c.l.support.SimpleJobLauncher      : Job: [SimpleJob: [name=jobForServiceToDbJob]] launched with the following parameters: [{'inputParamId':'{value=test-service-to-db-sync, type=class java.lang.String, identifying=true}','inputParam':'{value=com.aril.arilbatchsdk.core.parameter.support.BatchJobParameterWrapper@3f565d78, type=class com.aril.arilbatchsdk.core.parameter.support.BatchJobParameterWrapper, identifying=false}'}]
2025-01-31T17:42:06.821+03:00  WARN 29191 --- [           main] o.s.b.c.l.AbstractListenerFactoryBean    : org.springframework.batch.item.ItemProcessor is an interface. The implementing class will not be queried for annotation based listener configurations. If using @StepScope on a @Bean method, be sure to return the implementing class so listener annotations can be used.
2025-01-31T17:42:06.821+03:00  WARN 29191 --- [           main] o.s.b.c.l.AbstractListenerFactoryBean    : org.springframework.batch.item.ItemProcessor is an interface. The implementing class will not be queried for annotation based listener configurations. If using @StepScope on a @Bean method, be sure to return the implementing class so listener annotations can be used.
2025-01-31T17:42:06.823+03:00  INFO 29191 --- [           main] o.s.batch.core.job.SimpleStepHandler     : Executing step: [chunkStepForServiceToDbJob]
2025-01-31T17:42:06.827+03:00  INFO 29191 --- [           main] c.a.a.t.service.BookReaderService        : Request came with page-request: Page request [number: 0, size 3, sort: UNSORTED]
2025-01-31T17:42:06.833+03:00  INFO 29191 --- [           main] c.a.a.t.service.BookReaderService        : Request came with page-request: Page request [number: 1, size 3, sort: UNSORTED]
2025-01-31T17:42:06.835+03:00  INFO 29191 --- [           main] c.a.a.t.service.BookReaderService        : Request came with page-request: Page request [number: 2, size 3, sort: UNSORTED]
2025-01-31T17:42:06.836+03:00  INFO 29191 --- [           main] c.a.a.t.service.BookReaderService        : Request came with page-request: Page request [number: 3, size 3, sort: UNSORTED]
2025-01-31T17:42:06.838+03:00  INFO 29191 --- [           main] c.a.a.t.service.BookReaderService        : Request came with page-request: Page request [number: 4, size 3, sort: UNSORTED]
2025-01-31T17:42:06.840+03:00  INFO 29191 --- [           main] c.a.a.t.service.BookReaderService        : Request came with page-request: Page request [number: 5, size 3, sort: UNSORTED]
2025-01-31T17:42:06.841+03:00  INFO 29191 --- [           main] c.a.a.t.service.BookReaderService        : Request came with page-request: Page request [number: 6, size 3, sort: UNSORTED]
2025-01-31T17:42:06.842+03:00  INFO 29191 --- [           main] c.a.a.t.service.BookReaderService        : Request came with page-request: Page request [number: 7, size 3, sort: UNSORTED]
2025-01-31T17:42:06.843+03:00  INFO 29191 --- [           main] c.a.a.t.service.BookReaderService        : Request came with page-request: Page request [number: 8, size 3, sort: UNSORTED]
2025-01-31T17:42:06.844+03:00  INFO 29191 --- [           main] c.a.a.t.service.BookReaderService        : Request came with page-request: Page request [number: 9, size 3, sort: UNSORTED]
2025-01-31T17:42:06.845+03:00  INFO 29191 --- [           main] c.a.a.t.service.BookReaderService        : Request came with page-request: Page request [number: 10, size 3, sort: UNSORTED]
2025-01-31T17:42:06.847+03:00  INFO 29191 --- [           main] c.a.a.t.service.BookReaderService        : Request came with page-request: Page request [number: 11, size 3, sort: UNSORTED]
2025-01-31T17:42:06.848+03:00  INFO 29191 --- [           main] c.a.a.t.service.BookReaderService        : Request came with page-request: Page request [number: 12, size 3, sort: UNSORTED]
2025-01-31T17:42:06.850+03:00  INFO 29191 --- [           main] c.a.a.t.service.BookReaderService        : Request came with page-request: Page request [number: 13, size 3, sort: UNSORTED]
2025-01-31T17:42:06.852+03:00  INFO 29191 --- [           main] c.a.a.t.service.BookReaderService        : Request came with page-request: Page request [number: 14, size 3, sort: UNSORTED]
2025-01-31T17:42:06.853+03:00  INFO 29191 --- [           main] c.a.a.t.service.BookReaderService        : Request came with page-request: Page request [number: 15, size 3, sort: UNSORTED]
2025-01-31T17:42:06.856+03:00  INFO 29191 --- [           main] c.a.a.t.service.BookReaderService        : Request came with page-request: Page request [number: 16, size 3, sort: UNSORTED]
2025-01-31T17:42:06.857+03:00  INFO 29191 --- [           main] c.a.a.t.service.BookReaderService        : Request came with page-request: Page request [number: 17, size 3, sort: UNSORTED]
2025-01-31T17:42:06.858+03:00  INFO 29191 --- [           main] c.a.a.t.service.BookReaderService        : Request came with page-request: Page request [number: 18, size 3, sort: UNSORTED]
2025-01-31T17:42:06.859+03:00  INFO 29191 --- [           main] c.a.a.t.service.BookReaderService        : Request came with page-request: Page request [number: 19, size 3, sort: UNSORTED]
2025-01-31T17:42:06.860+03:00  INFO 29191 --- [           main] c.a.a.t.service.BookReaderService        : Request came with page-request: Page request [number: 20, size 3, sort: UNSORTED]
2025-01-31T17:42:06.861+03:00  INFO 29191 --- [           main] c.a.a.t.service.BookReaderService        : Request came with page-request: Page request [number: 21, size 3, sort: UNSORTED]
2025-01-31T17:42:06.862+03:00  INFO 29191 --- [           main] c.a.a.t.service.BookReaderService        : Request came with page-request: Page request [number: 22, size 3, sort: UNSORTED]
2025-01-31T17:42:06.863+03:00  INFO 29191 --- [           main] c.a.a.t.service.BookReaderService        : Request came with page-request: Page request [number: 23, size 3, sort: UNSORTED]
2025-01-31T17:42:06.864+03:00  INFO 29191 --- [           main] c.a.a.t.service.BookReaderService        : Request came with page-request: Page request [number: 24, size 3, sort: UNSORTED]
2025-01-31T17:42:06.865+03:00  INFO 29191 --- [           main] c.a.a.t.service.BookReaderService        : Request came with page-request: Page request [number: 25, size 3, sort: UNSORTED]
2025-01-31T17:42:06.866+03:00  INFO 29191 --- [           main] c.a.a.t.service.BookReaderService        : Request came with page-request: Page request [number: 26, size 3, sort: UNSORTED]
2025-01-31T17:42:06.867+03:00  INFO 29191 --- [           main] c.a.a.t.service.BookReaderService        : Request came with page-request: Page request [number: 27, size 3, sort: UNSORTED]
2025-01-31T17:42:06.868+03:00  INFO 29191 --- [           main] c.a.a.t.service.BookReaderService        : Request came with page-request: Page request [number: 28, size 3, sort: UNSORTED]
2025-01-31T17:42:06.877+03:00  INFO 29191 --- [           main] c.a.a.t.service.BookReaderService        : Request came with page-request: Page request [number: 29, size 3, sort: UNSORTED]
2025-01-31T17:42:06.878+03:00  INFO 29191 --- [           main] c.a.a.t.service.BookReaderService        : Request came with page-request: Page request [number: 30, size 3, sort: UNSORTED]
2025-01-31T17:42:06.879+03:00  INFO 29191 --- [           main] c.a.a.t.service.BookReaderService        : Request came with page-request: Page request [number: 31, size 3, sort: UNSORTED]
2025-01-31T17:42:06.880+03:00  INFO 29191 --- [           main] c.a.a.t.service.BookReaderService        : Request came with page-request: Page request [number: 32, size 3, sort: UNSORTED]
2025-01-31T17:42:06.882+03:00  INFO 29191 --- [           main] c.a.a.t.service.BookReaderService        : Request came with page-request: Page request [number: 33, size 3, sort: UNSORTED]
2025-01-31T17:42:06.886+03:00  INFO 29191 --- [           main] o.s.batch.core.step.AbstractStep         : Step: [chunkStepForServiceToDbJob] executed in 62ms
2025-01-31T17:42:06.887+03:00  INFO 29191 --- [           main] c.a.a.t.s.JobExecutionListenerService    : JobExecutionListener notified with new status: COMPLETED
2025-01-31T17:42:06.887+03:00  INFO 29191 --- [           main] o.s.b.c.l.support.SimpleJobLauncher      : Job: [SimpleJob: [name=jobForServiceToDbJob]] completed with the following parameters: [{'inputParamId':'{value=test-service-to-db-sync, type=class java.lang.String, identifying=true}','inputParam':'{value=com.aril.arilbatchsdk.core.parameter.support.BatchJobParameterWrapper@3f565d78, type=class com.aril.arilbatchsdk.core.parameter.support.BatchJobParameterWrapper, identifying=false}'}] and the following status: [COMPLETED] in 66ms
2025-01-31T17:42:06.887+03:00  INFO 29191 --- [           main] c.a.a.service.BaseJobLauncherTest        : Job started with id: 24 and paramId: test-service-to-db-sync
2025-01-31T17:42:06.888+03:00  INFO 29191 --- [           main] c.a.a.service.BaseJobLauncherTest        : StepExecution details with name: chunkStepForServiceToDbJob read: 100 write: 100 skip: 0
]]></system-out>
  </testcase>
  <testcase name="syncBatchControllerToCsvCall_withMapExtractor" classname="com.aril.arilbatchsdk.service.BatchJobLauncherServiceTest" time="0.126">
[...]
2025-01-31T17:42:07.585+03:00  INFO 29191 --- [           main] c.a.a.t.service.BookWriterService        : item writer for id: 3139 and extra-param: 5
2025-01-31T17:42:07.586+03:00  INFO 29191 --- [           main] c.a.a.t.service.BookWriterService        : item writer for id: 3140 and extra-param: 5
2025-01-31T17:42:07.586+03:00  INFO 29191 --- [           main] c.a.a.t.service.BookWriterService        : item writer for id: 3141 and extra-param: 5
2025-01-31T17:42:07.586+03:00  INFO 29191 --- [           main] c.a.a.t.service.BookWriterService        : item writer for id: 3142 and extra-param: 5
2025-01-31T17:42:07.587+03:00  INFO 29191 --- [           main] c.a.a.t.service.BookWriterService        : item writer for id: 3143 and extra-param: 5
2025-01-31T17:42:07.587+03:00  INFO 29191 --- [           main] c.a.a.t.service.BookWriterService        : item writer for id: 3144 and extra-param: 5
2025-01-31T17:42:07.587+03:00  INFO 29191 --- [           main] c.a.a.t.service.BookWriterService        : item writer for id: 3145 and extra-param: 5
2025-01-31T17:42:07.587+03:00  INFO 29191 --- [           main] c.a.a.t.service.BookWriterService        : item writer for id: 3146 and extra-param: 5
2025-01-31T17:42:07.587+03:00  INFO 29191 --- [           main] c.a.a.t.service.BookWriterService        : item writer for id: 3147 and extra-param: 5
2025-01-31T17:42:07.587+03:00  INFO 29191 --- [           main] c.a.a.t.service.BookWriterService        : item writer for id: 3148 and extra-param: 5
2025-01-31T17:42:07.588+03:00  INFO 29191 --- [           main] c.a.a.t.service.BookWriterService        : item writer for id: 3149 and extra-param: 5
2025-01-31T17:42:07.588+03:00  INFO 29191 --- [           main] c.a.a.t.service.BookWriterService        : item writer for id: 3150 and extra-param: 5
2025-01-31T17:42:07.588+03:00  INFO 29191 --- [           main] c.a.a.t.service.BookWriterService        : item writer for id: 3151 and extra-param: 5
2025-01-31T17:42:07.589+03:00  INFO 29191 --- [           main] c.a.a.t.service.BookWriterService        : item writer for id: 3152 and extra-param: 5
2025-01-31T17:42:07.589+03:00  INFO 29191 --- [           main] c.a.a.t.service.BookWriterService        : item writer for id: 3153 and extra-param: 5
2025-01-31T17:42:07.589+03:00  INFO 29191 --- [           main] c.a.a.t.service.BookWriterService        : item writer for id: 3154 and extra-param: 5
2025-01-31T17:42:07.589+03:00  INFO 29191 --- [           main] c.a.a.t.service.BookWriterService        : item writer for id: 3155 and extra-param: 5
2025-01-31T17:42:07.589+03:00  INFO 29191 --- [           main] c.a.a.t.service.BookWriterService        : item writer for id: 3156 and extra-param: 5
2025-01-31T17:42:07.589+03:00  INFO 29191 --- [           main] c.a.a.t.service.BookWriterService        : item writer for id: 3157 and extra-param: 5
2025-01-31T17:42:07.590+03:00  INFO 29191 --- [           main] c.a.a.t.service.BookWriterService        : item writer for id: 3158 and extra-param: 5
2025-01-31T17:42:07.590+03:00  INFO 29191 --- [           main] c.a.a.t.service.BookWriterService        : item writer for id: 3159 and extra-param: 5
2025-01-31T17:42:07.590+03:00  INFO 29191 --- [           main] c.a.a.t.service.BookWriterService        : item writer for id: 3160 and extra-param: 5
2025-01-31T17:42:07.591+03:00  INFO 29191 --- [           main] c.a.a.t.service.BookWriterService        : item writer for id: 3161 and extra-param: 5
2025-01-31T17:42:07.591+03:00  INFO 29191 --- [           main] c.a.a.t.service.BookWriterService        : item writer for id: 3162 and extra-param: 5
2025-01-31T17:42:07.591+03:00  INFO 29191 --- [           main] c.a.a.t.service.BookWriterService        : item writer for id: 3163 and extra-param: 5
2025-01-31T17:42:07.592+03:00  INFO 29191 --- [           main] c.a.a.t.service.BookWriterService        : item writer for id: 3164 and extra-param: 5
2025-01-31T17:42:07.592+03:00  INFO 29191 --- [           main] c.a.a.t.service.BookWriterService        : item writer for id: 3165 and extra-param: 5
2025-01-31T17:42:07.592+03:00  INFO 29191 --- [           main] c.a.a.t.service.BookWriterService        : item writer for id: 3166 and extra-param: 5
2025-01-31T17:42:07.593+03:00  INFO 29191 --- [           main] c.a.a.t.service.BookWriterService        : item writer for id: 3167 and extra-param: 5
2025-01-31T17:42:07.593+03:00  INFO 29191 --- [           main] c.a.a.t.service.BookWriterService        : item writer for id: 3168 and extra-param: 5
2025-01-31T17:42:07.593+03:00  INFO 29191 --- [           main] c.a.a.t.service.BookWriterService        : item writer for id: 3169 and extra-param: 5
2025-01-31T17:42:07.594+03:00  INFO 29191 --- [           main] c.a.a.t.service.BookWriterService        : item writer for id: 3170 and extra-param: 5
2025-01-31T17:42:07.594+03:00  INFO 29191 --- [           main] c.a.a.t.service.BookWriterService        : item writer for id: 3171 and extra-param: 5
2025-01-31T17:42:07.594+03:00  INFO 29191 --- [           main] c.a.a.t.service.BookWriterService        : item writer for id: 3172 and extra-param: 5
2025-01-31T17:42:07.594+03:00  INFO 29191 --- [           main] c.a.a.t.service.BookWriterService        : item writer for id: 3173 and extra-param: 5
2025-01-31T17:42:07.594+03:00  INFO 29191 --- [           main] c.a.a.t.service.BookWriterService        : item writer for id: 3174 and extra-param: 5
2025-01-31T17:42:07.595+03:00  INFO 29191 --- [           main] c.a.a.t.service.BookWriterService        : item writer for id: 3175 and extra-param: 5
2025-01-31T17:42:07.595+03:00  INFO 29191 --- [           main] c.a.a.t.service.BookWriterService        : item writer for id: 3176 and extra-param: 5
2025-01-31T17:42:07.595+03:00  INFO 29191 --- [           main] c.a.a.t.service.BookWriterService        : item writer for id: 3177 and extra-param: 5
2025-01-31T17:42:07.595+03:00  INFO 29191 --- [           main] c.a.a.t.service.BookWriterService        : item writer for id: 3178 and extra-param: 5
2025-01-31T17:42:07.597+03:00  INFO 29191 --- [           main] c.a.a.t.service.BookWriterService        : item writer for id: 3179 and extra-param: 5
2025-01-31T17:42:07.598+03:00  INFO 29191 --- [           main] c.a.a.t.service.BookWriterService        : item writer for id: 3180 and extra-param: 5
2025-01-31T17:42:07.598+03:00  INFO 29191 --- [           main] c.a.a.t.service.BookWriterService        : item writer for id: 3181 and extra-param: 5
2025-01-31T17:42:07.599+03:00  INFO 29191 --- [           main] c.a.a.t.service.BookWriterService        : item writer for id: 3182 and extra-param: 5
2025-01-31T17:42:07.599+03:00  INFO 29191 --- [           main] c.a.a.t.service.BookWriterService        : item writer for id: 3183 and extra-param: 5
2025-01-31T17:42:07.599+03:00  INFO 29191 --- [           main] c.a.a.t.service.BookWriterService        : item writer for id: 3184 and extra-param: 5
2025-01-31T17:42:07.600+03:00  INFO 29191 --- [           main] c.a.a.t.service.BookWriterService        : item writer for id: 3185 and extra-param: 5
2025-01-31T17:42:07.600+03:00  INFO 29191 --- [           main] c.a.a.t.service.BookWriterService        : item writer for id: 3186 and extra-param: 5
2025-01-31T17:42:07.600+03:00  INFO 29191 --- [           main] c.a.a.t.service.BookWriterService        : item writer for id: 3187 and extra-param: 5
2025-01-31T17:42:07.601+03:00  INFO 29191 --- [           main] c.a.a.t.service.BookWriterService        : item writer for id: 3188 and extra-param: 5
2025-01-31T17:42:07.601+03:00  INFO 29191 --- [           main] c.a.a.t.service.BookWriterService        : item writer for id: 3189 and extra-param: 5
2025-01-31T17:42:07.601+03:00  INFO 29191 --- [           main] c.a.a.t.service.BookWriterService        : item writer for id: 3190 and extra-param: 5
2025-01-31T17:42:07.602+03:00  INFO 29191 --- [           main] c.a.a.t.service.BookWriterService        : item writer for id: 3191 and extra-param: 5
2025-01-31T17:42:07.602+03:00  INFO 29191 --- [           main] c.a.a.t.service.BookWriterService        : item writer for id: 3192 and extra-param: 5
2025-01-31T17:42:07.602+03:00  INFO 29191 --- [           main] c.a.a.t.service.BookWriterService        : item writer for id: 3193 and extra-param: 5
2025-01-31T17:42:07.603+03:00  INFO 29191 --- [           main] c.a.a.t.service.BookWriterService        : item writer for id: 3194 and extra-param: 5
2025-01-31T17:42:07.603+03:00  INFO 29191 --- [           main] c.a.a.t.service.BookWriterService        : item writer for id: 3195 and extra-param: 5
2025-01-31T17:42:07.603+03:00  INFO 29191 --- [           main] c.a.a.t.service.BookWriterService        : item writer for id: 3196 and extra-param: 5
2025-01-31T17:42:07.604+03:00  INFO 29191 --- [           main] c.a.a.t.service.BookWriterService        : item writer for id: 3197 and extra-param: 5
2025-01-31T17:42:07.604+03:00  INFO 29191 --- [           main] c.a.a.t.service.BookWriterService        : item writer for id: 3198 and extra-param: 5
2025-01-31T17:42:07.604+03:00  INFO 29191 --- [           main] c.a.a.t.service.BookWriterService        : item writer for id: 3199 and extra-param: 5
2025-01-31T17:42:07.605+03:00  INFO 29191 --- [           main] c.a.a.t.service.BookWriterService        : item writer for id: 3200 and extra-param: 5
2025-01-31T17:42:07.607+03:00  INFO 29191 --- [           main] o.s.batch.core.step.AbstractStep         : Step: [chunkStepForDbToServiceJob] executed in 35ms
2025-01-31T17:42:07.608+03:00  INFO 29191 --- [           main] c.a.a.t.s.JobExecutionListenerService    : JobExecutionListener notified with new status: COMPLETED
2025-01-31T17:42:07.608+03:00  INFO 29191 --- [           main] o.s.b.c.l.support.SimpleJobLauncher      : Job: [SimpleJob: [name=jobForDbToServiceJob]] completed with the following parameters: [{'inputParamId':'{value=test-db-to-service-sync, type=class java.lang.String, identifying=true}','inputParam':'{value=com.aril.arilbatchsdk.core.parameter.support.BatchJobParameterWrapper@47af0a16, type=class com.aril.arilbatchsdk.core.parameter.support.BatchJobParameterWrapper, identifying=false}','jobExportFolder':'{value=2025/01/31, type=class java.lang.String, identifying=false}'}] and the following status: [COMPLETED] in 37ms
2025-01-31T17:42:07.608+03:00  INFO 29191 --- [           main] c.a.a.service.BaseJobLauncherTest        : Job started with id: 32 and paramId: test-db-to-service-sync
2025-01-31T17:42:07.609+03:00  INFO 29191 --- [           main] c.a.a.service.BaseJobLauncherTest        : StepExecution details with name: chunkStepForDbToServiceJob read: 100 write: 100 skip: 0
]]></system-out>
  </testcase>
  <testcase name="syncBatchCsvToDbCall" classname="com.aril.arilbatchsdk.service.BatchJobLauncherServiceTest" time="0.048">
    <system-out><![CDATA[2025-01-31T17:42:07.637+03:00  INFO 29191 --- [           main] o.s.b.c.l.support.SimpleJobLauncher      : Job: [SimpleJob: [name=jobForCsvToDbJob]] launched with the following parameters: [{'inputParamId':'{value=test-csv-to-db-sync, type=class java.lang.String, identifying=true}','inputParam':'{value=com.aril.arilbatchsdk.core.parameter.support.BatchJobParameterWrapper@f982784, type=class com.aril.arilbatchsdk.core.parameter.support.BatchJobParameterWrapper, identifying=false}'}]
2025-01-31T17:42:07.638+03:00  WARN 29191 --- [           main] o.s.b.c.l.AbstractListenerFactoryBean    : org.springframework.batch.item.ItemProcessor is an interface. The implementing class will not be queried for annotation based listener configurations. If using @StepScope on a @Bean method, be sure to return the implementing class so listener annotations can be used.
2025-01-31T17:42:07.639+03:00  WARN 29191 --- [           main] o.s.b.c.l.AbstractListenerFactoryBean    : org.springframework.batch.item.ItemProcessor is an interface. The implementing class will not be queried for annotation based listener configurations. If using @StepScope on a @Bean method, be sure to return the implementing class so listener annotations can be used.
2025-01-31T17:42:07.640+03:00  INFO 29191 --- [           main] o.s.batch.core.job.SimpleStepHandler     : Executing step: [chunkStepForCsvToDbJob]
2025-01-31T17:42:07.655+03:00  INFO 29191 --- [           main] o.s.batch.core.step.AbstractStep         : Step: [chunkStepForCsvToDbJob] executed in 15ms
2025-01-31T17:42:07.655+03:00  INFO 29191 --- [           main] c.a.a.t.s.JobExecutionListenerService    : JobExecutionListener notified with new status: COMPLETED
2025-01-31T17:42:07.655+03:00  INFO 29191 --- [           main] o.s.b.c.l.support.SimpleJobLauncher      : Job: [SimpleJob: [name=jobForCsvToDbJob]] completed with the following parameters: [{'inputParamId':'{value=test-csv-to-db-sync, type=class java.lang.String, identifying=true}','inputParam':'{value=com.aril.arilbatchsdk.core.parameter.support.BatchJobParameterWrapper@f982784, type=class com.aril.arilbatchsdk.core.parameter.support.BatchJobParameterWrapper, identifying=false}'}] and the following status: [COMPLETED] in 17ms
2025-01-31T17:42:07.655+03:00  INFO 29191 --- [           main] c.a.a.service.BaseJobLauncherTest        : Job started with id: 33 and paramId: test-csv-to-db-sync
2025-01-31T17:42:07.656+03:00  INFO 29191 --- [           main] c.a.a.service.BaseJobLauncherTest        : StepExecution details with name: chunkStepForCsvToDbJob read: 100 write: 100 skip: 0
]]></system-out>
  </testcase>
  <testcase name="syncBatchExcelToKafkaCall" classname="com.aril.arilbatchsdk.service.BatchJobLauncherServiceTest" time="0.072">
    <system-out><![CDATA[2025-01-31T17:42:07.686+03:00  INFO 29191 --- [           main] o.s.b.c.l.support.SimpleJobLauncher      : Job: [SimpleJob: [name=jobForExcelToKafkaJob]] launched with the following parameters: [{'inputParamId':'{value=test-excel-to-kafka-sync, type=class java.lang.String, identifying=true}','inputParam':'{value=com.aril.arilbatchsdk.core.parameter.support.BatchJobParameterWrapper@3ef821dd, type=class com.aril.arilbatchsdk.core.parameter.support.BatchJobParameterWrapper, identifying=false}'}]
2025-01-31T17:42:07.688+03:00  WARN 29191 --- [           main] o.s.b.c.l.AbstractListenerFactoryBean    : org.springframework.batch.item.ItemProcessor is an interface. The implementing class will not be queried for annotation based listener configurations. If using @StepScope on a @Bean method, be sure to return the implementing class so listener annotations can be used.
2025-01-31T17:42:07.688+03:00  WARN 29191 --- [           main] o.s.b.c.l.AbstractListenerFactoryBean    : org.springframework.batch.item.ItemProcessor is an interface. The implementing class will not be queried for annotation based listener configurations. If using @StepScope on a @Bean method, be sure to return the implementing class so listener annotations can be used.
2025-01-31T17:42:07.689+03:00  INFO 29191 --- [           main] o.s.batch.core.job.SimpleStepHandler     : Executing step: [chunkStepForExcelToKafkaJob]
2025-01-31T17:42:07.721+03:00  INFO 29191 --- [           main] o.s.batch.core.step.AbstractStep         : Step: [chunkStepForExcelToKafkaJob] executed in 31ms
2025-01-31T17:42:07.722+03:00  INFO 29191 --- [           main] o.s.batch.core.job.SimpleStepHandler     : Executing step: [logStepForExcelToKafkaJob]
2025-01-31T17:42:07.725+03:00  INFO 29191 --- [           main] o.s.batch.core.step.AbstractStep         : Step: [logStepForExcelToKafkaJob] executed in 2ms
2025-01-31T17:42:07.725+03:00  INFO 29191 --- [           main] c.a.a.t.s.JobExecutionListenerService    : JobExecutionListener notified with new status: COMPLETED
2025-01-31T17:42:07.726+03:00  INFO 29191 --- [           main] o.s.b.c.l.support.SimpleJobLauncher      : Job: [SimpleJob: [name=jobForExcelToKafkaJob]] completed with the following parameters: [{'inputParamId':'{value=test-excel-to-kafka-sync, type=class java.lang.String, identifying=true}','inputParam':'{value=com.aril.arilbatchsdk.core.parameter.support.BatchJobParameterWrapper@3ef821dd, type=class com.aril.arilbatchsdk.core.parameter.support.BatchJobParameterWrapper, identifying=false}'}] and the following status: [COMPLETED] in 38ms
2025-01-31T17:42:07.726+03:00  INFO 29191 --- [           main] c.a.a.service.BaseJobLauncherTest        : Job started with id: 34 and paramId: test-excel-to-kafka-sync
2025-01-31T17:42:07.727+03:00  INFO 29191 --- [           main] c.a.a.service.BaseJobLauncherTest        : StepExecution details with name: chunkStepForExcelToKafkaJob read: 100 write: 100 skip: 0
2025-01-31T17:42:07.727+03:00  INFO 29191 --- [           main] c.a.a.service.BaseJobLauncherTest        : StepExecution details with name: logStepForExcelToKafkaJob read: 0 write: 0 skip: 0
2025-01-31T17:42:07.729+03:00  INFO 29191 --- [           main] c.a.a.service.BaseJobLauncherTest        : consumer details read: 100 skip: 0 produce: 100 percentage: 30
]]></system-out>
  </testcase>
  <testcase name="syncBatchCsvToServiceCall" classname="com.aril.arilbatchsdk.service.BatchJobLauncherServiceTest" time="0.051">
    <system-out><![CDATA[2025-01-31T17:42:07.764+03:00  INFO 29191 --- [           main] o.s.b.c.l.support.SimpleJobLauncher      : Job: [SimpleJob: [name=jobForCsvToServiceJob]] launched with the following parameters: [{'inputParamId':'{value=test-csv-to-service-async, type=class java.lang.String, identifying=true}','inputParam':'{value=com.aril.arilbatchsdk.core.parameter.support.BatchJobParameterWrapper@46170292, type=class com.aril.arilbatchsdk.core.parameter.support.BatchJobParameterWrapper, identifying=false}','jobExportFolder':'{value=2025/01/31, type=class java.lang.String, identifying=false}'}]
2025-01-31T17:42:07.765+03:00  WARN 29191 --- [           main] o.s.b.c.l.AbstractListenerFactoryBean    : org.springframework.batch.item.ItemProcessor is an interface. The implementing class will not be queried for annotation based listener configurations. If using @StepScope on a @Bean method, be sure to return the implementing class so listener annotations can be used.
2025-01-31T17:42:07.766+03:00  WARN 29191 --- [           main] o.s.b.c.l.AbstractListenerFactoryBean    : org.springframework.batch.item.ItemProcessor is an interface. The implementing class will not be queried for annotation based listener configurations. If using @StepScope on a @Bean method, be sure to return the implementing class so listener annotations can be used.
2025-01-31T17:42:07.766+03:00  INFO 29191 --- [           main] o.s.batch.core.job.SimpleStepHandler     : Executing step: [chunkStepForCsvToServiceJob]
2025-01-31T17:42:07.782+03:00  INFO 29191 --- [           main] o.s.batch.core.step.AbstractStep         : Step: [chunkStepForCsvToServiceJob] executed in 15ms
2025-01-31T17:42:07.782+03:00  INFO 29191 --- [           main] c.a.a.t.s.JobExecutionListenerService    : JobExecutionListener notified with new status: COMPLETED
2025-01-31T17:42:07.782+03:00  INFO 29191 --- [           main] o.s.b.c.l.support.SimpleJobLauncher      : Job: [SimpleJob: [name=jobForCsvToServiceJob]] completed with the following parameters: [{'inputParamId':'{value=test-csv-to-service-async, type=class java.lang.String, identifying=true}','inputParam':'{value=com.aril.arilbatchsdk.core.parameter.support.BatchJobParameterWrapper@46170292, type=class com.aril.arilbatchsdk.core.parameter.support.BatchJobParameterWrapper, identifying=false}','jobExportFolder':'{value=2025/01/31, type=class java.lang.String, identifying=false}'}] and the following status: [COMPLETED] in 18ms
2025-01-31T17:42:07.782+03:00  INFO 29191 --- [           main] c.a.a.service.BaseJobLauncherTest        : Job started with id: 35 and paramId: test-csv-to-service-async
2025-01-31T17:42:07.783+03:00  INFO 29191 --- [           main] c.a.a.service.BaseJobLauncherTest        : StepExecution details with name: chunkStepForCsvToServiceJob read: 100 write: 100 skip: 0
]]></system-out>
  </testcase>
</testsuite>