<?xml version="1.0" encoding="UTF-8"?>
<testsuite xmlns:xsi="http://www.w3.org/2001/XMLSchema-instance" xsi:noNamespaceSchemaLocation="https://maven.apache.org/surefire/maven-surefire-plugin/xsd/surefire-test-report-3.0.xsd" version="3.0" name="com.aril.arilbatchsdk.service.BatchAsyncJobLauncherServiceTest" time="6.023" tests="15" errors="0" skipped="0" failures="0">
  <properties>
[...]
</properties>
  <testcase name="asyncBatchControllerToExcelCall" classname="com.aril.arilbatchsdk.service.BatchAsyncJobLauncherServiceTest" time="1.594">
    <system-out><![CDATA[
  .   ____          _            __ _ _
 /\\ / ___'_ __ _ _(_)_ __  __ _ \ \ \ \
( ( )\___ | '_ | '_| | '_ \/ _` | \ \ \ \
 \\/  ___)| |_)| | | | | || (_| |  ) ) ) )
  '  |____| .__|_| |_|_| |_\__, | / / / /
 =========|_|==============|___/=/_/_/_/
 :: Spring Boot ::                (v3.2.3)

2025-01-31T17:41:59.418+03:00  INFO 29191 --- [           main] c.a.a.s.BatchAsyncJobLauncherServiceTest : Starting BatchAsyncJobLauncherServiceTest using Java 21 with PID 29191 (started by senolatac in /Users/senolatac/Documents/projects/aril-batch-sdk)
2025-01-31T17:41:59.419+03:00  INFO 29191 --- [           main] c.a.a.s.BatchAsyncJobLauncherServiceTest : No active profile set, falling back to 1 default profile: "default"
2025-01-31T17:41:59.542+03:00  INFO 29191 --- [           main] .s.d.r.c.RepositoryConfigurationDelegate : Multiple Spring Data modules found, entering strict repository configuration mode
2025-01-31T17:41:59.543+03:00  INFO 29191 --- [           main] .s.d.r.c.RepositoryConfigurationDelegate : Bootstrapping Spring Data Redis repositories in DEFAULT mode.
2025-01-31T17:41:59.545+03:00  INFO 29191 --- [           main] .s.d.r.c.RepositoryConfigurationDelegate : Finished Spring Data repository scanning in 1 ms. Found 0 Redis repository interfaces.
2025-01-31T17:41:59.631+03:00  INFO 29191 --- [           main] .s.d.r.c.RepositoryConfigurationDelegate : Multiple Spring Data modules found, entering strict repository configuration mode
2025-01-31T17:41:59.631+03:00  INFO 29191 --- [           main] .s.d.r.c.RepositoryConfigurationDelegate : Bootstrapping Spring Data JPA repositories in DEFAULT mode.
2025-01-31T17:41:59.652+03:00  INFO 29191 --- [           main] .s.d.r.c.RepositoryConfigurationDelegate : Finished Spring Data repository scanning in 20 ms. Found 5 JPA repository interfaces.
2025-01-31T17:41:59.656+03:00  INFO 29191 --- [           main] .s.d.r.c.RepositoryConfigurationDelegate : Multiple Spring Data modules found, entering strict repository configuration mode
2025-01-31T17:41:59.656+03:00  INFO 29191 --- [           main] .s.d.r.c.RepositoryConfigurationDelegate : Bootstrapping Spring Data Redis repositories in DEFAULT mode.
2025-01-31T17:41:59.662+03:00  INFO 29191 --- [           main] .RepositoryConfigurationExtensionSupport : Spring Data Redis - Could not safely identify store assignment for repository candidate interface com.aril.arilbatchsdk.testadapter.repository.BookRepository; If you want this repository to be a Redis repository, consider annotating your entities with one of these annotations: org.springframework.data.redis.core.RedisHash (preferred), or consider extending one of the following types with your repository: org.springframework.data.keyvalue.repository.KeyValueRepository
2025-01-31T17:41:59.662+03:00  INFO 29191 --- [           main] .RepositoryConfigurationExtensionSupport : Spring Data Redis - Could not safely identify store assignment for repository candidate interface com.aril.arilbatchsdk.repository.BatchJobConsumerTrackerRepository; If you want this repository to be a Redis repository, consider annotating your entities with one of these annotations: org.springframework.data.redis.core.RedisHash (preferred), or consider extending one of the following types with your repository: org.springframework.data.keyvalue.repository.KeyValueRepository
2025-01-31T17:41:59.662+03:00  INFO 29191 --- [           main] .RepositoryConfigurationExtensionSupport : Spring Data Redis - Could not safely identify store assignment for repository candidate interface com.aril.arilbatchsdk.repository.BatchJobItemResultRepository; If you want this repository to be a Redis repository, consider annotating your entities with one of these annotations: org.springframework.data.redis.core.RedisHash (preferred), or consider extending one of the following types with your repository: org.springframework.data.keyvalue.repository.KeyValueRepository
2025-01-31T17:41:59.662+03:00  INFO 29191 --- [           main] .RepositoryConfigurationExtensionSupport : Spring Data Redis - Could not safely identify store assignment for repository candidate interface com.aril.arilbatchsdk.repository.BatchJobResultSummaryRepository; If you want this repository to be a Redis repository, consider annotating your entities with one of these annotations: org.springframework.data.redis.core.RedisHash (preferred), or consider extending one of the following types with your repository: org.springframework.data.keyvalue.repository.KeyValueRepository
2025-01-31T17:41:59.662+03:00  INFO 29191 --- [           main] .RepositoryConfigurationExtensionSupport : Spring Data Redis - Could not safely identify store assignment for repository candidate interface com.aril.arilbatchsdk.repository.BatchJobSummaryRepository; If you want this repository to be a Redis repository, consider annotating your entities with one of these annotations: org.springframework.data.redis.core.RedisHash (preferred), or consider extending one of the following types with your repository: org.springframework.data.keyvalue.repository.KeyValueRepository
2025-01-31T17:41:59.662+03:00  INFO 29191 --- [           main] .s.d.r.c.RepositoryConfigurationDelegate : Finished Spring Data repository scanning in 6 ms. Found 0 Redis repository interfaces.
2025-01-31T17:41:59.695+03:00  INFO 29191 --- [           main] o.s.cloud.context.scope.GenericScope     : BeanFactory id=5b6709dd-cc25-3c40-8f47-7aca0c39cb14
2025-01-31T17:41:59.906+03:00  WARN 29191 --- [           main] trationDelegate$BeanPostProcessorChecker : Bean 'org.springframework.cloud.commons.config.CommonsConfigAutoConfiguration' of type [org.springframework.cloud.commons.config.CommonsConfigAutoConfiguration] is not eligible for getting processed by all BeanPostProcessors (for example: not eligible for auto-proxying). Is this bean getting eagerly injected into a currently created BeanPostProcessor [jobRegistryBeanPostProcessor]? Check the corresponding BeanPostProcessor declaration and its dependencies.
2025-01-31T17:41:59.906+03:00  WARN 29191 --- [           main] trationDelegate$BeanPostProcessorChecker : Bean 'org.springframework.cloud.client.loadbalancer.LoadBalancerDefaultMappingsProviderAutoConfiguration' of type [org.springframework.cloud.client.loadbalancer.LoadBalancerDefaultMappingsProviderAutoConfiguration] is not eligible for getting processed by all BeanPostProcessors (for example: not eligible for auto-proxying). Is this bean getting eagerly injected into a currently created BeanPostProcessor [jobRegistryBeanPostProcessor]? Check the corresponding BeanPostProcessor declaration and its dependencies.
2025-01-31T17:41:59.906+03:00  WARN 29191 --- [           main] trationDelegate$BeanPostProcessorChecker : Bean 'loadBalancerClientsDefaultsMappingsProvider' of type [org.springframework.cloud.client.loadbalancer.LoadBalancerDefaultMappingsProviderAutoConfiguration$$Lambda/0x000000e801dc4c70] is not eligible for getting processed by all BeanPostProcessors (for example: not eligible for auto-proxying). Is this bean getting eagerly injected into a currently created BeanPostProcessor [jobRegistryBeanPostProcessor]? Check the corresponding BeanPostProcessor declaration and its dependencies.
2025-01-31T17:41:59.907+03:00  WARN 29191 --- [           main] trationDelegate$BeanPostProcessorChecker : Bean 'defaultsBindHandlerAdvisor' of type [org.springframework.cloud.commons.config.DefaultsBindHandlerAdvisor] is not eligible for getting processed by all BeanPostProcessors (for example: not eligible for auto-proxying). Is this bean getting eagerly injected into a currently created BeanPostProcessor [jobRegistryBeanPostProcessor]? Check the corresponding BeanPostProcessor declaration and its dependencies.
2025-01-31T17:41:59.909+03:00  WARN 29191 --- [           main] trationDelegate$BeanPostProcessorChecker : Bean 'aril.batch-com.aril.arilbatchsdk.config.ArilBatchProperties' of type [com.aril.arilbatchsdk.config.ArilBatchProperties] is not eligible for getting processed by all BeanPostProcessors (for example: not eligible for auto-proxying). Is this bean getting eagerly injected into a currently created BeanPostProcessor [jobRegistryBeanPostProcessor]? Check the corresponding BeanPostProcessor declaration and its dependencies.
2025-01-31T17:41:59.909+03:00  WARN 29191 --- [           main] trationDelegate$BeanPostProcessorChecker : Bean 'arilJobConfiguration' of type [com.aril.arilbatchsdk.config.ArilJobConfiguration$$SpringCGLIB$$0] is not eligible for getting processed by all BeanPostProcessors (for example: not eligible for auto-proxying). The currently created BeanPostProcessor [jobRegistryBeanPostProcessor] is declared through a non-static factory method on that class; consider declaring it as static instead.
2025-01-31T17:41:59.910+03:00  WARN 29191 --- [           main] trationDelegate$BeanPostProcessorChecker : Bean 'jobRegistry' of type [org.springframework.batch.core.configuration.support.MapJobRegistry] is not eligible for getting processed by all BeanPostProcessors (for example: not eligible for auto-proxying). Is this bean getting eagerly injected into a currently created BeanPostProcessor [jobRegistryBeanPostProcessor]? Check the corresponding BeanPostProcessor declaration and its dependencies.
2025-01-31T17:41:59.912+03:00  INFO 29191 --- [           main] o.s.j.d.e.EmbeddedDatabaseFactory        : Starting embedded database: url='jdbc:h2:mem:testdb;DB_CLOSE_DELAY=-1;DB_CLOSE_ON_EXIT=false', username='sa'
2025-01-31T17:41:59.942+03:00  INFO 29191 --- [           main] o.hibernate.jpa.internal.util.LogHelper  : HHH000204: Processing PersistenceUnitInfo [name: default]
2025-01-31T17:41:59.944+03:00  INFO 29191 --- [           main] o.h.c.internal.RegionFactoryInitiator    : HHH000026: Second-level cache disabled
2025-01-31T17:41:59.946+03:00  INFO 29191 --- [           main] o.s.o.j.p.SpringPersistenceUnitInfo      : No LoadTimeWeaver setup: ignoring JPA class transformer
2025-01-31T17:42:00.049+03:00  INFO 29191 --- [           main] o.h.e.t.j.p.i.JtaPlatformInitiator       : HHH000489: No JTA platform available (set 'hibernate.transaction.jta.platform' to enable JTA platform integration)
2025-01-31T17:42:00.057+03:00  INFO 29191 --- [           main] j.LocalContainerEntityManagerFactoryBean : Initialized JPA EntityManagerFactory for persistence unit 'default'
2025-01-31T17:42:00.182+03:00  INFO 29191 --- [           main] org.redisson.Version                     : Redisson 3.27.2
2025-01-31T17:42:00.224+03:00  WARN 29191 --- [           main] JpaBaseConfiguration$JpaWebConfiguration : spring.jpa.open-in-view is enabled by default. Therefore, database queries may be performed during view rendering. Explicitly configure spring.jpa.open-in-view to disable this warning
2025-01-31T17:42:00.333+03:00  INFO 29191 --- [           main] c.a.a.s.BatchAsyncJobLauncherServiceTest : Started BatchAsyncJobLauncherServiceTest in 0.93 seconds (process running for 12.044)
2025-01-31T17:42:00.560+03:00  INFO 29191 --- [           main] c.a.a.service.BaseJobLauncherTest        : Job started with id: 1 and paramId: test-controller-to-excel-async
2025-01-31T17:42:00.560+03:00  INFO 29191 --- [cTaskExecutor-1] o.s.b.c.l.support.SimpleJobLauncher      : Job: [SimpleJob: [name=jobForControllerToExcelJob]] launched with the following parameters: [{'inputParamId':'{value=test-controller-to-excel-async, type=class java.lang.String, identifying=true}','inputParam':'{value=com.aril.arilbatchsdk.core.parameter.support.BatchJobParameterWrapper@152b6039, type=class com.aril.arilbatchsdk.core.parameter.support.BatchJobParameterWrapper, identifying=false}','jobExportFolder':'{value=2025/01/31, type=class java.lang.String, identifying=false}'}]
2025-01-31T17:42:00.589+03:00  WARN 29191 --- [cTaskExecutor-1] o.s.b.c.l.AbstractListenerFactoryBean    : org.springframework.batch.item.ItemProcessor is an interface. The implementing class will not be queried for annotation based listener configurations. If using @StepScope on a @Bean method, be sure to return the implementing class so listener annotations can be used.
2025-01-31T17:42:00.606+03:00  INFO 29191 --- [cTaskExecutor-1] o.s.batch.core.job.SimpleStepHandler     : Executing step: [chunkStepForControllerToExcelJob]
2025-01-31T17:42:01.247+03:00  INFO 29191 --- [cTaskExecutor-1] c.a.a.t.controller.BookController        : Request came with page-request: com.aril.valhala.application.Pager@117905a9
2025-01-31T17:42:01.267+03:00  INFO 29191 --- [cTaskExecutor-1] c.a.a.t.controller.BookController        : Request came with page-request: com.aril.valhala.application.Pager@5243a1e2
2025-01-31T17:42:01.271+03:00  INFO 29191 --- [cTaskExecutor-1] c.a.a.t.controller.BookController        : Request came with page-request: com.aril.valhala.application.Pager@27497e52
2025-01-31T17:42:01.274+03:00  INFO 29191 --- [cTaskExecutor-1] c.a.a.t.controller.BookController        : Request came with page-request: com.aril.valhala.application.Pager@277a5ade
2025-01-31T17:42:01.282+03:00  INFO 29191 --- [cTaskExecutor-1] c.a.a.t.controller.BookController        : Request came with page-request: com.aril.valhala.application.Pager@345726cf
2025-01-31T17:42:01.286+03:00  INFO 29191 --- [cTaskExecutor-1] c.a.a.t.controller.BookController        : Request came with page-request: com.aril.valhala.application.Pager@5cce170a
2025-01-31T17:42:01.289+03:00  INFO 29191 --- [cTaskExecutor-1] c.a.a.t.controller.BookController        : Request came with page-request: com.aril.valhala.application.Pager@33781d39
2025-01-31T17:42:01.293+03:00  INFO 29191 --- [cTaskExecutor-1] c.a.a.t.controller.BookController        : Request came with page-request: com.aril.valhala.application.Pager@563a91da
2025-01-31T17:42:01.296+03:00  INFO 29191 --- [cTaskExecutor-1] c.a.a.t.controller.BookController        : Request came with page-request: com.aril.valhala.application.Pager@1cd16110
2025-01-31T17:42:01.299+03:00  INFO 29191 --- [cTaskExecutor-1] c.a.a.t.controller.BookController        : Request came with page-request: com.aril.valhala.application.Pager@275ea116
2025-01-31T17:42:01.303+03:00  INFO 29191 --- [cTaskExecutor-1] c.a.a.t.controller.BookController        : Request came with page-request: com.aril.valhala.application.Pager@3fd8a160
2025-01-31T17:42:01.306+03:00  INFO 29191 --- [cTaskExecutor-1] c.a.a.t.controller.BookController        : Request came with page-request: com.aril.valhala.application.Pager@4445024c
2025-01-31T17:42:01.309+03:00  INFO 29191 --- [cTaskExecutor-1] c.a.a.t.controller.BookController        : Request came with page-request: com.aril.valhala.application.Pager@7254d6fc
2025-01-31T17:42:01.314+03:00  INFO 29191 --- [cTaskExecutor-1] c.a.a.t.controller.BookController        : Request came with page-request: com.aril.valhala.application.Pager@6766ea47
2025-01-31T17:42:01.317+03:00  INFO 29191 --- [cTaskExecutor-1] c.a.a.t.controller.BookController        : Request came with page-request: com.aril.valhala.application.Pager@7d8daa06
2025-01-31T17:42:01.320+03:00  INFO 29191 --- [cTaskExecutor-1] c.a.a.t.controller.BookController        : Request came with page-request: com.aril.valhala.application.Pager@3e7670f8
2025-01-31T17:42:01.323+03:00  INFO 29191 --- [cTaskExecutor-1] c.a.a.t.controller.BookController        : Request came with page-request: com.aril.valhala.application.Pager@6a5046fb
2025-01-31T17:42:01.325+03:00  INFO 29191 --- [cTaskExecutor-1] c.a.a.t.controller.BookController        : Request came with page-request: com.aril.valhala.application.Pager@7d270e9
2025-01-31T17:42:01.328+03:00  INFO 29191 --- [cTaskExecutor-1] c.a.a.t.controller.BookController        : Request came with page-request: com.aril.valhala.application.Pager@659d6126
2025-01-31T17:42:01.332+03:00  INFO 29191 --- [cTaskExecutor-1] c.a.a.t.controller.BookController        : Request came with page-request: com.aril.valhala.application.Pager@6eed6754
2025-01-31T17:42:01.335+03:00  INFO 29191 --- [cTaskExecutor-1] c.a.a.t.controller.BookController        : Request came with page-request: com.aril.valhala.application.Pager@4922c7b6
2025-01-31T17:42:01.338+03:00  INFO 29191 --- [cTaskExecutor-1] c.a.a.t.controller.BookController        : Request came with page-request: com.aril.valhala.application.Pager@c7c0025
2025-01-31T17:42:01.341+03:00  INFO 29191 --- [cTaskExecutor-1] c.a.a.t.controller.BookController        : Request came with page-request: com.aril.valhala.application.Pager@6ab363d5
2025-01-31T17:42:01.343+03:00  INFO 29191 --- [cTaskExecutor-1] c.a.a.t.controller.BookController        : Request came with page-request: com.aril.valhala.application.Pager@5a3a0ea2
2025-01-31T17:42:01.348+03:00  INFO 29191 --- [cTaskExecutor-1] c.a.a.t.controller.BookController        : Request came with page-request: com.aril.valhala.application.Pager@6f5a3995
2025-01-31T17:42:01.350+03:00  INFO 29191 --- [cTaskExecutor-1] c.a.a.t.controller.BookController        : Request came with page-request: com.aril.valhala.application.Pager@371edb32
2025-01-31T17:42:01.353+03:00  INFO 29191 --- [cTaskExecutor-1] c.a.a.t.controller.BookController        : Request came with page-request: com.aril.valhala.application.Pager@d67ede4
2025-01-31T17:42:01.356+03:00  INFO 29191 --- [cTaskExecutor-1] c.a.a.t.controller.BookController        : Request came with page-request: com.aril.valhala.application.Pager@f1a0a45
2025-01-31T17:42:01.359+03:00  INFO 29191 --- [cTaskExecutor-1] c.a.a.t.controller.BookController        : Request came with page-request: com.aril.valhala.application.Pager@43e73203
2025-01-31T17:42:01.361+03:00  INFO 29191 --- [cTaskExecutor-1] c.a.a.t.controller.BookController        : Request came with page-request: com.aril.valhala.application.Pager@3e51e9a5
2025-01-31T17:42:01.365+03:00  INFO 29191 --- [cTaskExecutor-1] c.a.a.t.controller.BookController        : Request came with page-request: com.aril.valhala.application.Pager@3c4fffeb
2025-01-31T17:42:01.368+03:00  INFO 29191 --- [cTaskExecutor-1] c.a.a.t.controller.BookController        : Request came with page-request: com.aril.valhala.application.Pager@88ae7fa
2025-01-31T17:42:01.371+03:00  INFO 29191 --- [cTaskExecutor-1] c.a.a.t.controller.BookController        : Request came with page-request: com.aril.valhala.application.Pager@d6f0b58
2025-01-31T17:42:01.382+03:00  INFO 29191 --- [cTaskExecutor-1] o.s.batch.core.step.AbstractStep         : Step: [chunkStepForControllerToExcelJob] executed in 775ms
2025-01-31T17:42:01.776+03:00  INFO 29191 --- [cTaskExecutor-1] o.s.batch.core.job.SimpleStepHandler     : Executing step: [fileUploaderForControllerToExcelJob]
2025-01-31T17:42:01.788+03:00  INFO 29191 --- [cTaskExecutor-1] o.s.batch.core.step.AbstractStep         : Step: [fileUploaderForControllerToExcelJob] executed in 11ms
2025-01-31T17:42:01.801+03:00  INFO 29191 --- [cTaskExecutor-1] o.s.batch.core.job.SimpleStepHandler     : Executing step: [tmpFileDeleteForControllerToExcelJob]
2025-01-31T17:42:01.815+03:00  INFO 29191 --- [cTaskExecutor-1] o.s.batch.core.step.AbstractStep         : Step: [tmpFileDeleteForControllerToExcelJob] executed in 13ms
2025-01-31T17:42:01.822+03:00  INFO 29191 --- [cTaskExecutor-1] o.s.batch.core.job.SimpleStepHandler     : Executing step: [logStepForControllerToExcelJob]
2025-01-31T17:42:01.830+03:00  INFO 29191 --- [cTaskExecutor-1] o.s.batch.core.step.AbstractStep         : Step: [logStepForControllerToExcelJob] executed in 8ms
2025-01-31T17:42:01.834+03:00  INFO 29191 --- [cTaskExecutor-1] c.a.a.t.s.JobExecutionListenerService    : JobExecutionListener notified with new status: COMPLETED
2025-01-31T17:42:01.835+03:00  INFO 29191 --- [cTaskExecutor-1] o.s.b.c.l.support.SimpleJobLauncher      : Job: [SimpleJob: [name=jobForControllerToExcelJob]] completed with the following parameters: [{'inputParamId':'{value=test-controller-to-excel-async, type=class java.lang.String, identifying=true}','inputParam':'{value=com.aril.arilbatchsdk.core.parameter.support.BatchJobParameterWrapper@152b6039, type=class com.aril.arilbatchsdk.core.parameter.support.BatchJobParameterWrapper, identifying=false}','jobExportFolder':'{value=2025/01/31, type=class java.lang.String, identifying=false}'}] and the following status: [COMPLETED] in 1s263ms
2025-01-31T17:42:01.926+03:00  INFO 29191 --- [           main] c.a.a.service.BaseJobLauncherTest        : StepExecution details with name: chunkStepForControllerToExcelJob read: 97 write: 97 skip: 0
2025-01-31T17:42:01.926+03:00  INFO 29191 --- [           main] c.a.a.service.BaseJobLauncherTest        : StepExecution details with name: fileUploaderForControllerToExcelJob read: 0 write: 0 skip: 0
2025-01-31T17:42:01.926+03:00  INFO 29191 --- [           main] c.a.a.service.BaseJobLauncherTest        : StepExecution details with name: tmpFileDeleteForControllerToExcelJob read: 0 write: 0 skip: 0
2025-01-31T17:42:01.926+03:00  INFO 29191 --- [           main] c.a.a.service.BaseJobLauncherTest        : StepExecution details with name: logStepForControllerToExcelJob read: 0 write: 0 skip: 0
2025-01-31T17:42:01.926+03:00  INFO 29191 --- [           main] c.a.a.service.BaseJobLauncherTest        : Job export-url is test-controller-to-excel-async
]]></system-out>
  </testcase>
  <testcase name="asyncBatchServiceToKafkaCall" classname="com.aril.arilbatchsdk.service.BatchAsyncJobLauncherServiceTest" time="0.447">
    <system-out><![CDATA[2025-01-31T17:42:02.061+03:00  INFO 29191 --- [cTaskExecutor-2] o.s.b.c.l.support.SimpleJobLauncher      : Job: [SimpleJob: [name=jobForServiceToKafkaJob]] launched with the following parameters: [{'inputParamId':'{value=test-service-to-kafka-async, type=class java.lang.String, identifying=true}','inputParam':'{value=com.aril.arilbatchsdk.core.parameter.support.BatchJobParameterWrapper@696c231f, type=class com.aril.arilbatchsdk.core.parameter.support.BatchJobParameterWrapper, identifying=false}'}]
2025-01-31T17:42:02.061+03:00  INFO 29191 --- [           main] c.a.a.service.BaseJobLauncherTest        : Job started with id: 2 and paramId: test-service-to-kafka-async
2025-01-31T17:42:02.072+03:00  WARN 29191 --- [cTaskExecutor-2] o.s.b.c.l.AbstractListenerFactoryBean    : org.springframework.batch.item.ItemProcessor is an interface. The implementing class will not be queried for annotation based listener configurations. If using @StepScope on a @Bean method, be sure to return the implementing class so listener annotations can be used.
2025-01-31T17:42:02.073+03:00  WARN 29191 --- [cTaskExecutor-2] o.s.b.c.l.AbstractListenerFactoryBean    : org.springframework.batch.item.ItemProcessor is an interface. The implementing class will not be queried for annotation based listener configurations. If using @StepScope on a @Bean method, be sure to return the implementing class so listener annotations can be used.
2025-01-31T17:42:02.081+03:00  INFO 29191 --- [cTaskExecutor-2] o.s.batch.core.job.SimpleStepHandler     : Executing step: [chunkStepForServiceToKafkaJob]
2025-01-31T17:42:02.089+03:00  INFO 29191 --- [cTaskExecutor-2] c.a.a.t.service.BookReaderService        : Request came with page-request: Page request [number: 0, size 3, sort: UNSORTED]
2025-01-31T17:42:02.101+03:00  INFO 29191 --- [cTaskExecutor-2] c.a.a.t.service.BookReaderService        : Request came with page-request: Page request [number: 1, size 3, sort: UNSORTED]
2025-01-31T17:42:02.105+03:00  INFO 29191 --- [cTaskExecutor-2] c.a.a.t.service.BookReaderService        : Request came with page-request: Page request [number: 2, size 3, sort: UNSORTED]
2025-01-31T17:42:02.108+03:00  INFO 29191 --- [cTaskExecutor-2] c.a.a.t.service.BookReaderService        : Request came with page-request: Page request [number: 3, size 3, sort: UNSORTED]
2025-01-31T17:42:02.111+03:00  INFO 29191 --- [cTaskExecutor-2] c.a.a.t.service.BookReaderService        : Request came with page-request: Page request [number: 4, size 3, sort: UNSORTED]
2025-01-31T17:42:02.115+03:00  INFO 29191 --- [cTaskExecutor-2] c.a.a.t.service.BookReaderService        : Request came with page-request: Page request [number: 5, size 3, sort: UNSORTED]
2025-01-31T17:42:02.118+03:00  INFO 29191 --- [cTaskExecutor-2] c.a.a.t.service.BookReaderService        : Request came with page-request: Page request [number: 6, size 3, sort: UNSORTED]
2025-01-31T17:42:02.122+03:00  INFO 29191 --- [cTaskExecutor-2] c.a.a.t.service.BookReaderService        : Request came with page-request: Page request [number: 7, size 3, sort: UNSORTED]
2025-01-31T17:42:02.125+03:00  INFO 29191 --- [cTaskExecutor-2] c.a.a.t.service.BookReaderService        : Request came with page-request: Page request [number: 8, size 3, sort: UNSORTED]
2025-01-31T17:42:02.127+03:00  INFO 29191 --- [cTaskExecutor-2] c.a.a.t.service.BookReaderService        : Request came with page-request: Page request [number: 9, size 3, sort: UNSORTED]
2025-01-31T17:42:02.131+03:00  INFO 29191 --- [cTaskExecutor-2] c.a.a.t.service.BookReaderService        : Request came with page-request: Page request [number: 10, size 3, sort: UNSORTED]
2025-01-31T17:42:02.135+03:00  INFO 29191 --- [cTaskExecutor-2] c.a.a.t.service.BookReaderService        : Request came with page-request: Page request [number: 11, size 3, sort: UNSORTED]
2025-01-31T17:42:02.138+03:00  INFO 29191 --- [cTaskExecutor-2] c.a.a.t.service.BookReaderService        : Request came with page-request: Page request [number: 12, size 3, sort: UNSORTED]
2025-01-31T17:42:02.141+03:00  INFO 29191 --- [cTaskExecutor-2] c.a.a.t.service.BookReaderService        : Request came with page-request: Page request [number: 13, size 3, sort: UNSORTED]
2025-01-31T17:42:02.144+03:00  INFO 29191 --- [cTaskExecutor-2] c.a.a.t.service.BookReaderService        : Request came with page-request: Page request [number: 14, size 3, sort: UNSORTED]
2025-01-31T17:42:02.146+03:00  INFO 29191 --- [cTaskExecutor-2] c.a.a.t.service.BookReaderService        : Request came with page-request: Page request [number: 15, size 3, sort: UNSORTED]
2025-01-31T17:42:02.149+03:00  INFO 29191 --- [cTaskExecutor-2] c.a.a.t.service.BookReaderService        : Request came with page-request: Page request [number: 16, size 3, sort: UNSORTED]
2025-01-31T17:42:02.153+03:00  INFO 29191 --- [cTaskExecutor-2] c.a.a.t.service.BookReaderService        : Request came with page-request: Page request [number: 17, size 3, sort: UNSORTED]
2025-01-31T17:42:02.155+03:00  INFO 29191 --- [cTaskExecutor-2] c.a.a.t.service.BookReaderService        : Request came with page-request: Page request [number: 18, size 3, sort: UNSORTED]
2025-01-31T17:42:02.157+03:00  INFO 29191 --- [cTaskExecutor-2] c.a.a.t.service.BookReaderService        : Request came with page-request: Page request [number: 19, size 3, sort: UNSORTED]
2025-01-31T17:42:02.160+03:00  INFO 29191 --- [cTaskExecutor-2] c.a.a.t.service.BookReaderService        : Request came with page-request: Page request [number: 20, size 3, sort: UNSORTED]
2025-01-31T17:42:02.162+03:00  INFO 29191 --- [cTaskExecutor-2] c.a.a.t.service.BookReaderService        : Request came with page-request: Page request [number: 21, size 3, sort: UNSORTED]
2025-01-31T17:42:02.166+03:00  INFO 29191 --- [cTaskExecutor-2] c.a.a.t.service.BookReaderService        : Request came with page-request: Page request [number: 22, size 3, sort: UNSORTED]
2025-01-31T17:42:02.169+03:00  INFO 29191 --- [cTaskExecutor-2] c.a.a.t.service.BookReaderService        : Request came with page-request: Page request [number: 23, size 3, sort: UNSORTED]
2025-01-31T17:42:02.172+03:00  INFO 29191 --- [cTaskExecutor-2] c.a.a.t.service.BookReaderService        : Request came with page-request: Page request [number: 24, size 3, sort: UNSORTED]
2025-01-31T17:42:02.175+03:00  INFO 29191 --- [cTaskExecutor-2] c.a.a.t.service.BookReaderService        : Request came with page-request: Page request [number: 25, size 3, sort: UNSORTED]
2025-01-31T17:42:02.178+03:00  INFO 29191 --- [cTaskExecutor-2] c.a.a.t.service.BookReaderService        : Request came with page-request: Page request [number: 26, size 3, sort: UNSORTED]
2025-01-31T17:42:02.181+03:00  INFO 29191 --- [cTaskExecutor-2] c.a.a.t.service.BookReaderService        : Request came with page-request: Page request [number: 27, size 3, sort: UNSORTED]
2025-01-31T17:42:02.184+03:00  INFO 29191 --- [cTaskExecutor-2] c.a.a.t.service.BookReaderService        : Request came with page-request: Page request [number: 28, size 3, sort: UNSORTED]
2025-01-31T17:42:02.188+03:00  INFO 29191 --- [cTaskExecutor-2] c.a.a.t.service.BookReaderService        : Request came with page-request: Page request [number: 29, size 3, sort: UNSORTED]
2025-01-31T17:42:02.190+03:00  INFO 29191 --- [cTaskExecutor-2] c.a.a.t.service.BookReaderService        : Request came with page-request: Page request [number: 30, size 3, sort: UNSORTED]
2025-01-31T17:42:02.193+03:00  INFO 29191 --- [cTaskExecutor-2] c.a.a.t.service.BookReaderService        : Request came with page-request: Page request [number: 31, size 3, sort: UNSORTED]
2025-01-31T17:42:02.195+03:00  INFO 29191 --- [cTaskExecutor-2] c.a.a.t.service.BookReaderService        : Request came with page-request: Page request [number: 32, size 3, sort: UNSORTED]
2025-01-31T17:42:02.200+03:00  INFO 29191 --- [cTaskExecutor-2] c.a.a.t.service.BookReaderService        : Request came with page-request: Page request [number: 33, size 3, sort: UNSORTED]
2025-01-31T17:42:02.209+03:00  INFO 29191 --- [cTaskExecutor-2] o.s.batch.core.step.AbstractStep         : Step: [chunkStepForServiceToKafkaJob] executed in 128ms
2025-01-31T17:42:02.286+03:00  INFO 29191 --- [cTaskExecutor-2] o.s.batch.core.job.SimpleStepHandler     : Executing step: [logStepForServiceToKafkaJob]
2025-01-31T17:42:02.356+03:00  INFO 29191 --- [cTaskExecutor-2] o.s.batch.core.step.AbstractStep         : Step: [logStepForServiceToKafkaJob] executed in 68ms
2025-01-31T17:42:02.358+03:00  INFO 29191 --- [cTaskExecutor-2] c.a.a.t.s.JobExecutionListenerService    : JobExecutionListener notified with new status: COMPLETED
2025-01-31T17:42:02.359+03:00  INFO 29191 --- [cTaskExecutor-2] o.s.b.c.l.support.SimpleJobLauncher      : Job: [SimpleJob: [name=jobForServiceToKafkaJob]] completed with the following parameters: [{'inputParamId':'{value=test-service-to-kafka-async, type=class java.lang.String, identifying=true}','inputParam':'{value=com.aril.arilbatchsdk.core.parameter.support.BatchJobParameterWrapper@696c231f, type=class com.aril.arilbatchsdk.core.parameter.support.BatchJobParameterWrapper, identifying=false}'}] and the following status: [COMPLETED] in 295ms
2025-01-31T17:42:02.392+03:00  INFO 29191 --- [           main] c.a.a.service.BaseJobLauncherTest        : StepExecution details with name: chunkStepForServiceToKafkaJob read: 100 write: 100 skip: 0
2025-01-31T17:42:02.392+03:00  INFO 29191 --- [           main] c.a.a.service.BaseJobLauncherTest        : StepExecution details with name: logStepForServiceToKafkaJob read: 0 write: 0 skip: 0
2025-01-31T17:42:02.400+03:00  INFO 29191 --- [           main] c.a.a.service.BaseJobLauncherTest        : consumer details read: 100 skip: 0 produce: 100 percentage: 30
]]></system-out>
  </testcase>
  <testcase name="asyncBatchServiceToExcelCall" classname="com.aril.arilbatchsdk.service.BatchAsyncJobLauncherServiceTest" time="0.295">
    <system-out><![CDATA[2025-01-31T17:42:02.494+03:00  INFO 29191 --- [           main] c.a.a.service.BaseJobLauncherTest        : Job started with id: 3 and paramId: test-service-to-excel-async
2025-01-31T17:42:02.494+03:00  INFO 29191 --- [cTaskExecutor-3] o.s.b.c.l.support.SimpleJobLauncher      : Job: [SimpleJob: [name=jobForServiceToExcelJob]] launched with the following parameters: [{'inputParamId':'{value=test-service-to-excel-async, type=class java.lang.String, identifying=true}','inputParam':'{value=com.aril.arilbatchsdk.core.parameter.support.BatchJobParameterWrapper@6ea57607, type=class com.aril.arilbatchsdk.core.parameter.support.BatchJobParameterWrapper, identifying=false}','jobExportFolder':'{value=2025/01/31, type=class java.lang.String, identifying=false}'}]
2025-01-31T17:42:02.498+03:00  WARN 29191 --- [cTaskExecutor-3] o.s.b.c.l.AbstractListenerFactoryBean    : org.springframework.batch.item.ItemProcessor is an interface. The implementing class will not be queried for annotation based listener configurations. If using @StepScope on a @Bean method, be sure to return the implementing class so listener annotations can be used.
2025-01-31T17:42:02.499+03:00  INFO 29191 --- [cTaskExecutor-3] o.s.batch.core.job.SimpleStepHandler     : Executing step: [chunkStepForServiceToExcelJob]
2025-01-31T17:42:02.507+03:00  INFO 29191 --- [cTaskExecutor-3] c.a.a.t.service.BookReaderService        : Request came with page-request: Page request [number: 0, size 3, sort: UNSORTED]
2025-01-31T17:42:02.511+03:00  INFO 29191 --- [cTaskExecutor-3] c.a.a.t.service.BookReaderService        : Request came with page-request: Page request [number: 1, size 3, sort: UNSORTED]
2025-01-31T17:42:02.514+03:00  INFO 29191 --- [cTaskExecutor-3] c.a.a.t.service.BookReaderService        : Request came with page-request: Page request [number: 2, size 3, sort: UNSORTED]
2025-01-31T17:42:02.516+03:00  INFO 29191 --- [cTaskExecutor-3] c.a.a.t.service.BookReaderService        : Request came with page-request: Page request [number: 3, size 3, sort: UNSORTED]
2025-01-31T17:42:02.518+03:00  INFO 29191 --- [cTaskExecutor-3] c.a.a.t.service.BookReaderService        : Request came with page-request: Page request [number: 4, size 3, sort: UNSORTED]
2025-01-31T17:42:02.520+03:00  INFO 29191 --- [cTaskExecutor-3] c.a.a.t.service.BookReaderService        : Request came with page-request: Page request [number: 5, size 3, sort: UNSORTED]
2025-01-31T17:42:02.522+03:00  INFO 29191 --- [cTaskExecutor-3] c.a.a.t.service.BookReaderService        : Request came with page-request: Page request [number: 6, size 3, sort: UNSORTED]
2025-01-31T17:42:02.524+03:00  INFO 29191 --- [cTaskExecutor-3] c.a.a.t.service.BookReaderService        : Request came with page-request: Page request [number: 7, size 3, sort: UNSORTED]
2025-01-31T17:42:02.526+03:00  INFO 29191 --- [cTaskExecutor-3] c.a.a.t.service.BookReaderService        : Request came with page-request: Page request [number: 8, size 3, sort: UNSORTED]
2025-01-31T17:42:02.527+03:00  INFO 29191 --- [cTaskExecutor-3] c.a.a.t.service.BookReaderService        : Request came with page-request: Page request [number: 9, size 3, sort: UNSORTED]
2025-01-31T17:42:02.529+03:00  INFO 29191 --- [cTaskExecutor-3] c.a.a.t.service.BookReaderService        : Request came with page-request: Page request [number: 10, size 3, sort: UNSORTED]
2025-01-31T17:42:02.532+03:00  INFO 29191 --- [cTaskExecutor-3] c.a.a.t.service.BookReaderService        : Request came with page-request: Page request [number: 11, size 3, sort: UNSORTED]
2025-01-31T17:42:02.534+03:00  INFO 29191 --- [cTaskExecutor-3] c.a.a.t.service.BookReaderService        : Request came with page-request: Page request [number: 12, size 3, sort: UNSORTED]
2025-01-31T17:42:02.536+03:00  INFO 29191 --- [cTaskExecutor-3] c.a.a.t.service.BookReaderService        : Request came with page-request: Page request [number: 13, size 3, sort: UNSORTED]
2025-01-31T17:42:02.538+03:00  INFO 29191 --- [cTaskExecutor-3] c.a.a.t.service.BookReaderService        : Request came with page-request: Page request [number: 14, size 3, sort: UNSORTED]
2025-01-31T17:42:02.540+03:00  INFO 29191 --- [cTaskExecutor-3] c.a.a.t.service.BookReaderService        : Request came with page-request: Page request [number: 15, size 3, sort: UNSORTED]
2025-01-31T17:42:02.542+03:00  INFO 29191 --- [cTaskExecutor-3] c.a.a.t.service.BookReaderService        : Request came with page-request: Page request [number: 16, size 3, sort: UNSORTED]
2025-01-31T17:42:02.544+03:00  INFO 29191 --- [cTaskExecutor-3] c.a.a.t.service.BookReaderService        : Request came with page-request: Page request [number: 17, size 3, sort: UNSORTED]
2025-01-31T17:42:02.546+03:00  INFO 29191 --- [cTaskExecutor-3] c.a.a.t.service.BookReaderService        : Request came with page-request: Page request [number: 18, size 3, sort: UNSORTED]
2025-01-31T17:42:02.548+03:00  INFO 29191 --- [cTaskExecutor-3] c.a.a.t.service.BookReaderService        : Request came with page-request: Page request [number: 19, size 3, sort: UNSORTED]
2025-01-31T17:42:02.550+03:00  INFO 29191 --- [cTaskExecutor-3] c.a.a.t.service.BookReaderService        : Request came with page-request: Page request [number: 20, size 3, sort: UNSORTED]
2025-01-31T17:42:02.552+03:00  INFO 29191 --- [cTaskExecutor-3] c.a.a.t.service.BookReaderService        : Request came with page-request: Page request [number: 21, size 3, sort: UNSORTED]
2025-01-31T17:42:02.554+03:00  INFO 29191 --- [cTaskExecutor-3] c.a.a.t.service.BookReaderService        : Request came with page-request: Page request [number: 22, size 3, sort: UNSORTED]
2025-01-31T17:42:02.555+03:00  INFO 29191 --- [cTaskExecutor-3] c.a.a.t.service.BookReaderService        : Request came with page-request: Page request [number: 23, size 3, sort: UNSORTED]
2025-01-31T17:42:02.557+03:00  INFO 29191 --- [cTaskExecutor-3] c.a.a.t.service.BookReaderService        : Request came with page-request: Page request [number: 24, size 3, sort: UNSORTED]
2025-01-31T17:42:02.559+03:00  INFO 29191 --- [cTaskExecutor-3] c.a.a.t.service.BookReaderService        : Request came with page-request: Page request [number: 25, size 3, sort: UNSORTED]
2025-01-31T17:42:02.561+03:00  INFO 29191 --- [cTaskExecutor-3] c.a.a.t.service.BookReaderService        : Request came with page-request: Page request [number: 26, size 3, sort: UNSORTED]
2025-01-31T17:42:02.563+03:00  INFO 29191 --- [cTaskExecutor-3] c.a.a.t.service.BookReaderService        : Request came with page-request: Page request [number: 27, size 3, sort: UNSORTED]
2025-01-31T17:42:02.564+03:00  INFO 29191 --- [cTaskExecutor-3] c.a.a.t.service.BookReaderService        : Request came with page-request: Page request [number: 28, size 3, sort: UNSORTED]
2025-01-31T17:42:02.567+03:00  INFO 29191 --- [cTaskExecutor-3] c.a.a.t.service.BookReaderService        : Request came with page-request: Page request [number: 29, size 3, sort: UNSORTED]
2025-01-31T17:42:02.572+03:00  INFO 29191 --- [cTaskExecutor-3] c.a.a.t.service.BookReaderService        : Request came with page-request: Page request [number: 30, size 3, sort: UNSORTED]
2025-01-31T17:42:02.578+03:00  INFO 29191 --- [cTaskExecutor-3] c.a.a.t.service.BookReaderService        : Request came with page-request: Page request [number: 31, size 3, sort: UNSORTED]
2025-01-31T17:42:02.583+03:00  INFO 29191 --- [cTaskExecutor-3] c.a.a.t.service.BookReaderService        : Request came with page-request: Page request [number: 32, size 3, sort: UNSORTED]
2025-01-31T17:42:02.588+03:00  INFO 29191 --- [cTaskExecutor-3] c.a.a.t.service.BookReaderService        : Request came with page-request: Page request [number: 33, size 3, sort: UNSORTED]
2025-01-31T17:42:02.594+03:00  INFO 29191 --- [cTaskExecutor-3] o.s.batch.core.step.AbstractStep         : Step: [chunkStepForServiceToExcelJob] executed in 94ms
2025-01-31T17:42:02.615+03:00  INFO 29191 --- [cTaskExecutor-3] o.s.batch.core.job.SimpleStepHandler     : Executing step: [fileUploaderForServiceToExcelJob]
2025-01-31T17:42:02.618+03:00  INFO 29191 --- [cTaskExecutor-3] o.s.batch.core.step.AbstractStep         : Step: [fileUploaderForServiceToExcelJob] executed in 2ms
2025-01-31T17:42:02.620+03:00  INFO 29191 --- [cTaskExecutor-3] o.s.batch.core.job.SimpleStepHandler     : Executing step: [tmpFileDeleteForServiceToExcelJob]
2025-01-31T17:42:02.622+03:00  INFO 29191 --- [cTaskExecutor-3] o.s.batch.core.step.AbstractStep         : Step: [tmpFileDeleteForServiceToExcelJob] executed in 1ms
2025-01-31T17:42:02.624+03:00  INFO 29191 --- [cTaskExecutor-3] o.s.batch.core.job.SimpleStepHandler     : Executing step: [logStepForServiceToExcelJob]
2025-01-31T17:42:02.628+03:00  INFO 29191 --- [cTaskExecutor-3] o.s.batch.core.step.AbstractStep         : Step: [logStepForServiceToExcelJob] executed in 4ms
2025-01-31T17:42:02.630+03:00  INFO 29191 --- [cTaskExecutor-3] c.a.a.t.s.JobExecutionListenerService    : JobExecutionListener notified with new status: COMPLETED
2025-01-31T17:42:02.631+03:00  INFO 29191 --- [cTaskExecutor-3] o.s.b.c.l.support.SimpleJobLauncher      : Job: [SimpleJob: [name=jobForServiceToExcelJob]] completed with the following parameters: [{'inputParamId':'{value=test-service-to-excel-async, type=class java.lang.String, identifying=true}','inputParam':'{value=com.aril.arilbatchsdk.core.parameter.support.BatchJobParameterWrapper@6ea57607, type=class com.aril.arilbatchsdk.core.parameter.support.BatchJobParameterWrapper, identifying=false}','jobExportFolder':'{value=2025/01/31, type=class java.lang.String, identifying=false}'}] and the following status: [COMPLETED] in 135ms
2025-01-31T17:42:02.707+03:00  INFO 29191 --- [           main] c.a.a.service.BaseJobLauncherTest        : StepExecution details with name: chunkStepForServiceToExcelJob read: 100 write: 100 skip: 0
2025-01-31T17:42:02.707+03:00  INFO 29191 --- [           main] c.a.a.service.BaseJobLauncherTest        : StepExecution details with name: fileUploaderForServiceToExcelJob read: 0 write: 0 skip: 0
2025-01-31T17:42:02.707+03:00  INFO 29191 --- [           main] c.a.a.service.BaseJobLauncherTest        : StepExecution details with name: tmpFileDeleteForServiceToExcelJob read: 0 write: 0 skip: 0
2025-01-31T17:42:02.707+03:00  INFO 29191 --- [           main] c.a.a.service.BaseJobLauncherTest        : StepExecution details with name: logStepForServiceToExcelJob read: 0 write: 0 skip: 0
2025-01-31T17:42:02.707+03:00  INFO 29191 --- [           main] c.a.a.service.BaseJobLauncherTest        : Job export-url is test-service-to-excel-async
]]></system-out>
  </testcase>
  <testcase name="asyncBatchDbToCsvCall" classname="com.aril.arilbatchsdk.service.BatchAsyncJobLauncherServiceTest" time="0.281">
    <system-out><![CDATA[2025-01-31T17:42:02.782+03:00  INFO 29191 --- [           main] c.a.a.service.BaseJobLauncherTest        : Job started with id: 4 and paramId: test-db-to-csv-async
2025-01-31T17:42:02.783+03:00  INFO 29191 --- [cTaskExecutor-4] o.s.b.c.l.support.SimpleJobLauncher      : Job: [SimpleJob: [name=jobForDbToCsvJob]] launched with the following parameters: [{'inputParamId':'{value=test-db-to-csv-async, type=class java.lang.String, identifying=true}','inputParam':'{value=com.aril.arilbatchsdk.core.parameter.support.BatchJobParameterWrapper@78929763, type=class com.aril.arilbatchsdk.core.parameter.support.BatchJobParameterWrapper, identifying=false}','jobExportFolder':'{value=2025/01/31, type=class java.lang.String, identifying=false}'}]
2025-01-31T17:42:02.786+03:00  WARN 29191 --- [cTaskExecutor-4] o.s.b.c.l.AbstractListenerFactoryBean    : org.springframework.batch.item.ItemProcessor is an interface. The implementing class will not be queried for annotation based listener configurations. If using @StepScope on a @Bean method, be sure to return the implementing class so listener annotations can be used.
2025-01-31T17:42:02.787+03:00  INFO 29191 --- [cTaskExecutor-4] o.s.batch.core.job.SimpleStepHandler     : Executing step: [chunkStepForDbToCsvJob]
2025-01-31T17:42:02.886+03:00  INFO 29191 --- [cTaskExecutor-4] o.s.batch.core.step.AbstractStep         : Step: [chunkStepForDbToCsvJob] executed in 98ms
2025-01-31T17:42:02.889+03:00  INFO 29191 --- [cTaskExecutor-4] o.s.batch.core.job.SimpleStepHandler     : Executing step: [logStepForDbToCsvJob]
2025-01-31T17:42:02.892+03:00  INFO 29191 --- [cTaskExecutor-4] o.s.batch.core.step.AbstractStep         : Step: [logStepForDbToCsvJob] executed in 3ms
2025-01-31T17:42:02.895+03:00  INFO 29191 --- [cTaskExecutor-4] o.s.batch.core.job.SimpleStepHandler     : Executing step: [fileUploaderStepForDbToCsvJob]
2025-01-31T17:42:02.897+03:00  INFO 29191 --- [cTaskExecutor-4] o.s.batch.core.step.AbstractStep         : Step: [fileUploaderStepForDbToCsvJob] executed in 2ms
2025-01-31T17:42:02.899+03:00  INFO 29191 --- [cTaskExecutor-4] o.s.batch.core.job.SimpleStepHandler     : Executing step: [tmpFileDeleteStepForDbToCsvJob]
2025-01-31T17:42:02.901+03:00  INFO 29191 --- [cTaskExecutor-4] o.s.batch.core.step.AbstractStep         : Step: [tmpFileDeleteStepForDbToCsvJob] executed in 1ms
2025-01-31T17:42:02.901+03:00  INFO 29191 --- [cTaskExecutor-4] c.a.a.t.s.JobExecutionListenerService    : JobExecutionListener notified with new status: COMPLETED
2025-01-31T17:42:02.902+03:00  INFO 29191 --- [cTaskExecutor-4] o.s.b.c.l.support.SimpleJobLauncher      : Job: [SimpleJob: [name=jobForDbToCsvJob]] completed with the following parameters: [{'inputParamId':'{value=test-db-to-csv-async, type=class java.lang.String, identifying=true}','inputParam':'{value=com.aril.arilbatchsdk.core.parameter.support.BatchJobParameterWrapper@78929763, type=class com.aril.arilbatchsdk.core.parameter.support.BatchJobParameterWrapper, identifying=false}','jobExportFolder':'{value=2025/01/31, type=class java.lang.String, identifying=false}'}] and the following status: [COMPLETED] in 118ms
2025-01-31T17:42:02.992+03:00  INFO 29191 --- [           main] c.a.a.service.BaseJobLauncherTest        : StepExecution details with name: chunkStepForDbToCsvJob read: 100 write: 100 skip: 0
2025-01-31T17:42:02.992+03:00  INFO 29191 --- [           main] c.a.a.service.BaseJobLauncherTest        : StepExecution details with name: logStepForDbToCsvJob read: 0 write: 0 skip: 0
2025-01-31T17:42:02.992+03:00  INFO 29191 --- [           main] c.a.a.service.BaseJobLauncherTest        : StepExecution details with name: fileUploaderStepForDbToCsvJob read: 0 write: 0 skip: 0
2025-01-31T17:42:02.992+03:00  INFO 29191 --- [           main] c.a.a.service.BaseJobLauncherTest        : StepExecution details with name: tmpFileDeleteStepForDbToCsvJob read: 0 write: 0 skip: 0
2025-01-31T17:42:02.992+03:00  INFO 29191 --- [           main] c.a.a.service.BaseJobLauncherTest        : Job export-url is test-db-to-csv-async
]]></system-out>
  </testcase>
  <testcase name="syncBatchServiceToDbCall" classname="com.aril.arilbatchsdk.service.BatchAsyncJobLauncherServiceTest" time="0.213">
    <system-out><![CDATA[2025-01-31T17:42:03.055+03:00  INFO 29191 --- [           main] c.a.a.service.BaseJobLauncherTest        : Job started with id: 5 and paramId: test-service-to-db-async
2025-01-31T17:42:03.055+03:00  INFO 29191 --- [cTaskExecutor-5] o.s.b.c.l.support.SimpleJobLauncher      : Job: [SimpleJob: [name=jobForServiceToDbJob]] launched with the following parameters: [{'inputParamId':'{value=test-service-to-db-async, type=class java.lang.String, identifying=true}','inputParam':'{value=com.aril.arilbatchsdk.core.parameter.support.BatchJobParameterWrapper@71684a26, type=class com.aril.arilbatchsdk.core.parameter.support.BatchJobParameterWrapper, identifying=false}'}]
2025-01-31T17:42:03.059+03:00  WARN 29191 --- [cTaskExecutor-5] o.s.b.c.l.AbstractListenerFactoryBean    : org.springframework.batch.item.ItemProcessor is an interface. The implementing class will not be queried for annotation based listener configurations. If using @StepScope on a @Bean method, be sure to return the implementing class so listener annotations can be used.
2025-01-31T17:42:03.060+03:00  WARN 29191 --- [cTaskExecutor-5] o.s.b.c.l.AbstractListenerFactoryBean    : org.springframework.batch.item.ItemProcessor is an interface. The implementing class will not be queried for annotation based listener configurations. If using @StepScope on a @Bean method, be sure to return the implementing class so listener annotations can be used.
2025-01-31T17:42:03.061+03:00  INFO 29191 --- [cTaskExecutor-5] o.s.batch.core.job.SimpleStepHandler     : Executing step: [chunkStepForServiceToDbJob]
2025-01-31T17:42:03.066+03:00  INFO 29191 --- [cTaskExecutor-5] c.a.a.t.service.BookReaderService        : Request came with page-request: Page request [number: 0, size 3, sort: UNSORTED]
2025-01-31T17:42:03.069+03:00  INFO 29191 --- [cTaskExecutor-5] c.a.a.t.service.BookReaderService        : Request came with page-request: Page request [number: 1, size 3, sort: UNSORTED]
2025-01-31T17:42:03.071+03:00  INFO 29191 --- [cTaskExecutor-5] c.a.a.t.service.BookReaderService        : Request came with page-request: Page request [number: 2, size 3, sort: UNSORTED]
2025-01-31T17:42:03.072+03:00  INFO 29191 --- [cTaskExecutor-5] c.a.a.t.service.BookReaderService        : Request came with page-request: Page request [number: 3, size 3, sort: UNSORTED]
2025-01-31T17:42:03.074+03:00  INFO 29191 --- [cTaskExecutor-5] c.a.a.t.service.BookReaderService        : Request came with page-request: Page request [number: 4, size 3, sort: UNSORTED]
2025-01-31T17:42:03.075+03:00  INFO 29191 --- [cTaskExecutor-5] c.a.a.t.service.BookReaderService        : Request came with page-request: Page request [number: 5, size 3, sort: UNSORTED]
2025-01-31T17:42:03.077+03:00  INFO 29191 --- [cTaskExecutor-5] c.a.a.t.service.BookReaderService        : Request came with page-request: Page request [number: 6, size 3, sort: UNSORTED]
2025-01-31T17:42:03.078+03:00  INFO 29191 --- [cTaskExecutor-5] c.a.a.t.service.BookReaderService        : Request came with page-request: Page request [number: 7, size 3, sort: UNSORTED]
2025-01-31T17:42:03.080+03:00  INFO 29191 --- [cTaskExecutor-5] c.a.a.t.service.BookReaderService        : Request came with page-request: Page request [number: 8, size 3, sort: UNSORTED]
2025-01-31T17:42:03.081+03:00  INFO 29191 --- [cTaskExecutor-5] c.a.a.t.service.BookReaderService        : Request came with page-request: Page request [number: 9, size 3, sort: UNSORTED]
2025-01-31T17:42:03.083+03:00  INFO 29191 --- [cTaskExecutor-5] c.a.a.t.service.BookReaderService        : Request came with page-request: Page request [number: 10, size 3, sort: UNSORTED]
2025-01-31T17:42:03.089+03:00  INFO 29191 --- [cTaskExecutor-5] c.a.a.t.service.BookReaderService        : Request came with page-request: Page request [number: 11, size 3, sort: UNSORTED]
2025-01-31T17:42:03.092+03:00  INFO 29191 --- [cTaskExecutor-5] c.a.a.t.service.BookReaderService        : Request came with page-request: Page request [number: 12, size 3, sort: UNSORTED]
2025-01-31T17:42:03.094+03:00  INFO 29191 --- [cTaskExecutor-5] c.a.a.t.service.BookReaderService        : Request came with page-request: Page request [number: 13, size 3, sort: UNSORTED]
2025-01-31T17:42:03.096+03:00  INFO 29191 --- [cTaskExecutor-5] c.a.a.t.service.BookReaderService        : Request came with page-request: Page request [number: 14, size 3, sort: UNSORTED]
2025-01-31T17:42:03.098+03:00  INFO 29191 --- [cTaskExecutor-5] c.a.a.t.service.BookReaderService        : Request came with page-request: Page request [number: 15, size 3, sort: UNSORTED]
2025-01-31T17:42:03.100+03:00  INFO 29191 --- [cTaskExecutor-5] c.a.a.t.service.BookReaderService        : Request came with page-request: Page request [number: 16, size 3, sort: UNSORTED]
2025-01-31T17:42:03.102+03:00  INFO 29191 --- [cTaskExecutor-5] c.a.a.t.service.BookReaderService        : Request came with page-request: Page request [number: 17, size 3, sort: UNSORTED]
2025-01-31T17:42:03.103+03:00  INFO 29191 --- [cTaskExecutor-5] c.a.a.t.service.BookReaderService        : Request came with page-request: Page request [number: 18, size 3, sort: UNSORTED]
2025-01-31T17:42:03.105+03:00  INFO 29191 --- [cTaskExecutor-5] c.a.a.t.service.BookReaderService        : Request came with page-request: Page request [number: 19, size 3, sort: UNSORTED]
2025-01-31T17:42:03.107+03:00  INFO 29191 --- [cTaskExecutor-5] c.a.a.t.service.BookReaderService        : Request came with page-request: Page request [number: 20, size 3, sort: UNSORTED]
2025-01-31T17:42:03.109+03:00  INFO 29191 --- [cTaskExecutor-5] c.a.a.t.service.BookReaderService        : Request came with page-request: Page request [number: 21, size 3, sort: UNSORTED]
2025-01-31T17:42:03.111+03:00  INFO 29191 --- [cTaskExecutor-5] c.a.a.t.service.BookReaderService        : Request came with page-request: Page request [number: 22, size 3, sort: UNSORTED]
2025-01-31T17:42:03.112+03:00  INFO 29191 --- [cTaskExecutor-5] c.a.a.t.service.BookReaderService        : Request came with page-request: Page request [number: 23, size 3, sort: UNSORTED]
2025-01-31T17:42:03.114+03:00  INFO 29191 --- [cTaskExecutor-5] c.a.a.t.service.BookReaderService        : Request came with page-request: Page request [number: 24, size 3, sort: UNSORTED]
2025-01-31T17:42:03.116+03:00  INFO 29191 --- [cTaskExecutor-5] c.a.a.t.service.BookReaderService        : Request came with page-request: Page request [number: 25, size 3, sort: UNSORTED]
2025-01-31T17:42:03.118+03:00  INFO 29191 --- [cTaskExecutor-5] c.a.a.t.service.BookReaderService        : Request came with page-request: Page request [number: 26, size 3, sort: UNSORTED]
2025-01-31T17:42:03.120+03:00  INFO 29191 --- [cTaskExecutor-5] c.a.a.t.service.BookReaderService        : Request came with page-request: Page request [number: 27, size 3, sort: UNSORTED]
2025-01-31T17:42:03.122+03:00  INFO 29191 --- [cTaskExecutor-5] c.a.a.t.service.BookReaderService        : Request came with page-request: Page request [number: 28, size 3, sort: UNSORTED]
2025-01-31T17:42:03.123+03:00  INFO 29191 --- [cTaskExecutor-5] c.a.a.t.service.BookReaderService        : Request came with page-request: Page request [number: 29, size 3, sort: UNSORTED]
2025-01-31T17:42:03.125+03:00  INFO 29191 --- [cTaskExecutor-5] c.a.a.t.service.BookReaderService        : Request came with page-request: Page request [number: 30, size 3, sort: UNSORTED]
2025-01-31T17:42:03.127+03:00  INFO 29191 --- [cTaskExecutor-5] c.a.a.t.service.BookReaderService        : Request came with page-request: Page request [number: 31, size 3, sort: UNSORTED]
2025-01-31T17:42:03.129+03:00  INFO 29191 --- [cTaskExecutor-5] c.a.a.t.service.BookReaderService        : Request came with page-request: Page request [number: 32, size 3, sort: UNSORTED]
2025-01-31T17:42:03.131+03:00  INFO 29191 --- [cTaskExecutor-5] c.a.a.t.service.BookReaderService        : Request came with page-request: Page request [number: 33, size 3, sort: UNSORTED]
2025-01-31T17:42:03.136+03:00  INFO 29191 --- [cTaskExecutor-5] o.s.batch.core.step.AbstractStep         : Step: [chunkStepForServiceToDbJob] executed in 74ms
2025-01-31T17:42:03.137+03:00  INFO 29191 --- [cTaskExecutor-5] c.a.a.t.s.JobExecutionListenerService    : JobExecutionListener notified with new status: COMPLETED
2025-01-31T17:42:03.137+03:00  INFO 29191 --- [cTaskExecutor-5] o.s.b.c.l.support.SimpleJobLauncher      : Job: [SimpleJob: [name=jobForServiceToDbJob]] completed with the following parameters: [{'inputParamId':'{value=test-service-to-db-async, type=class java.lang.String, identifying=true}','inputParam':'{value=com.aril.arilbatchsdk.core.parameter.support.BatchJobParameterWrapper@71684a26, type=class com.aril.arilbatchsdk.core.parameter.support.BatchJobParameterWrapper, identifying=false}'}] and the following status: [COMPLETED] in 81ms
2025-01-31T17:42:03.163+03:00  INFO 29191 --- [           main] c.a.a.service.BaseJobLauncherTest        : StepExecution details with name: chunkStepForServiceToDbJob read: 100 write: 100 skip: 0
]]></system-out>
  </testcase>
  <testcase name="asyncBatchExcelToKafkaCall" classname="com.aril.arilbatchsdk.service.BatchAsyncJobLauncherServiceTest" time="0.308">
    <system-out><![CDATA[2025-01-31T17:42:03.306+03:00  INFO 29191 --- [           main] c.a.a.service.BaseJobLauncherTest        : Job started with id: 6 and paramId: test-excel-to-kafka-async
2025-01-31T17:42:03.306+03:00  INFO 29191 --- [cTaskExecutor-6] o.s.b.c.l.support.SimpleJobLauncher      : Job: [SimpleJob: [name=jobForExcelToKafkaJob]] launched with the following parameters: [{'inputParamId':'{value=test-excel-to-kafka-async, type=class java.lang.String, identifying=true}','inputParam':'{value=com.aril.arilbatchsdk.core.parameter.support.BatchJobParameterWrapper@7c1a78cc, type=class com.aril.arilbatchsdk.core.parameter.support.BatchJobParameterWrapper, identifying=false}'}]
2025-01-31T17:42:03.310+03:00  WARN 29191 --- [cTaskExecutor-6] o.s.b.c.l.AbstractListenerFactoryBean    : org.springframework.batch.item.ItemProcessor is an interface. The implementing class will not be queried for annotation based listener configurations. If using @StepScope on a @Bean method, be sure to return the implementing class so listener annotations can be used.
2025-01-31T17:42:03.311+03:00  WARN 29191 --- [cTaskExecutor-6] o.s.b.c.l.AbstractListenerFactoryBean    : org.springframework.batch.item.ItemProcessor is an interface. The implementing class will not be queried for annotation based listener configurations. If using @StepScope on a @Bean method, be sure to return the implementing class so listener annotations can be used.
2025-01-31T17:42:03.313+03:00  INFO 29191 --- [cTaskExecutor-6] o.s.batch.core.job.SimpleStepHandler     : Executing step: [chunkStepForExcelToKafkaJob]
2025-01-31T17:42:03.461+03:00  INFO 29191 --- [cTaskExecutor-6] o.s.batch.core.step.AbstractStep         : Step: [chunkStepForExcelToKafkaJob] executed in 147ms
2025-01-31T17:42:03.463+03:00  INFO 29191 --- [cTaskExecutor-6] o.s.batch.core.job.SimpleStepHandler     : Executing step: [logStepForExcelToKafkaJob]
2025-01-31T17:42:03.468+03:00  INFO 29191 --- [cTaskExecutor-6] o.s.batch.core.step.AbstractStep         : Step: [logStepForExcelToKafkaJob] executed in 5ms
2025-01-31T17:42:03.469+03:00  INFO 29191 --- [cTaskExecutor-6] c.a.a.t.s.JobExecutionListenerService    : JobExecutionListener notified with new status: COMPLETED
2025-01-31T17:42:03.469+03:00  INFO 29191 --- [cTaskExecutor-6] o.s.b.c.l.support.SimpleJobLauncher      : Job: [SimpleJob: [name=jobForExcelToKafkaJob]] completed with the following parameters: [{'inputParamId':'{value=test-excel-to-kafka-async, type=class java.lang.String, identifying=true}','inputParam':'{value=com.aril.arilbatchsdk.core.parameter.support.BatchJobParameterWrapper@7c1a78cc, type=class com.aril.arilbatchsdk.core.parameter.support.BatchJobParameterWrapper, identifying=false}'}] and the following status: [COMPLETED] in 162ms
2025-01-31T17:42:03.519+03:00  INFO 29191 --- [           main] c.a.a.service.BaseJobLauncherTest        : StepExecution details with name: chunkStepForExcelToKafkaJob read: 100 write: 100 skip: 0
2025-01-31T17:42:03.519+03:00  INFO 29191 --- [           main] c.a.a.service.BaseJobLauncherTest        : StepExecution details with name: logStepForExcelToKafkaJob read: 0 write: 0 skip: 0
2025-01-31T17:42:03.523+03:00  INFO 29191 --- [           main] c.a.a.service.BaseJobLauncherTest        : consumer details read: 100 skip: 0 produce: 100 percentage: 30
]]></system-out>
  </testcase>
  <testcase name="asyncBatchCsvToServiceCall" classname="com.aril.arilbatchsdk.service.BatchAsyncJobLauncherServiceTest" time="0.16">
    <system-out><![CDATA[2025-01-31T17:42:03.581+03:00  INFO 29191 --- [           main] c.a.a.service.BaseJobLauncherTest        : Job started with id: 7 and paramId: test-csv-to-service-async
2025-01-31T17:42:03.581+03:00  INFO 29191 --- [cTaskExecutor-7] o.s.b.c.l.support.SimpleJobLauncher      : Job: [SimpleJob: [name=jobForCsvToServiceJob]] launched with the following parameters: [{'inputParamId':'{value=test-csv-to-service-async, type=class java.lang.String, identifying=true}','inputParam':'{value=com.aril.arilbatchsdk.core.parameter.support.BatchJobParameterWrapper@6e2848ef, type=class com.aril.arilbatchsdk.core.parameter.support.BatchJobParameterWrapper, identifying=false}','jobExportFolder':'{value=2025/01/31, type=class java.lang.String, identifying=false}'}]
2025-01-31T17:42:03.585+03:00  WARN 29191 --- [cTaskExecutor-7] o.s.b.c.l.AbstractListenerFactoryBean    : org.springframework.batch.item.ItemProcessor is an interface. The implementing class will not be queried for annotation based listener configurations. If using @StepScope on a @Bean method, be sure to return the implementing class so listener annotations can be used.
2025-01-31T17:42:03.586+03:00  WARN 29191 --- [cTaskExecutor-7] o.s.b.c.l.AbstractListenerFactoryBean    : org.springframework.batch.item.ItemProcessor is an interface. The implementing class will not be queried for annotation based listener configurations. If using @StepScope on a @Bean method, be sure to return the implementing class so listener annotations can be used.
2025-01-31T17:42:03.587+03:00  INFO 29191 --- [cTaskExecutor-7] o.s.batch.core.job.SimpleStepHandler     : Executing step: [chunkStepForCsvToServiceJob]
2025-01-31T17:42:03.640+03:00  INFO 29191 --- [cTaskExecutor-7] o.s.batch.core.step.AbstractStep         : Step: [chunkStepForCsvToServiceJob] executed in 52ms
2025-01-31T17:42:03.641+03:00  INFO 29191 --- [cTaskExecutor-7] c.a.a.t.s.JobExecutionListenerService    : JobExecutionListener notified with new status: COMPLETED
2025-01-31T17:42:03.642+03:00  INFO 29191 --- [cTaskExecutor-7] o.s.b.c.l.support.SimpleJobLauncher      : Job: [SimpleJob: [name=jobForCsvToServiceJob]] completed with the following parameters: [{'inputParamId':'{value=test-csv-to-service-async, type=class java.lang.String, identifying=true}','inputParam':'{value=com.aril.arilbatchsdk.core.parameter.support.BatchJobParameterWrapper@6e2848ef, type=class com.aril.arilbatchsdk.core.parameter.support.BatchJobParameterWrapper, identifying=false}','jobExportFolder':'{value=2025/01/31, type=class java.lang.String, identifying=false}'}] and the following status: [COMPLETED] in 59ms
2025-01-31T17:42:03.686+03:00  INFO 29191 --- [           main] c.a.a.service.BaseJobLauncherTest        : StepExecution details with name: chunkStepForCsvToServiceJob read: 100 write: 100 skip: 0
]]></system-out>
  </testcase>
  <testcase name="asyncBatchCsvToDbCall" classname="com.aril.arilbatchsdk.service.BatchAsyncJobLauncherServiceTest" time="0.157">
    <system-out><![CDATA[2025-01-31T17:42:03.740+03:00  INFO 29191 --- [           main] c.a.a.service.BaseJobLauncherTest        : Job started with id: 8 and paramId: test-csv-to-db-async
2025-01-31T17:42:03.740+03:00  INFO 29191 --- [cTaskExecutor-8] o.s.b.c.l.support.SimpleJobLauncher      : Job: [SimpleJob: [name=jobForCsvToDbJob]] launched with the following parameters: [{'inputParamId':'{value=test-csv-to-db-async, type=class java.lang.String, identifying=true}','inputParam':'{value=com.aril.arilbatchsdk.core.parameter.support.BatchJobParameterWrapper@7749bc1d, type=class com.aril.arilbatchsdk.core.parameter.support.BatchJobParameterWrapper, identifying=false}'}]
2025-01-31T17:42:03.742+03:00  WARN 29191 --- [cTaskExecutor-8] o.s.b.c.l.AbstractListenerFactoryBean    : org.springframework.batch.item.ItemProcessor is an interface. The implementing class will not be queried for annotation based listener configurations. If using @StepScope on a @Bean method, be sure to return the implementing class so listener annotations can be used.
2025-01-31T17:42:03.743+03:00  WARN 29191 --- [cTaskExecutor-8] o.s.b.c.l.AbstractListenerFactoryBean    : org.springframework.batch.item.ItemProcessor is an interface. The implementing class will not be queried for annotation based listener configurations. If using @StepScope on a @Bean method, be sure to return the implementing class so listener annotations can be used.
2025-01-31T17:42:03.744+03:00  INFO 29191 --- [cTaskExecutor-8] o.s.batch.core.job.SimpleStepHandler     : Executing step: [chunkStepForCsvToDbJob]
2025-01-31T17:42:03.783+03:00  INFO 29191 --- [cTaskExecutor-8] o.s.batch.core.step.AbstractStep         : Step: [chunkStepForCsvToDbJob] executed in 38ms
2025-01-31T17:42:03.784+03:00  INFO 29191 --- [cTaskExecutor-8] c.a.a.t.s.JobExecutionListenerService    : JobExecutionListener notified with new status: COMPLETED
2025-01-31T17:42:03.784+03:00  INFO 29191 --- [cTaskExecutor-8] o.s.b.c.l.support.SimpleJobLauncher      : Job: [SimpleJob: [name=jobForCsvToDbJob]] completed with the following parameters: [{'inputParamId':'{value=test-csv-to-db-async, type=class java.lang.String, identifying=true}','inputParam':'{value=com.aril.arilbatchsdk.core.parameter.support.BatchJobParameterWrapper@7749bc1d, type=class com.aril.arilbatchsdk.core.parameter.support.BatchJobParameterWrapper, identifying=false}'}] and the following status: [COMPLETED] in 43ms
2025-01-31T17:42:03.847+03:00  INFO 29191 --- [           main] c.a.a.service.BaseJobLauncherTest        : StepExecution details with name: chunkStepForCsvToDbJob read: 100 write: 100 skip: 0
]]></system-out>
  </testcase>
  <testcase name="asyncBatchDbToKafkaCall" classname="com.aril.arilbatchsdk.service.BatchAsyncJobLauncherServiceTest" time="0.16">
    <system-out><![CDATA[2025-01-31T17:42:03.896+03:00  INFO 29191 --- [           main] c.a.a.service.BaseJobLauncherTest        : Job started with id: 9 and paramId: test-db-to-kafka-async
2025-01-31T17:42:03.897+03:00  INFO 29191 --- [cTaskExecutor-9] o.s.b.c.l.support.SimpleJobLauncher      : Job: [SimpleJob: [name=jobForDbToKafkaJob]] launched with the following parameters: [{'inputParamId':'{value=test-db-to-kafka-async, type=class java.lang.String, identifying=true}','inputParam':'{value=com.aril.arilbatchsdk.core.parameter.support.BatchJobParameterWrapper@4d9d6e73, type=class com.aril.arilbatchsdk.core.parameter.support.BatchJobParameterWrapper, identifying=false}'}]
2025-01-31T17:42:03.900+03:00  WARN 29191 --- [cTaskExecutor-9] o.s.b.c.l.AbstractListenerFactoryBean    : org.springframework.batch.item.ItemProcessor is an interface. The implementing class will not be queried for annotation based listener configurations. If using @StepScope on a @Bean method, be sure to return the implementing class so listener annotations can be used.
2025-01-31T17:42:03.901+03:00  WARN 29191 --- [cTaskExecutor-9] o.s.b.c.l.AbstractListenerFactoryBean    : org.springframework.batch.item.ItemProcessor is an interface. The implementing class will not be queried for annotation based listener configurations. If using @StepScope on a @Bean method, be sure to return the implementing class so listener annotations can be used.
2025-01-31T17:42:03.902+03:00  INFO 29191 --- [cTaskExecutor-9] o.s.batch.core.job.SimpleStepHandler     : Executing step: [chunkStepForDbToKafkaJob]
2025-01-31T17:42:03.973+03:00  INFO 29191 --- [cTaskExecutor-9] o.s.batch.core.step.AbstractStep         : Step: [chunkStepForDbToKafkaJob] executed in 71ms
2025-01-31T17:42:03.976+03:00  INFO 29191 --- [cTaskExecutor-9] o.s.batch.core.job.SimpleStepHandler     : Executing step: [logStepForDbToKafkaJob]
2025-01-31T17:42:03.980+03:00  INFO 29191 --- [cTaskExecutor-9] o.s.batch.core.step.AbstractStep         : Step: [logStepForDbToKafkaJob] executed in 4ms
2025-01-31T17:42:03.981+03:00  INFO 29191 --- [cTaskExecutor-9] c.a.a.t.s.JobExecutionListenerService    : JobExecutionListener notified with new status: COMPLETED
2025-01-31T17:42:03.981+03:00  INFO 29191 --- [cTaskExecutor-9] o.s.b.c.l.support.SimpleJobLauncher      : Job: [SimpleJob: [name=jobForDbToKafkaJob]] completed with the following parameters: [{'inputParamId':'{value=test-db-to-kafka-async, type=class java.lang.String, identifying=true}','inputParam':'{value=com.aril.arilbatchsdk.core.parameter.support.BatchJobParameterWrapper@4d9d6e73, type=class com.aril.arilbatchsdk.core.parameter.support.BatchJobParameterWrapper, identifying=false}'}] and the following status: [COMPLETED] in 83ms
2025-01-31T17:42:04.000+03:00  INFO 29191 --- [           main] c.a.a.service.BaseJobLauncherTest        : StepExecution details with name: chunkStepForDbToKafkaJob read: 100 write: 100 skip: 0
2025-01-31T17:42:04.000+03:00  INFO 29191 --- [           main] c.a.a.service.BaseJobLauncherTest        : StepExecution details with name: logStepForDbToKafkaJob read: 0 write: 0 skip: 0
2025-01-31T17:42:04.004+03:00  INFO 29191 --- [           main] c.a.a.service.BaseJobLauncherTest        : consumer details read: 100 skip: 0 produce: 100 percentage: 30
]]></system-out>
  </testcase>
  <testcase name="asyncBatchExcelToServiceCall" classname="com.aril.arilbatchsdk.service.BatchAsyncJobLauncherServiceTest" time="0.39">
    <system-out><![CDATA[2025-01-31T17:42:04.140+03:00  INFO 29191 --- [           main] c.a.a.service.BaseJobLauncherTest        : Job started with id: 10 and paramId: test-excel-to-service-async
2025-01-31T17:42:04.140+03:00  INFO 29191 --- [TaskExecutor-10] o.s.b.c.l.support.SimpleJobLauncher      : Job: [SimpleJob: [name=jobForExcelToServiceJob]] launched with the following parameters: [{'inputParamId':'{value=test-excel-to-service-async, type=class java.lang.String, identifying=true}','inputParam':'{value=com.aril.arilbatchsdk.core.parameter.support.BatchJobParameterWrapper@38c94293, type=class com.aril.arilbatchsdk.core.parameter.support.BatchJobParameterWrapper, identifying=false}','jobExportFolder':'{value=2025/01/31, type=class java.lang.String, identifying=false}'}]
2025-01-31T17:42:04.144+03:00  WARN 29191 --- [TaskExecutor-10] o.s.b.c.l.AbstractListenerFactoryBean    : org.springframework.batch.item.ItemProcessor is an interface. The implementing class will not be queried for annotation based listener configurations. If using @StepScope on a @Bean method, be sure to return the implementing class so listener annotations can be used.
2025-01-31T17:42:04.145+03:00  WARN 29191 --- [TaskExecutor-10] o.s.b.c.l.AbstractListenerFactoryBean    : org.springframework.batch.item.ItemProcessor is an interface. The implementing class will not be queried for annotation based listener configurations. If using @StepScope on a @Bean method, be sure to return the implementing class so listener annotations can be used.
2025-01-31T17:42:04.149+03:00  INFO 29191 --- [TaskExecutor-10] o.s.batch.core.job.SimpleStepHandler     : Executing step: [chunkStepForExcelToServiceJob]
2025-01-31T17:42:04.180+03:00  INFO 29191 --- [TaskExecutor-10] c.a.a.t.service.BookWriterService        : item writer for id: null and extra-param: 5
2025-01-31T17:42:04.180+03:00  INFO 29191 --- [TaskExecutor-10] c.a.a.t.service.BookWriterService        : item writer for id: null and extra-param: 5
2025-01-31T17:42:04.180+03:00  INFO 29191 --- [TaskExecutor-10] c.a.a.t.service.BookWriterService        : item writer for id: null and extra-param: 5
2025-01-31T17:42:04.183+03:00  INFO 29191 --- [TaskExecutor-10] c.a.a.t.service.BookWriterService        : item writer for id: null and extra-param: 5
2025-01-31T17:42:04.183+03:00  INFO 29191 --- [TaskExecutor-10] c.a.a.t.service.BookWriterService        : item writer for id: null and extra-param: 5
2025-01-31T17:42:04.183+03:00  INFO 29191 --- [TaskExecutor-10] c.a.a.t.service.BookWriterService        : item writer for id: null and extra-param: 5
2025-01-31T17:42:04.186+03:00  INFO 29191 --- [TaskExecutor-10] c.a.a.t.service.BookWriterService        : item writer for id: null and extra-param: 5
2025-01-31T17:42:04.186+03:00  INFO 29191 --- [TaskExecutor-10] c.a.a.t.service.BookWriterService        : item writer for id: null and extra-param: 5
2025-01-31T17:42:04.186+03:00  INFO 29191 --- [TaskExecutor-10] c.a.a.t.service.BookWriterService        : item writer for id: null and extra-param: 5
2025-01-31T17:42:04.190+03:00  INFO 29191 --- [TaskExecutor-10] c.a.a.t.service.BookWriterService        : item writer for id: null and extra-param: 5
2025-01-31T17:42:04.190+03:00  INFO 29191 --- [TaskExecutor-10] c.a.a.t.service.BookWriterService        : item writer for id: null and extra-param: 5
2025-01-31T17:42:04.190+03:00  INFO 29191 --- [TaskExecutor-10] c.a.a.t.service.BookWriterService        : item writer for id: null and extra-param: 5
2025-01-31T17:42:04.192+03:00  INFO 29191 --- [TaskExecutor-10] c.a.a.t.service.BookWriterService        : item writer for id: null and extra-param: 5
2025-01-31T17:42:04.192+03:00  INFO 29191 --- [TaskExecutor-10] c.a.a.t.service.BookWriterService        : item writer for id: null and extra-param: 5
2025-01-31T17:42:04.192+03:00  INFO 29191 --- [TaskExecutor-10] c.a.a.t.service.BookWriterService        : item writer for id: null and extra-param: 5
2025-01-31T17:42:04.194+03:00  INFO 29191 --- [TaskExecutor-10] c.a.a.t.service.BookWriterService        : item writer for id: null and extra-param: 5
2025-01-31T17:42:04.194+03:00  INFO 29191 --- [TaskExecutor-10] c.a.a.t.service.BookWriterService        : item writer for id: null and extra-param: 5
2025-01-31T17:42:04.195+03:00  INFO 29191 --- [TaskExecutor-10] c.a.a.t.service.BookWriterService        : item writer for id: null and extra-param: 5
2025-01-31T17:42:04.196+03:00  INFO 29191 --- [TaskExecutor-10] c.a.a.t.service.BookWriterService        : item writer for id: null and extra-param: 5
2025-01-31T17:42:04.196+03:00  INFO 29191 --- [TaskExecutor-10] c.a.a.t.service.BookWriterService        : item writer for id: null and extra-param: 5
2025-01-31T17:42:04.196+03:00  INFO 29191 --- [TaskExecutor-10] c.a.a.t.service.BookWriterService        : item writer for id: null and extra-param: 5
2025-01-31T17:42:04.199+03:00  INFO 29191 --- [TaskExecutor-10] c.a.a.t.service.BookWriterService        : item writer for id: null and extra-param: 5
2025-01-31T17:42:04.199+03:00  INFO 29191 --- [TaskExecutor-10] c.a.a.t.service.BookWriterService        : item writer for id: null and extra-param: 5
2025-01-31T17:42:04.199+03:00  INFO 29191 --- [TaskExecutor-10] c.a.a.t.service.BookWriterService        : item writer for id: null and extra-param: 5
2025-01-31T17:42:04.202+03:00  INFO 29191 --- [TaskExecutor-10] c.a.a.t.service.BookWriterService        : item writer for id: null and extra-param: 5
2025-01-31T17:42:04.202+03:00  INFO 29191 --- [TaskExecutor-10] c.a.a.t.service.BookWriterService        : item writer for id: null and extra-param: 5
2025-01-31T17:42:04.202+03:00  INFO 29191 --- [TaskExecutor-10] c.a.a.t.service.BookWriterService        : item writer for id: null and extra-param: 5
2025-01-31T17:42:04.228+03:00  INFO 29191 --- [TaskExecutor-10] c.a.a.t.service.BookWriterService        : item writer for id: null and extra-param: 5
2025-01-31T17:42:04.228+03:00  INFO 29191 --- [TaskExecutor-10] c.a.a.t.service.BookWriterService        : item writer for id: null and extra-param: 5
2025-01-31T17:42:04.228+03:00  INFO 29191 --- [TaskExecutor-10] c.a.a.t.service.BookWriterService        : item writer for id: null and extra-param: 5
2025-01-31T17:42:04.250+03:00  INFO 29191 --- [TaskExecutor-10] c.a.a.t.service.BookWriterService        : item writer for id: null and extra-param: 5
2025-01-31T17:42:04.250+03:00  INFO 29191 --- [TaskExecutor-10] c.a.a.t.service.BookWriterService        : item writer for id: null and extra-param: 5
2025-01-31T17:42:04.250+03:00  INFO 29191 --- [TaskExecutor-10] c.a.a.t.service.BookWriterService        : item writer for id: null and extra-param: 5
2025-01-31T17:42:04.292+03:00  INFO 29191 --- [TaskExecutor-10] c.a.a.t.service.BookWriterService        : item writer for id: null and extra-param: 5
2025-01-31T17:42:04.292+03:00  INFO 29191 --- [TaskExecutor-10] c.a.a.t.service.BookWriterService        : item writer for id: null and extra-param: 5
2025-01-31T17:42:04.292+03:00  INFO 29191 --- [TaskExecutor-10] c.a.a.t.service.BookWriterService        : item writer for id: null and extra-param: 5
2025-01-31T17:42:04.324+03:00  INFO 29191 --- [TaskExecutor-10] c.a.a.t.service.BookWriterService        : item writer for id: null and extra-param: 5
2025-01-31T17:42:04.324+03:00  INFO 29191 --- [TaskExecutor-10] c.a.a.t.service.BookWriterService        : item writer for id: null and extra-param: 5
2025-01-31T17:42:04.324+03:00  INFO 29191 --- [TaskExecutor-10] c.a.a.t.service.BookWriterService        : item writer for id: null and extra-param: 5
2025-01-31T17:42:04.325+03:00  INFO 29191 --- [TaskExecutor-10] c.a.a.t.service.BookWriterService        : item writer for id: null and extra-param: 5
2025-01-31T17:42:04.325+03:00  INFO 29191 --- [TaskExecutor-10] c.a.a.t.service.BookWriterService        : item writer for id: null and extra-param: 5
2025-01-31T17:42:04.325+03:00  INFO 29191 --- [TaskExecutor-10] c.a.a.t.service.BookWriterService        : item writer for id: null and extra-param: 5
2025-01-31T17:42:04.334+03:00  INFO 29191 --- [TaskExecutor-10] c.a.a.t.service.BookWriterService        : item writer for id: null and extra-param: 5
2025-01-31T17:42:04.334+03:00  INFO 29191 --- [TaskExecutor-10] c.a.a.t.service.BookWriterService        : item writer for id: null and extra-param: 5
2025-01-31T17:42:04.334+03:00  INFO 29191 --- [TaskExecutor-10] c.a.a.t.service.BookWriterService        : item writer for id: null and extra-param: 5
2025-01-31T17:42:04.335+03:00  INFO 29191 --- [TaskExecutor-10] c.a.a.t.service.BookWriterService        : item writer for id: null and extra-param: 5
2025-01-31T17:42:04.335+03:00  INFO 29191 --- [TaskExecutor-10] c.a.a.t.service.BookWriterService        : item writer for id: null and extra-param: 5
2025-01-31T17:42:04.335+03:00  INFO 29191 --- [TaskExecutor-10] c.a.a.t.service.BookWriterService        : item writer for id: null and extra-param: 5
2025-01-31T17:42:04.337+03:00  INFO 29191 --- [TaskExecutor-10] c.a.a.t.service.BookWriterService        : item writer for id: null and extra-param: 5
2025-01-31T17:42:04.337+03:00  INFO 29191 --- [TaskExecutor-10] c.a.a.t.service.BookWriterService        : item writer for id: null and extra-param: 5
2025-01-31T17:42:04.337+03:00  INFO 29191 --- [TaskExecutor-10] c.a.a.t.service.BookWriterService        : item writer for id: null and extra-param: 5
2025-01-31T17:42:04.338+03:00  INFO 29191 --- [TaskExecutor-10] c.a.a.t.service.BookWriterService        : item writer for id: null and extra-param: 5
2025-01-31T17:42:04.338+03:00  INFO 29191 --- [TaskExecutor-10] c.a.a.t.service.BookWriterService        : item writer for id: null and extra-param: 5
2025-01-31T17:42:04.338+03:00  INFO 29191 --- [TaskExecutor-10] c.a.a.t.service.BookWriterService        : item writer for id: null and extra-param: 5
2025-01-31T17:42:04.339+03:00  INFO 29191 --- [TaskExecutor-10] c.a.a.t.service.BookWriterService        : item writer for id: null and extra-param: 5
2025-01-31T17:42:04.339+03:00  INFO 29191 --- [TaskExecutor-10] c.a.a.t.service.BookWriterService        : item writer for id: null and extra-param: 5
2025-01-31T17:42:04.340+03:00  INFO 29191 --- [TaskExecutor-10] c.a.a.t.service.BookWriterService        : item writer for id: null and extra-param: 5
2025-01-31T17:42:04.341+03:00  INFO 29191 --- [TaskExecutor-10] c.a.a.t.service.BookWriterService        : item writer for id: null and extra-param: 5
2025-01-31T17:42:04.341+03:00  INFO 29191 --- [TaskExecutor-10] c.a.a.t.service.BookWriterService        : item writer for id: null and extra-param: 5
2025-01-31T17:42:04.341+03:00  INFO 29191 --- [TaskExecutor-10] c.a.a.t.service.BookWriterService        : item writer for id: null and extra-param: 5
2025-01-31T17:42:04.343+03:00  INFO 29191 --- [TaskExecutor-10] c.a.a.t.service.BookWriterService        : item writer for id: null and extra-param: 5
2025-01-31T17:42:04.343+03:00  INFO 29191 --- [TaskExecutor-10] c.a.a.t.service.BookWriterService        : item writer for id: null and extra-param: 5
[...]
2025-01-31T17:42:05.220+03:00  INFO 29191 --- [TaskExecutor-14] c.a.a.t.s.JobExecutionListenerService    : JobExecutionListener notified with new status: COMPLETED
2025-01-31T17:42:05.220+03:00  INFO 29191 --- [TaskExecutor-14] o.s.b.c.l.support.SimpleJobLauncher      : Job: [SimpleJob: [name=jobForControllerToCsvJob]] completed with the following parameters: [{'inputParamId':'{value=test-controller-to-csv-async, type=class java.lang.String, identifying=true}','inputParam':'{value=com.aril.arilbatchsdk.core.parameter.support.BatchJobParameterWrapper@7d87deb5, type=class com.aril.arilbatchsdk.core.parameter.support.BatchJobParameterWrapper, identifying=false}','jobExportFolder':'{value=2025/01/31, type=class java.lang.String, identifying=false}'}] and the following status: [COMPLETED] in 67ms
2025-01-31T17:42:05.257+03:00  INFO 29191 --- [           main] c.a.a.service.BaseJobLauncherTest        : StepExecution details with name: chunkStepForControllerToCsvJob read: 97 write: 97 skip: 0
2025-01-31T17:42:05.257+03:00  INFO 29191 --- [           main] c.a.a.service.BaseJobLauncherTest        : StepExecution details with name: fileUploaderForControllerToCsvJob read: 0 write: 0 skip: 0
2025-01-31T17:42:05.257+03:00  INFO 29191 --- [           main] c.a.a.service.BaseJobLauncherTest        : StepExecution details with name: tmpFileDeleteForControllerToCsvJob read: 0 write: 0 skip: 0
2025-01-31T17:42:05.257+03:00  INFO 29191 --- [           main] c.a.a.service.BaseJobLauncherTest        : StepExecution details with name: logStepForControllerToCsvJob read: 0 write: 0 skip: 0
2025-01-31T17:42:05.257+03:00  INFO 29191 --- [           main] c.a.a.service.BaseJobLauncherTest        : Job export-url is test-controller-to-csv-async
]]></system-out>
  </testcase>
  <testcase name="asyncBatchDbToServiceCall" classname="com.aril.arilbatchsdk.service.BatchAsyncJobLauncherServiceTest" time="0.146">
    <system-out><![CDATA[2025-01-31T17:42:05.300+03:00  INFO 29191 --- [           main] c.a.a.service.BaseJobLauncherTest        : Job started with id: 15 and paramId: test-db-to-service-async
2025-01-31T17:42:05.301+03:00  INFO 29191 --- [TaskExecutor-15] o.s.b.c.l.support.SimpleJobLauncher      : Job: [SimpleJob: [name=jobForDbToServiceJob]] launched with the following parameters: [{'inputParamId':'{value=test-db-to-service-async, type=class java.lang.String, identifying=true}','inputParam':'{value=com.aril.arilbatchsdk.core.parameter.support.BatchJobParameterWrapper@118e3547, type=class com.aril.arilbatchsdk.core.parameter.support.BatchJobParameterWrapper, identifying=false}','jobExportFolder':'{value=2025/01/31, type=class java.lang.String, identifying=false}'}]
2025-01-31T17:42:05.303+03:00  WARN 29191 --- [TaskExecutor-15] o.s.b.c.l.AbstractListenerFactoryBean    : org.springframework.batch.item.ItemProcessor is an interface. The implementing class will not be queried for annotation based listener configurations. If using @StepScope on a @Bean method, be sure to return the implementing class so listener annotations can be used.
2025-01-31T17:42:05.304+03:00  WARN 29191 --- [TaskExecutor-15] o.s.b.c.l.AbstractListenerFactoryBean    : org.springframework.batch.item.ItemProcessor is an interface. The implementing class will not be queried for annotation based listener configurations. If using @StepScope on a @Bean method, be sure to return the implementing class so listener annotations can be used.
2025-01-31T17:42:05.306+03:00  INFO 29191 --- [TaskExecutor-15] o.s.batch.core.job.SimpleStepHandler     : Executing step: [chunkStepForDbToServiceJob]
2025-01-31T17:42:05.314+03:00  INFO 29191 --- [TaskExecutor-15] c.a.a.t.service.BookWriterService        : item writer for id: 1401 and extra-param: 5
2025-01-31T17:42:05.314+03:00  INFO 29191 --- [TaskExecutor-15] c.a.a.t.service.BookWriterService        : item writer for id: 1402 and extra-param: 5
2025-01-31T17:42:05.314+03:00  INFO 29191 --- [TaskExecutor-15] c.a.a.t.service.BookWriterService        : item writer for id: 1403 and extra-param: 5
2025-01-31T17:42:05.317+03:00  INFO 29191 --- [TaskExecutor-15] c.a.a.t.service.BookWriterService        : item writer for id: 1404 and extra-param: 5
2025-01-31T17:42:05.318+03:00  INFO 29191 --- [TaskExecutor-15] c.a.a.t.service.BookWriterService        : item writer for id: 1405 and extra-param: 5
2025-01-31T17:42:05.319+03:00  INFO 29191 --- [TaskExecutor-15] c.a.a.t.service.BookWriterService        : item writer for id: 1406 and extra-param: 5
2025-01-31T17:42:05.322+03:00  INFO 29191 --- [TaskExecutor-15] c.a.a.t.service.BookWriterService        : item writer for id: 1407 and extra-param: 5
2025-01-31T17:42:05.322+03:00  INFO 29191 --- [TaskExecutor-15] c.a.a.t.service.BookWriterService        : item writer for id: 1408 and extra-param: 5
2025-01-31T17:42:05.322+03:00  INFO 29191 --- [TaskExecutor-15] c.a.a.t.service.BookWriterService        : item writer for id: 1409 and extra-param: 5
2025-01-31T17:42:05.324+03:00  INFO 29191 --- [TaskExecutor-15] c.a.a.t.service.BookWriterService        : item writer for id: 1410 and extra-param: 5
2025-01-31T17:42:05.324+03:00  INFO 29191 --- [TaskExecutor-15] c.a.a.t.service.BookWriterService        : item writer for id: 1411 and extra-param: 5
2025-01-31T17:42:05.324+03:00  INFO 29191 --- [TaskExecutor-15] c.a.a.t.service.BookWriterService        : item writer for id: 1412 and extra-param: 5
2025-01-31T17:42:05.326+03:00  INFO 29191 --- [TaskExecutor-15] c.a.a.t.service.BookWriterService        : item writer for id: 1413 and extra-param: 5
2025-01-31T17:42:05.326+03:00  INFO 29191 --- [TaskExecutor-15] c.a.a.t.service.BookWriterService        : item writer for id: 1414 and extra-param: 5
2025-01-31T17:42:05.326+03:00  INFO 29191 --- [TaskExecutor-15] c.a.a.t.service.BookWriterService        : item writer for id: 1415 and extra-param: 5
2025-01-31T17:42:05.327+03:00  INFO 29191 --- [TaskExecutor-15] c.a.a.t.service.BookWriterService        : item writer for id: 1416 and extra-param: 5
2025-01-31T17:42:05.327+03:00  INFO 29191 --- [TaskExecutor-15] c.a.a.t.service.BookWriterService        : item writer for id: 1417 and extra-param: 5
2025-01-31T17:42:05.327+03:00  INFO 29191 --- [TaskExecutor-15] c.a.a.t.service.BookWriterService        : item writer for id: 1418 and extra-param: 5
2025-01-31T17:42:05.329+03:00  INFO 29191 --- [TaskExecutor-15] c.a.a.t.service.BookWriterService        : item writer for id: 1419 and extra-param: 5
2025-01-31T17:42:05.329+03:00  INFO 29191 --- [TaskExecutor-15] c.a.a.t.service.BookWriterService        : item writer for id: 1420 and extra-param: 5
2025-01-31T17:42:05.329+03:00  INFO 29191 --- [TaskExecutor-15] c.a.a.t.service.BookWriterService        : item writer for id: 1421 and extra-param: 5
2025-01-31T17:42:05.334+03:00  INFO 29191 --- [TaskExecutor-15] c.a.a.t.service.BookWriterService        : item writer for id: 1422 and extra-param: 5
2025-01-31T17:42:05.334+03:00  INFO 29191 --- [TaskExecutor-15] c.a.a.t.service.BookWriterService        : item writer for id: 1423 and extra-param: 5
2025-01-31T17:42:05.334+03:00  INFO 29191 --- [TaskExecutor-15] c.a.a.t.service.BookWriterService        : item writer for id: 1424 and extra-param: 5
2025-01-31T17:42:05.339+03:00  INFO 29191 --- [TaskExecutor-15] c.a.a.t.service.BookWriterService        : item writer for id: 1425 and extra-param: 5
2025-01-31T17:42:05.339+03:00  INFO 29191 --- [TaskExecutor-15] c.a.a.t.service.BookWriterService        : item writer for id: 1426 and extra-param: 5
2025-01-31T17:42:05.339+03:00  INFO 29191 --- [TaskExecutor-15] c.a.a.t.service.BookWriterService        : item writer for id: 1427 and extra-param: 5
2025-01-31T17:42:05.342+03:00  INFO 29191 --- [TaskExecutor-15] c.a.a.t.service.BookWriterService        : item writer for id: 1428 and extra-param: 5
2025-01-31T17:42:05.342+03:00  INFO 29191 --- [TaskExecutor-15] c.a.a.t.service.BookWriterService        : item writer for id: 1429 and extra-param: 5
2025-01-31T17:42:05.342+03:00  INFO 29191 --- [TaskExecutor-15] c.a.a.t.service.BookWriterService        : item writer for id: 1430 and extra-param: 5
2025-01-31T17:42:05.344+03:00  INFO 29191 --- [TaskExecutor-15] c.a.a.t.service.BookWriterService        : item writer for id: 1431 and extra-param: 5
2025-01-31T17:42:05.344+03:00  INFO 29191 --- [TaskExecutor-15] c.a.a.t.service.BookWriterService        : item writer for id: 1432 and extra-param: 5
2025-01-31T17:42:05.344+03:00  INFO 29191 --- [TaskExecutor-15] c.a.a.t.service.BookWriterService        : item writer for id: 1433 and extra-param: 5
2025-01-31T17:42:05.346+03:00  INFO 29191 --- [TaskExecutor-15] c.a.a.t.service.BookWriterService        : item writer for id: 1434 and extra-param: 5
2025-01-31T17:42:05.347+03:00  INFO 29191 --- [TaskExecutor-15] c.a.a.t.service.BookWriterService        : item writer for id: 1435 and extra-param: 5
2025-01-31T17:42:05.347+03:00  INFO 29191 --- [TaskExecutor-15] c.a.a.t.service.BookWriterService        : item writer for id: 1436 and extra-param: 5
2025-01-31T17:42:05.349+03:00  INFO 29191 --- [TaskExecutor-15] c.a.a.t.service.BookWriterService        : item writer for id: 1437 and extra-param: 5
2025-01-31T17:42:05.349+03:00  INFO 29191 --- [TaskExecutor-15] c.a.a.t.service.BookWriterService        : item writer for id: 1438 and extra-param: 5
2025-01-31T17:42:05.349+03:00  INFO 29191 --- [TaskExecutor-15] c.a.a.t.service.BookWriterService        : item writer for id: 1439 and extra-param: 5
2025-01-31T17:42:05.351+03:00  INFO 29191 --- [TaskExecutor-15] c.a.a.t.service.BookWriterService        : item writer for id: 1440 and extra-param: 5
2025-01-31T17:42:05.351+03:00  INFO 29191 --- [TaskExecutor-15] c.a.a.t.service.BookWriterService        : item writer for id: 1441 and extra-param: 5
2025-01-31T17:42:05.351+03:00  INFO 29191 --- [TaskExecutor-15] c.a.a.t.service.BookWriterService        : item writer for id: 1442 and extra-param: 5
2025-01-31T17:42:05.353+03:00  INFO 29191 --- [TaskExecutor-15] c.a.a.t.service.BookWriterService        : item writer for id: 1443 and extra-param: 5
2025-01-31T17:42:05.353+03:00  INFO 29191 --- [TaskExecutor-15] c.a.a.t.service.BookWriterService        : item writer for id: 1444 and extra-param: 5
2025-01-31T17:42:05.354+03:00  INFO 29191 --- [TaskExecutor-15] c.a.a.t.service.BookWriterService        : item writer for id: 1445 and extra-param: 5
2025-01-31T17:42:05.364+03:00  INFO 29191 --- [TaskExecutor-15] c.a.a.t.service.BookWriterService        : item writer for id: 1446 and extra-param: 5
2025-01-31T17:42:05.364+03:00  INFO 29191 --- [TaskExecutor-15] c.a.a.t.service.BookWriterService        : item writer for id: 1447 and extra-param: 5
2025-01-31T17:42:05.365+03:00  INFO 29191 --- [TaskExecutor-15] c.a.a.t.service.BookWriterService        : item writer for id: 1448 and extra-param: 5
2025-01-31T17:42:05.370+03:00  INFO 29191 --- [TaskExecutor-15] c.a.a.t.service.BookWriterService        : item writer for id: 1449 and extra-param: 5
2025-01-31T17:42:05.370+03:00  INFO 29191 --- [TaskExecutor-15] c.a.a.t.service.BookWriterService        : item writer for id: 1450 and extra-param: 5
2025-01-31T17:42:05.370+03:00  INFO 29191 --- [TaskExecutor-15] c.a.a.t.service.BookWriterService        : item writer for id: 1451 and extra-param: 5
2025-01-31T17:42:05.375+03:00  INFO 29191 --- [TaskExecutor-15] c.a.a.t.service.BookWriterService        : item writer for id: 1452 and extra-param: 5
2025-01-31T17:42:05.375+03:00  INFO 29191 --- [TaskExecutor-15] c.a.a.t.service.BookWriterService        : item writer for id: 1453 and extra-param: 5
2025-01-31T17:42:05.375+03:00  INFO 29191 --- [TaskExecutor-15] c.a.a.t.service.BookWriterService        : item writer for id: 1454 and extra-param: 5
2025-01-31T17:42:05.377+03:00  INFO 29191 --- [TaskExecutor-15] c.a.a.t.service.BookWriterService        : item writer for id: 1455 and extra-param: 5
2025-01-31T17:42:05.377+03:00  INFO 29191 --- [TaskExecutor-15] c.a.a.t.service.BookWriterService        : item writer for id: 1456 and extra-param: 5
2025-01-31T17:42:05.377+03:00  INFO 29191 --- [TaskExecutor-15] c.a.a.t.service.BookWriterService        : item writer for id: 1457 and extra-param: 5
2025-01-31T17:42:05.381+03:00  INFO 29191 --- [TaskExecutor-15] c.a.a.t.service.BookWriterService        : item writer for id: 1458 and extra-param: 5
2025-01-31T17:42:05.382+03:00  INFO 29191 --- [TaskExecutor-15] c.a.a.t.service.BookWriterService        : item writer for id: 1459 and extra-param: 5
2025-01-31T17:42:05.382+03:00  INFO 29191 --- [TaskExecutor-15] c.a.a.t.service.BookWriterService        : item writer for id: 1460 and extra-param: 5
2025-01-31T17:42:05.384+03:00  INFO 29191 --- [TaskExecutor-15] c.a.a.t.service.BookWriterService        : item writer for id: 1461 and extra-param: 5
2025-01-31T17:42:05.384+03:00  INFO 29191 --- [TaskExecutor-15] c.a.a.t.service.BookWriterService        : item writer for id: 1462 and extra-param: 5
2025-01-31T17:42:05.384+03:00  INFO 29191 --- [TaskExecutor-15] c.a.a.t.service.BookWriterService        : item writer for id: 1463 and extra-param: 5
2025-01-31T17:42:05.385+03:00  INFO 29191 --- [TaskExecutor-15] c.a.a.t.service.BookWriterService        : item writer for id: 1464 and extra-param: 5
2025-01-31T17:42:05.385+03:00  INFO 29191 --- [TaskExecutor-15] c.a.a.t.service.BookWriterService        : item writer for id: 1465 and extra-param: 5
2025-01-31T17:42:05.385+03:00  INFO 29191 --- [TaskExecutor-15] c.a.a.t.service.BookWriterService        : item writer for id: 1466 and extra-param: 5
2025-01-31T17:42:05.388+03:00  INFO 29191 --- [TaskExecutor-15] c.a.a.t.service.BookWriterService        : item writer for id: 1467 and extra-param: 5
2025-01-31T17:42:05.388+03:00  INFO 29191 --- [TaskExecutor-15] c.a.a.t.service.BookWriterService        : item writer for id: 1468 and extra-param: 5
2025-01-31T17:42:05.388+03:00  INFO 29191 --- [TaskExecutor-15] c.a.a.t.service.BookWriterService        : item writer for id: 1469 and extra-param: 5
2025-01-31T17:42:05.390+03:00  INFO 29191 --- [TaskExecutor-15] c.a.a.t.service.BookWriterService        : item writer for id: 1470 and extra-param: 5
2025-01-31T17:42:05.390+03:00  INFO 29191 --- [TaskExecutor-15] c.a.a.t.service.BookWriterService        : item writer for id: 1471 and extra-param: 5
2025-01-31T17:42:05.390+03:00  INFO 29191 --- [TaskExecutor-15] c.a.a.t.service.BookWriterService        : item writer for id: 1472 and extra-param: 5
2025-01-31T17:42:05.391+03:00  INFO 29191 --- [TaskExecutor-15] c.a.a.t.service.BookWriterService        : item writer for id: 1473 and extra-param: 5
2025-01-31T17:42:05.391+03:00  INFO 29191 --- [TaskExecutor-15] c.a.a.t.service.BookWriterService        : item writer for id: 1474 and extra-param: 5
2025-01-31T17:42:05.391+03:00  INFO 29191 --- [TaskExecutor-15] c.a.a.t.service.BookWriterService        : item writer for id: 1475 and extra-param: 5
2025-01-31T17:42:05.392+03:00  INFO 29191 --- [TaskExecutor-15] c.a.a.t.service.BookWriterService        : item writer for id: 1476 and extra-param: 5
2025-01-31T17:42:05.392+03:00  INFO 29191 --- [TaskExecutor-15] c.a.a.t.service.BookWriterService        : item writer for id: 1477 and extra-param: 5
2025-01-31T17:42:05.392+03:00  INFO 29191 --- [TaskExecutor-15] c.a.a.t.service.BookWriterService        : item writer for id: 1478 and extra-param: 5
2025-01-31T17:42:05.393+03:00  INFO 29191 --- [TaskExecutor-15] c.a.a.t.service.BookWriterService        : item writer for id: 1479 and extra-param: 5
2025-01-31T17:42:05.393+03:00  INFO 29191 --- [TaskExecutor-15] c.a.a.t.service.BookWriterService        : item writer for id: 1480 and extra-param: 5
2025-01-31T17:42:05.393+03:00  INFO 29191 --- [TaskExecutor-15] c.a.a.t.service.BookWriterService        : item writer for id: 1481 and extra-param: 5
2025-01-31T17:42:05.394+03:00  INFO 29191 --- [TaskExecutor-15] c.a.a.t.service.BookWriterService        : item writer for id: 1482 and extra-param: 5
2025-01-31T17:42:05.394+03:00  INFO 29191 --- [TaskExecutor-15] c.a.a.t.service.BookWriterService        : item writer for id: 1483 and extra-param: 5
2025-01-31T17:42:05.394+03:00  INFO 29191 --- [TaskExecutor-15] c.a.a.t.service.BookWriterService        : item writer for id: 1484 and extra-param: 5
2025-01-31T17:42:05.395+03:00  INFO 29191 --- [TaskExecutor-15] c.a.a.t.service.BookWriterService        : item writer for id: 1485 and extra-param: 5
2025-01-31T17:42:05.395+03:00  INFO 29191 --- [TaskExecutor-15] c.a.a.t.service.BookWriterService        : item writer for id: 1486 and extra-param: 5
2025-01-31T17:42:05.395+03:00  INFO 29191 --- [TaskExecutor-15] c.a.a.t.service.BookWriterService        : item writer for id: 1487 and extra-param: 5
2025-01-31T17:42:05.396+03:00  INFO 29191 --- [TaskExecutor-15] c.a.a.t.service.BookWriterService        : item writer for id: 1488 and extra-param: 5
2025-01-31T17:42:05.396+03:00  INFO 29191 --- [TaskExecutor-15] c.a.a.t.service.BookWriterService        : item writer for id: 1489 and extra-param: 5
2025-01-31T17:42:05.396+03:00  INFO 29191 --- [TaskExecutor-15] c.a.a.t.service.BookWriterService        : item writer for id: 1490 and extra-param: 5
2025-01-31T17:42:05.398+03:00  INFO 29191 --- [TaskExecutor-15] c.a.a.t.service.BookWriterService        : item writer for id: 1491 and extra-param: 5
2025-01-31T17:42:05.398+03:00  INFO 29191 --- [TaskExecutor-15] c.a.a.t.service.BookWriterService        : item writer for id: 1492 and extra-param: 5
2025-01-31T17:42:05.398+03:00  INFO 29191 --- [TaskExecutor-15] c.a.a.t.service.BookWriterService        : item writer for id: 1493 and extra-param: 5
2025-01-31T17:42:05.399+03:00  INFO 29191 --- [TaskExecutor-15] c.a.a.t.service.BookWriterService        : item writer for id: 1494 and extra-param: 5
2025-01-31T17:42:05.399+03:00  INFO 29191 --- [TaskExecutor-15] c.a.a.t.service.BookWriterService        : item writer for id: 1495 and extra-param: 5
2025-01-31T17:42:05.399+03:00  INFO 29191 --- [TaskExecutor-15] c.a.a.t.service.BookWriterService        : item writer for id: 1496 and extra-param: 5
2025-01-31T17:42:05.400+03:00  INFO 29191 --- [TaskExecutor-15] c.a.a.t.service.BookWriterService        : item writer for id: 1497 and extra-param: 5
2025-01-31T17:42:05.400+03:00  INFO 29191 --- [TaskExecutor-15] c.a.a.t.service.BookWriterService        : item writer for id: 1498 and extra-param: 5
2025-01-31T17:42:05.400+03:00  INFO 29191 --- [TaskExecutor-15] c.a.a.t.service.BookWriterService        : item writer for id: 1499 and extra-param: 5
2025-01-31T17:42:05.401+03:00  INFO 29191 --- [TaskExecutor-15] c.a.a.t.service.BookWriterService        : item writer for id: 1500 and extra-param: 5
2025-01-31T17:42:05.404+03:00  INFO 29191 --- [TaskExecutor-15] o.s.batch.core.step.AbstractStep         : Step: [chunkStepForDbToServiceJob] executed in 97ms
2025-01-31T17:42:05.404+03:00  INFO 29191 --- [TaskExecutor-15] c.a.a.t.s.JobExecutionListenerService    : JobExecutionListener notified with new status: COMPLETED
2025-01-31T17:42:05.405+03:00  INFO 29191 --- [TaskExecutor-15] o.s.b.c.l.support.SimpleJobLauncher      : Job: [SimpleJob: [name=jobForDbToServiceJob]] completed with the following parameters: [{'inputParamId':'{value=test-db-to-service-async, type=class java.lang.String, identifying=true}','inputParam':'{value=com.aril.arilbatchsdk.core.parameter.support.BatchJobParameterWrapper@118e3547, type=class com.aril.arilbatchsdk.core.parameter.support.BatchJobParameterWrapper, identifying=false}','jobExportFolder':'{value=2025/01/31, type=class java.lang.String, identifying=false}'}] and the following status: [COMPLETED] in 103ms
2025-01-31T17:42:05.407+03:00  INFO 29191 --- [           main] c.a.a.service.BaseJobLauncherTest        : StepExecution details with name: chunkStepForDbToServiceJob read: 100 write: 100 skip: 0
]]></system-out>
  </testcase>
</testsuite>